mode: atomic
github.com/nskaggs/perfuncted/clipboard/clipboard.go:28.40,29.24 1 0
github.com/nskaggs/perfuncted/clipboard/clipboard.go:29.24,31.3 1 0
github.com/nskaggs/perfuncted/clipboard/clipboard.go:32.2,32.12 1 0
github.com/nskaggs/perfuncted/clipboard/clipboard.go:35.58,36.43 1 0
github.com/nskaggs/perfuncted/clipboard/clipboard.go:36.43,38.3 1 0
github.com/nskaggs/perfuncted/clipboard/clipboard.go:39.2,39.29 1 0
github.com/nskaggs/perfuncted/clipboard/clipboard.go:42.61,43.43 1 0
github.com/nskaggs/perfuncted/clipboard/clipboard.go:43.43,45.3 1 0
github.com/nskaggs/perfuncted/clipboard/clipboard.go:46.2,46.35 1 0
github.com/nskaggs/perfuncted/clipboard/clipboard.go:50.29,52.56 1 3
github.com/nskaggs/perfuncted/clipboard/clipboard.go:52.56,53.58 1 1
github.com/nskaggs/perfuncted/clipboard/clipboard.go:53.58,58.4 1 1
github.com/nskaggs/perfuncted/clipboard/clipboard.go:61.2,61.54 1 2
github.com/nskaggs/perfuncted/clipboard/clipboard.go:61.54,66.3 1 1
github.com/nskaggs/perfuncted/clipboard/clipboard.go:67.2,67.37 1 1
github.com/nskaggs/perfuncted/clipboard/clipboard.go:75.68,79.34 4 0
github.com/nskaggs/perfuncted/clipboard/clipboard.go:79.34,81.3 1 0
github.com/nskaggs/perfuncted/clipboard/clipboard.go:82.2,82.26 1 0
github.com/nskaggs/perfuncted/clipboard/clipboard.go:85.71,88.34 3 0
github.com/nskaggs/perfuncted/clipboard/clipboard.go:88.34,90.3 1 0
github.com/nskaggs/perfuncted/clipboard/clipboard.go:91.2,91.12 1 0
github.com/nskaggs/perfuncted/clipboard/clipboard.go:94.41,94.55 1 0
github.com/nskaggs/perfuncted/pftest/pftest.go:33.94,34.18 1 1
github.com/nskaggs/perfuncted/pftest/pftest.go:34.18,36.3 1 0
github.com/nskaggs/perfuncted/pftest/pftest.go:37.2,39.24 3 1
github.com/nskaggs/perfuncted/pftest/pftest.go:39.24,41.13 2 0
github.com/nskaggs/perfuncted/pftest/pftest.go:41.13,43.4 1 0
github.com/nskaggs/perfuncted/pftest/pftest.go:44.3,44.13 1 0
github.com/nskaggs/perfuncted/pftest/pftest.go:44.13,46.4 1 0
github.com/nskaggs/perfuncted/pftest/pftest.go:47.3,47.52 1 0
github.com/nskaggs/perfuncted/pftest/pftest.go:49.2,50.29 2 1
github.com/nskaggs/perfuncted/pftest/pftest.go:50.29,52.3 1 0
github.com/nskaggs/perfuncted/pftest/pftest.go:53.2,53.15 1 1
github.com/nskaggs/perfuncted/pftest/pftest.go:56.75,58.16 2 0
github.com/nskaggs/perfuncted/pftest/pftest.go:58.16,60.3 1 0
github.com/nskaggs/perfuncted/pftest/pftest.go:61.2,61.38 1 0
github.com/nskaggs/perfuncted/pftest/pftest.go:64.56,65.23 1 0
github.com/nskaggs/perfuncted/pftest/pftest.go:65.23,68.3 2 0
github.com/nskaggs/perfuncted/pftest/pftest.go:69.2,69.31 1 0
github.com/nskaggs/perfuncted/pftest/pftest.go:72.33,76.2 3 0
github.com/nskaggs/perfuncted/pftest/pftest.go:78.39,78.53 1 0
github.com/nskaggs/perfuncted/pftest/pftest.go:80.53,82.25 2 1
github.com/nskaggs/perfuncted/pftest/pftest.go:82.25,83.26 1 8
github.com/nskaggs/perfuncted/pftest/pftest.go:83.26,85.4 1 64
github.com/nskaggs/perfuncted/pftest/pftest.go:87.2,87.12 1 1
github.com/nskaggs/perfuncted/pftest/pftest.go:99.37,103.2 3 1
github.com/nskaggs/perfuncted/pftest/pftest.go:105.67,108.2 2 0
github.com/nskaggs/perfuncted/pftest/pftest.go:109.65,109.104 2 0
github.com/nskaggs/perfuncted/pftest/pftest.go:110.66,113.2 2 0
github.com/nskaggs/perfuncted/pftest/pftest.go:114.64,114.103 2 0
github.com/nskaggs/perfuncted/pftest/pftest.go:115.64,115.103 2 0
github.com/nskaggs/perfuncted/pftest/pftest.go:116.64,116.101 2 0
github.com/nskaggs/perfuncted/pftest/pftest.go:117.63,120.2 2 0
github.com/nskaggs/perfuncted/pftest/pftest.go:121.65,124.2 2 0
github.com/nskaggs/perfuncted/pftest/pftest.go:125.65,128.2 2 0
github.com/nskaggs/perfuncted/pftest/pftest.go:129.66,132.2 2 0
github.com/nskaggs/perfuncted/pftest/pftest.go:133.67,136.2 2 0
github.com/nskaggs/perfuncted/pftest/pftest.go:137.71,140.2 2 0
github.com/nskaggs/perfuncted/pftest/pftest.go:141.68,144.2 2 1
github.com/nskaggs/perfuncted/pftest/pftest.go:145.34,145.48 1 0
github.com/nskaggs/perfuncted/pftest/pftest.go:147.35,151.28 4 0
github.com/nskaggs/perfuncted/pftest/pftest.go:151.28,152.49 1 0
github.com/nskaggs/perfuncted/pftest/pftest.go:152.49,154.4 1 0
github.com/nskaggs/perfuncted/pftest/pftest.go:156.2,156.19 1 0
github.com/nskaggs/perfuncted/pftest/pftest.go:159.28,163.2 3 0
github.com/nskaggs/perfuncted/pftest/pftest.go:178.68,179.18 1 0
github.com/nskaggs/perfuncted/pftest/pftest.go:179.18,181.3 1 0
github.com/nskaggs/perfuncted/pftest/pftest.go:182.2,184.23 3 0
github.com/nskaggs/perfuncted/pftest/pftest.go:184.23,186.3 1 0
github.com/nskaggs/perfuncted/pftest/pftest.go:187.2,188.32 2 0
github.com/nskaggs/perfuncted/pftest/pftest.go:188.32,190.3 1 0
github.com/nskaggs/perfuncted/pftest/pftest.go:191.2,191.15 1 0
github.com/nskaggs/perfuncted/pftest/pftest.go:194.69,195.18 1 0
github.com/nskaggs/perfuncted/pftest/pftest.go:195.18,197.3 1 0
github.com/nskaggs/perfuncted/pftest/pftest.go:198.2,201.12 4 0
github.com/nskaggs/perfuncted/pftest/pftest.go:204.68,205.34 1 0
github.com/nskaggs/perfuncted/pftest/pftest.go:205.34,207.3 1 0
github.com/nskaggs/perfuncted/pftest/pftest.go:208.2,208.18 1 0
github.com/nskaggs/perfuncted/pftest/pftest.go:208.18,210.3 1 0
github.com/nskaggs/perfuncted/pftest/pftest.go:211.2,213.24 3 0
github.com/nskaggs/perfuncted/pftest/pftest.go:213.24,215.3 1 0
github.com/nskaggs/perfuncted/pftest/pftest.go:216.2,217.34 2 0
github.com/nskaggs/perfuncted/pftest/pftest.go:217.34,219.3 1 0
github.com/nskaggs/perfuncted/pftest/pftest.go:220.2,220.15 1 0
github.com/nskaggs/perfuncted/pftest/pftest.go:223.89,225.2 1 0
github.com/nskaggs/perfuncted/pftest/pftest.go:227.77,227.93 1 0
github.com/nskaggs/perfuncted/pftest/pftest.go:228.77,228.93 1 0
github.com/nskaggs/perfuncted/pftest/pftest.go:229.77,229.93 1 0
github.com/nskaggs/perfuncted/pftest/pftest.go:230.77,230.93 1 0
github.com/nskaggs/perfuncted/pftest/pftest.go:231.77,231.93 1 0
github.com/nskaggs/perfuncted/pftest/pftest.go:232.77,232.91 1 0
github.com/nskaggs/perfuncted/pftest/pftest.go:234.27,240.2 5 0
github.com/nskaggs/perfuncted/pftest/pftest.go:250.65,250.92 1 1
github.com/nskaggs/perfuncted/pftest/pftest.go:251.65,251.99 2 0
github.com/nskaggs/perfuncted/pftest/pftest.go:252.65,252.79 1 0
github.com/nskaggs/perfuncted/pftest/pftest.go:256.122,258.15 2 2
github.com/nskaggs/perfuncted/pftest/pftest.go:258.15,260.3 1 1
github.com/nskaggs/perfuncted/pftest/pftest.go:261.2,261.16 1 2
github.com/nskaggs/perfuncted/pftest/pftest.go:261.16,263.3 1 1
github.com/nskaggs/perfuncted/pftest/pftest.go:264.2,264.16 1 2
github.com/nskaggs/perfuncted/pftest/pftest.go:264.16,266.3 1 1
github.com/nskaggs/perfuncted/pftest/pftest.go:267.2,267.15 1 2
github.com/nskaggs/perfuncted/pftest/pftest.go:267.15,269.3 1 1
github.com/nskaggs/perfuncted/pftest/pftest.go:270.2,270.11 1 2
github.com/nskaggs/perfuncted/find/find.go:29.47,29.73 1 140
github.com/nskaggs/perfuncted/find/find.go:36.56,37.20 1 142
github.com/nskaggs/perfuncted/find/find.go:37.20,39.3 1 127
github.com/nskaggs/perfuncted/find/find.go:40.2,44.39 3 142
github.com/nskaggs/perfuncted/find/find.go:44.39,45.38 1 142
github.com/nskaggs/perfuncted/find/find.go:45.38,49.4 3 1252
github.com/nskaggs/perfuncted/find/find.go:50.3,50.19 1 142
github.com/nskaggs/perfuncted/find/find.go:54.2,56.37 3 0
github.com/nskaggs/perfuncted/find/find.go:56.37,60.3 3 0
github.com/nskaggs/perfuncted/find/find.go:61.2,61.18 1 0
github.com/nskaggs/perfuncted/find/find.go:65.108,67.16 2 106
github.com/nskaggs/perfuncted/find/find.go:67.16,69.3 1 0
github.com/nskaggs/perfuncted/find/find.go:70.2,70.37 1 106
github.com/nskaggs/perfuncted/find/find.go:74.98,76.16 2 1
github.com/nskaggs/perfuncted/find/find.go:76.16,78.3 1 0
github.com/nskaggs/perfuncted/find/find.go:79.2,80.76 2 1
github.com/nskaggs/perfuncted/find/find.go:84.97,87.16 3 1
github.com/nskaggs/perfuncted/find/find.go:87.16,89.3 1 0
github.com/nskaggs/perfuncted/find/find.go:90.2,91.76 2 1
github.com/nskaggs/perfuncted/find/find.go:103.140,104.6 1 5
github.com/nskaggs/perfuncted/find/find.go:104.6,106.17 2 97
github.com/nskaggs/perfuncted/find/find.go:106.17,108.4 1 0
github.com/nskaggs/perfuncted/find/find.go:109.3,109.16 1 97
github.com/nskaggs/perfuncted/find/find.go:109.16,111.4 1 2
github.com/nskaggs/perfuncted/find/find.go:112.3,112.10 1 95
github.com/nskaggs/perfuncted/find/find.go:113.21,114.85 1 3
github.com/nskaggs/perfuncted/find/find.go:115.27,115.27 0 92
github.com/nskaggs/perfuncted/find/find.go:123.149,124.6 1 2
github.com/nskaggs/perfuncted/find/find.go:124.6,126.17 2 6
github.com/nskaggs/perfuncted/find/find.go:126.17,128.4 1 0
github.com/nskaggs/perfuncted/find/find.go:129.3,129.19 1 6
github.com/nskaggs/perfuncted/find/find.go:129.19,131.4 1 1
github.com/nskaggs/perfuncted/find/find.go:132.3,132.10 1 5
github.com/nskaggs/perfuncted/find/find.go:133.21,134.108 1 1
github.com/nskaggs/perfuncted/find/find.go:135.27,135.27 0 4
github.com/nskaggs/perfuncted/find/find.go:147.147,148.17 1 2
github.com/nskaggs/perfuncted/find/find.go:148.17,150.3 1 0
github.com/nskaggs/perfuncted/find/find.go:151.2,156.6 5 2
github.com/nskaggs/perfuncted/find/find.go:156.6,158.17 2 13
github.com/nskaggs/perfuncted/find/find.go:158.17,160.4 1 0
github.com/nskaggs/perfuncted/find/find.go:166.3,168.37 3 13
github.com/nskaggs/perfuncted/find/find.go:168.37,172.11 4 9
github.com/nskaggs/perfuncted/find/find.go:173.22,174.150 1 1
github.com/nskaggs/perfuncted/find/find.go:175.28,175.28 0 8
github.com/nskaggs/perfuncted/find/find.go:177.4,177.12 1 8
github.com/nskaggs/perfuncted/find/find.go:179.3,183.16 4 4
github.com/nskaggs/perfuncted/find/find.go:183.16,185.24 2 2
github.com/nskaggs/perfuncted/find/find.go:185.24,187.5 1 1
github.com/nskaggs/perfuncted/find/find.go:188.9,191.4 2 2
github.com/nskaggs/perfuncted/find/find.go:192.3,192.10 1 3
github.com/nskaggs/perfuncted/find/find.go:193.21,194.149 1 0
github.com/nskaggs/perfuncted/find/find.go:195.27,195.27 0 3
github.com/nskaggs/perfuncted/find/find.go:208.146,209.30 1 1
github.com/nskaggs/perfuncted/find/find.go:209.30,211.3 1 0
github.com/nskaggs/perfuncted/find/find.go:214.2,216.26 3 1
github.com/nskaggs/perfuncted/find/find.go:216.26,219.3 2 2
github.com/nskaggs/perfuncted/find/find.go:220.2,223.6 3 1
github.com/nskaggs/perfuncted/find/find.go:223.6,224.14 1 1
github.com/nskaggs/perfuncted/find/find.go:224.14,227.18 2 1
github.com/nskaggs/perfuncted/find/find.go:227.18,229.5 1 0
github.com/nskaggs/perfuncted/find/find.go:230.4,233.11 2 1
github.com/nskaggs/perfuncted/find/find.go:233.11,235.5 1 0
github.com/nskaggs/perfuncted/find/find.go:235.10,236.32 1 1
github.com/nskaggs/perfuncted/find/find.go:236.32,245.23 3 1
github.com/nskaggs/perfuncted/find/find.go:245.23,247.7 1 1
github.com/nskaggs/perfuncted/find/find.go:251.3,251.15 1 0
github.com/nskaggs/perfuncted/find/find.go:251.15,252.31 1 0
github.com/nskaggs/perfuncted/find/find.go:252.31,254.19 2 0
github.com/nskaggs/perfuncted/find/find.go:254.19,256.6 1 0
github.com/nskaggs/perfuncted/find/find.go:257.5,257.22 1 0
github.com/nskaggs/perfuncted/find/find.go:257.22,259.6 1 0
github.com/nskaggs/perfuncted/find/find.go:262.3,262.10 1 0
github.com/nskaggs/perfuncted/find/find.go:263.21,264.80 1 0
github.com/nskaggs/perfuncted/find/find.go:265.27,265.27 0 0
github.com/nskaggs/perfuncted/find/find.go:276.56,278.2 1 1
github.com/nskaggs/perfuncted/find/find.go:282.133,284.16 2 2
github.com/nskaggs/perfuncted/find/find.go:284.16,286.3 1 0
github.com/nskaggs/perfuncted/find/find.go:288.2,291.44 3 2
github.com/nskaggs/perfuncted/find/find.go:291.44,293.3 1 0
github.com/nskaggs/perfuncted/find/find.go:298.2,303.20 4 2
github.com/nskaggs/perfuncted/find/find.go:303.20,312.49 3 2
github.com/nskaggs/perfuncted/find/find.go:312.49,313.50 1 16
github.com/nskaggs/perfuncted/find/find.go:313.50,316.93 3 264
github.com/nskaggs/perfuncted/find/find.go:316.93,317.14 1 262
github.com/nskaggs/perfuncted/find/find.go:319.5,319.38 1 2
github.com/nskaggs/perfuncted/find/find.go:319.38,321.6 1 2
github.com/nskaggs/perfuncted/find/find.go:324.3,324.70 1 0
github.com/nskaggs/perfuncted/find/find.go:327.2,327.48 1 0
github.com/nskaggs/perfuncted/find/find.go:327.48,328.49 1 0
github.com/nskaggs/perfuncted/find/find.go:328.49,329.70 1 0
github.com/nskaggs/perfuncted/find/find.go:329.70,330.13 1 0
github.com/nskaggs/perfuncted/find/find.go:332.4,332.37 1 0
github.com/nskaggs/perfuncted/find/find.go:332.37,334.5 1 0
github.com/nskaggs/perfuncted/find/find.go:337.2,337.69 1 0
github.com/nskaggs/perfuncted/find/find.go:340.53,347.20 4 4
github.com/nskaggs/perfuncted/find/find.go:347.20,349.32 2 4
github.com/nskaggs/perfuncted/find/find.go:349.32,352.82 3 9
github.com/nskaggs/perfuncted/find/find.go:352.82,354.5 1 1
github.com/nskaggs/perfuncted/find/find.go:356.3,356.14 1 3
github.com/nskaggs/perfuncted/find/find.go:360.2,360.31 1 0
github.com/nskaggs/perfuncted/find/find.go:360.31,361.32 1 0
github.com/nskaggs/perfuncted/find/find.go:361.32,364.20 3 0
github.com/nskaggs/perfuncted/find/find.go:364.20,366.5 1 0
github.com/nskaggs/perfuncted/find/find.go:369.2,369.13 1 0
github.com/nskaggs/perfuncted/find/find.go:374.193,375.20 1 1
github.com/nskaggs/perfuncted/find/find.go:375.20,377.3 1 1
github.com/nskaggs/perfuncted/find/find.go:378.2,385.6 2 1
github.com/nskaggs/perfuncted/find/find.go:385.6,387.17 2 1
github.com/nskaggs/perfuncted/find/find.go:387.17,389.4 1 0
github.com/nskaggs/perfuncted/find/find.go:391.3,396.10 3 1
github.com/nskaggs/perfuncted/find/find.go:396.10,397.44 1 1
github.com/nskaggs/perfuncted/find/find.go:397.44,398.45 1 3
github.com/nskaggs/perfuncted/find/find.go:398.45,402.28 4 13
github.com/nskaggs/perfuncted/find/find.go:402.28,404.7 1 1
github.com/nskaggs/perfuncted/find/find.go:407.9,409.4 1 0
github.com/nskaggs/perfuncted/find/find.go:411.3,411.10 1 0
github.com/nskaggs/perfuncted/find/find.go:412.21,413.88 1 0
github.com/nskaggs/perfuncted/find/find.go:414.27,414.27 0 0
github.com/nskaggs/perfuncted/find/find.go:422.110,427.39 2 2
github.com/nskaggs/perfuncted/find/find.go:427.39,428.38 1 2
github.com/nskaggs/perfuncted/find/find.go:428.38,430.39 2 8
github.com/nskaggs/perfuncted/find/find.go:430.39,434.48 2 68
github.com/nskaggs/perfuncted/find/find.go:434.48,436.6 1 2
github.com/nskaggs/perfuncted/find/find.go:437.5,437.13 1 66
github.com/nskaggs/perfuncted/find/find.go:440.3,440.30 1 0
github.com/nskaggs/perfuncted/find/find.go:444.2,444.37 1 0
github.com/nskaggs/perfuncted/find/find.go:444.37,445.38 1 0
github.com/nskaggs/perfuncted/find/find.go:445.38,447.40 2 0
github.com/nskaggs/perfuncted/find/find.go:447.40,449.5 1 0
github.com/nskaggs/perfuncted/find/find.go:452.2,452.29 1 0
github.com/nskaggs/perfuncted/find/find.go:458.132,460.16 2 2
github.com/nskaggs/perfuncted/find/find.go:460.16,462.3 1 0
github.com/nskaggs/perfuncted/find/find.go:463.2,463.59 1 2
github.com/nskaggs/perfuncted/find/find.go:463.59,465.3 1 2
github.com/nskaggs/perfuncted/find/find.go:466.2,466.130 1 0
github.com/nskaggs/perfuncted/find/find.go:469.48,473.2 1 0
github.com/nskaggs/perfuncted/find/find.go:475.21,476.11 1 72
github.com/nskaggs/perfuncted/find/find.go:476.11,478.3 1 68
github.com/nskaggs/perfuncted/find/find.go:479.2,479.10 1 4
github.com/nskaggs/perfuncted/find/find.go:485.155,486.6 1 1
github.com/nskaggs/perfuncted/find/find.go:486.6,488.17 2 1
github.com/nskaggs/perfuncted/find/find.go:488.17,490.4 1 1
github.com/nskaggs/perfuncted/find/find.go:491.3,491.10 1 0
github.com/nskaggs/perfuncted/find/find.go:492.21,493.106 1 0
github.com/nskaggs/perfuncted/find/find.go:494.27,494.27 0 0
github.com/nskaggs/perfuncted/find/find.go:503.145,504.6 1 2
github.com/nskaggs/perfuncted/find/find.go:504.6,506.17 2 6
github.com/nskaggs/perfuncted/find/find.go:506.17,508.4 1 0
github.com/nskaggs/perfuncted/find/find.go:509.3,509.14 1 6
github.com/nskaggs/perfuncted/find/find.go:509.14,511.4 1 1
github.com/nskaggs/perfuncted/find/find.go:512.3,512.10 1 5
github.com/nskaggs/perfuncted/find/find.go:513.21,514.98 1 1
github.com/nskaggs/perfuncted/find/find.go:515.27,515.27 0 4
github.com/nskaggs/perfuncted/internal/env/env.go:11.71,13.33 2 0
github.com/nskaggs/perfuncted/internal/env/env.go:13.33,17.37 1 0
github.com/nskaggs/perfuncted/internal/env/env.go:17.37,18.12 1 0
github.com/nskaggs/perfuncted/internal/env/env.go:20.3,20.33 1 0
github.com/nskaggs/perfuncted/internal/env/env.go:22.2,30.17 2 0
github.com/nskaggs/perfuncted/internal/env/env.go:37.56,38.24 1 2
github.com/nskaggs/perfuncted/internal/env/env.go:38.24,43.3 3 0
github.com/nskaggs/perfuncted/internal/env/env.go:45.2,47.30 3 2
github.com/nskaggs/perfuncted/internal/env/env.go:47.30,49.12 2 3
github.com/nskaggs/perfuncted/internal/env/env.go:49.12,51.33 1 0
github.com/nskaggs/perfuncted/internal/env/env.go:51.33,53.5 1 0
github.com/nskaggs/perfuncted/internal/env/env.go:54.4,55.12 2 0
github.com/nskaggs/perfuncted/internal/env/env.go:57.3,59.31 3 3
github.com/nskaggs/perfuncted/internal/env/env.go:59.31,61.4 1 3
github.com/nskaggs/perfuncted/internal/env/env.go:62.3,62.17 1 3
github.com/nskaggs/perfuncted/internal/env/env.go:65.2,67.26 3 2
github.com/nskaggs/perfuncted/internal/env/env.go:67.26,69.12 2 5
github.com/nskaggs/perfuncted/internal/env/env.go:69.12,72.12 2 0
github.com/nskaggs/perfuncted/internal/env/env.go:74.3,75.36 2 5
github.com/nskaggs/perfuncted/internal/env/env.go:75.36,77.12 1 2
github.com/nskaggs/perfuncted/internal/env/env.go:79.3,80.17 2 3
github.com/nskaggs/perfuncted/internal/env/env.go:83.2,83.29 1 2
github.com/nskaggs/perfuncted/internal/env/env.go:83.29,87.3 3 3
github.com/nskaggs/perfuncted/internal/env/env.go:88.2,88.12 1 2
github.com/nskaggs/perfuncted/internal/util/util.go:23.140,26.69 3 1
github.com/nskaggs/perfuncted/internal/util/util.go:26.69,29.3 2 2
github.com/nskaggs/perfuncted/internal/util/util.go:30.2,30.16 1 1
github.com/nskaggs/perfuncted/internal/util/util.go:30.16,32.3 1 0
github.com/nskaggs/perfuncted/internal/util/util.go:33.2,33.18 1 1
github.com/nskaggs/perfuncted/internal/util/util.go:38.125,44.16 4 1
github.com/nskaggs/perfuncted/internal/util/util.go:44.16,46.3 1 0
github.com/nskaggs/perfuncted/internal/util/util.go:47.2,48.16 2 1
github.com/nskaggs/perfuncted/internal/util/util.go:49.19,51.17 2 1
github.com/nskaggs/perfuncted/internal/util/util.go:51.17,53.4 1 0
github.com/nskaggs/perfuncted/internal/util/util.go:54.3,54.64 1 1
github.com/nskaggs/perfuncted/internal/util/util.go:55.10,56.70 1 0
github.com/nskaggs/perfuncted/internal/util/util.go:62.64,65.2 2 2
github.com/nskaggs/perfuncted/perfuncted.go:40.58,47.17 2 0
github.com/nskaggs/perfuncted/perfuncted.go:47.17,49.17 2 0
github.com/nskaggs/perfuncted/perfuncted.go:49.17,51.4 1 0
github.com/nskaggs/perfuncted/perfuncted.go:52.3,54.32 3 0
github.com/nskaggs/perfuncted/perfuncted.go:56.2,56.17 1 0
github.com/nskaggs/perfuncted/perfuncted.go:59.45,64.29 4 0
github.com/nskaggs/perfuncted/perfuncted.go:64.29,66.3 1 0
github.com/nskaggs/perfuncted/perfuncted.go:67.2,67.30 1 0
github.com/nskaggs/perfuncted/perfuncted.go:67.30,69.3 1 0
github.com/nskaggs/perfuncted/perfuncted.go:70.2,70.34 1 0
github.com/nskaggs/perfuncted/perfuncted.go:70.34,72.3 1 0
github.com/nskaggs/perfuncted/perfuncted.go:74.2,74.16 1 0
github.com/nskaggs/perfuncted/perfuncted.go:74.16,78.3 3 0
github.com/nskaggs/perfuncted/perfuncted.go:81.78,83.16 2 0
github.com/nskaggs/perfuncted/perfuncted.go:83.16,85.3 1 0
github.com/nskaggs/perfuncted/perfuncted.go:86.2,86.23 1 0
github.com/nskaggs/perfuncted/perfuncted.go:86.23,88.3 1 0
github.com/nskaggs/perfuncted/perfuncted.go:89.2,89.22 1 0
github.com/nskaggs/perfuncted/perfuncted.go:89.22,91.3 1 0
github.com/nskaggs/perfuncted/perfuncted.go:93.2,95.16 3 0
github.com/nskaggs/perfuncted/perfuncted.go:95.16,97.3 1 0
github.com/nskaggs/perfuncted/perfuncted.go:98.2,99.31 2 0
github.com/nskaggs/perfuncted/perfuncted.go:99.31,100.40 1 0
github.com/nskaggs/perfuncted/perfuncted.go:100.40,102.9 2 0
github.com/nskaggs/perfuncted/perfuncted.go:105.2,105.20 1 0
github.com/nskaggs/perfuncted/perfuncted.go:105.20,107.3 1 0
github.com/nskaggs/perfuncted/perfuncted.go:109.2,109.71 1 0
github.com/nskaggs/perfuncted/perfuncted.go:112.63,117.52 4 0
github.com/nskaggs/perfuncted/perfuncted.go:117.52,122.3 4 0
github.com/nskaggs/perfuncted/perfuncted.go:124.2,126.24 3 0
github.com/nskaggs/perfuncted/perfuncted.go:134.46,135.28 1 8
github.com/nskaggs/perfuncted/perfuncted.go:135.28,137.3 1 0
github.com/nskaggs/perfuncted/perfuncted.go:138.2,138.12 1 8
github.com/nskaggs/perfuncted/perfuncted.go:141.70,143.2 1 1
github.com/nskaggs/perfuncted/perfuncted.go:145.98,146.43 1 3
github.com/nskaggs/perfuncted/perfuncted.go:146.43,148.3 1 0
github.com/nskaggs/perfuncted/perfuncted.go:149.2,149.52 1 3
github.com/nskaggs/perfuncted/perfuncted.go:149.52,151.3 1 0
github.com/nskaggs/perfuncted/perfuncted.go:152.2,152.55 1 3
github.com/nskaggs/perfuncted/perfuncted.go:155.54,157.2 1 1
github.com/nskaggs/perfuncted/perfuncted.go:159.80,160.43 1 1
github.com/nskaggs/perfuncted/perfuncted.go:160.43,162.3 1 0
github.com/nskaggs/perfuncted/perfuncted.go:163.2,163.42 1 1
github.com/nskaggs/perfuncted/perfuncted.go:166.71,168.2 1 0
github.com/nskaggs/perfuncted/perfuncted.go:170.99,171.43 1 0
github.com/nskaggs/perfuncted/perfuncted.go:171.43,173.3 1 0
github.com/nskaggs/perfuncted/perfuncted.go:174.2,174.40 1 0
github.com/nskaggs/perfuncted/perfuncted.go:177.55,179.2 1 0
github.com/nskaggs/perfuncted/perfuncted.go:181.81,183.2 1 0
github.com/nskaggs/perfuncted/perfuncted.go:185.78,187.16 2 0
github.com/nskaggs/perfuncted/perfuncted.go:187.16,189.3 1 0
github.com/nskaggs/perfuncted/perfuncted.go:190.2,191.16 2 0
github.com/nskaggs/perfuncted/perfuncted.go:191.16,193.3 1 0
github.com/nskaggs/perfuncted/perfuncted.go:194.2,195.27 2 0
github.com/nskaggs/perfuncted/perfuncted.go:198.62,199.43 1 1
github.com/nskaggs/perfuncted/perfuncted.go:199.43,201.3 1 0
github.com/nskaggs/perfuncted/perfuncted.go:202.2,203.16 2 1
github.com/nskaggs/perfuncted/perfuncted.go:203.16,205.3 1 0
github.com/nskaggs/perfuncted/perfuncted.go:206.2,206.15 1 1
github.com/nskaggs/perfuncted/perfuncted.go:209.85,211.2 1 1
github.com/nskaggs/perfuncted/perfuncted.go:213.113,214.43 1 1
github.com/nskaggs/perfuncted/perfuncted.go:214.43,216.3 1 0
github.com/nskaggs/perfuncted/perfuncted.go:217.2,218.27 2 1
github.com/nskaggs/perfuncted/perfuncted.go:218.27,220.17 2 1
github.com/nskaggs/perfuncted/perfuncted.go:220.17,222.4 1 0
github.com/nskaggs/perfuncted/perfuncted.go:223.3,223.13 1 1
github.com/nskaggs/perfuncted/perfuncted.go:225.2,225.17 1 1
github.com/nskaggs/perfuncted/perfuncted.go:228.77,230.2 1 1
github.com/nskaggs/perfuncted/perfuncted.go:232.123,234.2 1 0
github.com/nskaggs/perfuncted/perfuncted.go:236.151,237.43 1 0
github.com/nskaggs/perfuncted/perfuncted.go:237.43,239.3 1 0
github.com/nskaggs/perfuncted/perfuncted.go:240.2,240.61 1 0
github.com/nskaggs/perfuncted/perfuncted.go:243.117,245.2 1 0
github.com/nskaggs/perfuncted/perfuncted.go:247.145,248.43 1 1
github.com/nskaggs/perfuncted/perfuncted.go:248.43,250.3 1 0
github.com/nskaggs/perfuncted/perfuncted.go:251.2,252.16 2 1
github.com/nskaggs/perfuncted/perfuncted.go:252.16,254.3 1 0
github.com/nskaggs/perfuncted/perfuncted.go:255.2,256.16 2 1
github.com/nskaggs/perfuncted/perfuncted.go:256.16,258.3 1 0
github.com/nskaggs/perfuncted/perfuncted.go:259.2,259.38 1 1
github.com/nskaggs/perfuncted/perfuncted.go:259.38,261.3 1 1
github.com/nskaggs/perfuncted/perfuncted.go:262.2,262.15 1 0
github.com/nskaggs/perfuncted/perfuncted.go:265.108,267.2 1 0
github.com/nskaggs/perfuncted/perfuncted.go:269.136,270.43 1 0
github.com/nskaggs/perfuncted/perfuncted.go:270.43,272.3 1 0
github.com/nskaggs/perfuncted/perfuncted.go:273.2,273.77 1 0
github.com/nskaggs/perfuncted/perfuncted.go:276.122,278.2 1 0
github.com/nskaggs/perfuncted/perfuncted.go:280.150,281.43 1 1
github.com/nskaggs/perfuncted/perfuncted.go:281.43,283.3 1 0
github.com/nskaggs/perfuncted/perfuncted.go:284.2,285.16 2 1
github.com/nskaggs/perfuncted/perfuncted.go:285.16,287.3 1 0
github.com/nskaggs/perfuncted/perfuncted.go:288.2,289.93 2 1
github.com/nskaggs/perfuncted/perfuncted.go:289.93,291.3 1 0
github.com/nskaggs/perfuncted/perfuncted.go:292.2,292.76 1 1
github.com/nskaggs/perfuncted/perfuncted.go:295.105,297.2 1 0
github.com/nskaggs/perfuncted/perfuncted.go:299.139,300.43 1 0
github.com/nskaggs/perfuncted/perfuncted.go:300.43,302.3 1 0
github.com/nskaggs/perfuncted/perfuncted.go:303.2,303.70 1 0
github.com/nskaggs/perfuncted/perfuncted.go:306.127,308.2 1 0
github.com/nskaggs/perfuncted/perfuncted.go:310.161,311.43 1 0
github.com/nskaggs/perfuncted/perfuncted.go:311.43,313.3 1 0
github.com/nskaggs/perfuncted/perfuncted.go:314.2,314.78 1 0
github.com/nskaggs/perfuncted/perfuncted.go:317.141,319.2 1 0
github.com/nskaggs/perfuncted/perfuncted.go:321.169,322.43 1 0
github.com/nskaggs/perfuncted/perfuncted.go:322.43,324.3 1 0
github.com/nskaggs/perfuncted/perfuncted.go:325.2,325.84 1 0
github.com/nskaggs/perfuncted/perfuncted.go:328.110,330.2 1 0
github.com/nskaggs/perfuncted/perfuncted.go:332.138,333.43 1 0
github.com/nskaggs/perfuncted/perfuncted.go:333.43,335.3 1 0
github.com/nskaggs/perfuncted/perfuncted.go:336.2,336.70 1 0
github.com/nskaggs/perfuncted/perfuncted.go:339.109,341.2 1 0
github.com/nskaggs/perfuncted/perfuncted.go:343.137,344.43 1 0
github.com/nskaggs/perfuncted/perfuncted.go:344.43,346.3 1 0
github.com/nskaggs/perfuncted/perfuncted.go:347.2,347.76 1 0
github.com/nskaggs/perfuncted/perfuncted.go:350.111,352.2 1 0
github.com/nskaggs/perfuncted/perfuncted.go:354.139,355.43 1 0
github.com/nskaggs/perfuncted/perfuncted.go:355.43,357.3 1 0
github.com/nskaggs/perfuncted/perfuncted.go:358.2,358.75 1 0
github.com/nskaggs/perfuncted/perfuncted.go:361.102,363.2 1 0
github.com/nskaggs/perfuncted/perfuncted.go:365.130,366.43 1 0
github.com/nskaggs/perfuncted/perfuncted.go:366.43,368.3 1 0
github.com/nskaggs/perfuncted/perfuncted.go:369.2,369.66 1 0
github.com/nskaggs/perfuncted/perfuncted.go:372.113,374.2 1 0
github.com/nskaggs/perfuncted/perfuncted.go:376.141,377.43 1 0
github.com/nskaggs/perfuncted/perfuncted.go:377.43,379.3 1 0
github.com/nskaggs/perfuncted/perfuncted.go:380.2,380.68 1 0
github.com/nskaggs/perfuncted/perfuncted.go:383.54,384.43 1 0
github.com/nskaggs/perfuncted/perfuncted.go:384.43,386.3 1 0
github.com/nskaggs/perfuncted/perfuncted.go:387.2,387.43 1 0
github.com/nskaggs/perfuncted/perfuncted.go:395.45,396.23 1 8
github.com/nskaggs/perfuncted/perfuncted.go:396.23,398.3 1 0
github.com/nskaggs/perfuncted/perfuncted.go:399.2,399.12 1 8
github.com/nskaggs/perfuncted/perfuncted.go:402.46,404.2 1 0
github.com/nskaggs/perfuncted/perfuncted.go:406.74,407.43 1 0
github.com/nskaggs/perfuncted/perfuncted.go:407.43,409.3 1 0
github.com/nskaggs/perfuncted/perfuncted.go:410.2,410.35 1 0
github.com/nskaggs/perfuncted/perfuncted.go:413.76,414.23 1 1
github.com/nskaggs/perfuncted/perfuncted.go:414.23,416.3 1 0
github.com/nskaggs/perfuncted/perfuncted.go:417.2,417.25 1 1
github.com/nskaggs/perfuncted/perfuncted.go:417.25,418.74 1 5
github.com/nskaggs/perfuncted/perfuncted.go:418.74,420.4 1 0
github.com/nskaggs/perfuncted/perfuncted.go:421.3,421.20 1 5
github.com/nskaggs/perfuncted/perfuncted.go:423.2,423.12 1 1
github.com/nskaggs/perfuncted/perfuncted.go:426.47,428.2 1 2
github.com/nskaggs/perfuncted/perfuncted.go:430.75,431.43 1 2
github.com/nskaggs/perfuncted/perfuncted.go:431.43,433.3 1 0
github.com/nskaggs/perfuncted/perfuncted.go:434.2,434.36 1 2
github.com/nskaggs/perfuncted/perfuncted.go:437.48,439.2 1 0
github.com/nskaggs/perfuncted/perfuncted.go:441.76,442.43 1 0
github.com/nskaggs/perfuncted/perfuncted.go:442.43,444.3 1 0
github.com/nskaggs/perfuncted/perfuncted.go:445.2,445.37 1 0
github.com/nskaggs/perfuncted/perfuncted.go:448.46,450.2 1 0
github.com/nskaggs/perfuncted/perfuncted.go:452.74,453.43 1 0
github.com/nskaggs/perfuncted/perfuncted.go:453.43,455.3 1 0
github.com/nskaggs/perfuncted/perfuncted.go:456.2,456.35 1 0
github.com/nskaggs/perfuncted/perfuncted.go:459.53,461.2 1 3
github.com/nskaggs/perfuncted/perfuncted.go:463.81,464.43 1 3
github.com/nskaggs/perfuncted/perfuncted.go:464.43,466.3 1 0
github.com/nskaggs/perfuncted/perfuncted.go:467.2,467.42 1 3
github.com/nskaggs/perfuncted/perfuncted.go:470.57,472.2 1 1
github.com/nskaggs/perfuncted/perfuncted.go:474.85,475.43 1 1
github.com/nskaggs/perfuncted/perfuncted.go:475.43,477.3 1 0
github.com/nskaggs/perfuncted/perfuncted.go:478.2,478.49 1 1
github.com/nskaggs/perfuncted/perfuncted.go:481.62,482.43 1 0
github.com/nskaggs/perfuncted/perfuncted.go:482.43,484.3 1 0
github.com/nskaggs/perfuncted/perfuncted.go:485.2,486.61 2 0
github.com/nskaggs/perfuncted/perfuncted.go:489.50,490.43 1 1
github.com/nskaggs/perfuncted/perfuncted.go:490.43,492.3 1 0
github.com/nskaggs/perfuncted/perfuncted.go:493.2,493.73 1 1
github.com/nskaggs/perfuncted/perfuncted.go:493.73,495.3 1 0
github.com/nskaggs/perfuncted/perfuncted.go:496.2,496.77 1 1
github.com/nskaggs/perfuncted/perfuncted.go:496.77,498.3 1 0
github.com/nskaggs/perfuncted/perfuncted.go:499.2,499.61 1 1
github.com/nskaggs/perfuncted/perfuncted.go:502.48,504.2 1 0
github.com/nskaggs/perfuncted/perfuncted.go:506.76,507.43 1 0
github.com/nskaggs/perfuncted/perfuncted.go:507.43,509.3 1 0
github.com/nskaggs/perfuncted/perfuncted.go:510.2,510.40 1 0
github.com/nskaggs/perfuncted/perfuncted.go:513.43,515.2 1 0
github.com/nskaggs/perfuncted/perfuncted.go:517.50,519.2 1 0
github.com/nskaggs/perfuncted/perfuncted.go:521.78,522.43 1 0
github.com/nskaggs/perfuncted/perfuncted.go:522.43,524.3 1 0
github.com/nskaggs/perfuncted/perfuncted.go:525.2,525.42 1 0
github.com/nskaggs/perfuncted/perfuncted.go:528.48,530.2 1 0
github.com/nskaggs/perfuncted/perfuncted.go:532.76,533.43 1 0
github.com/nskaggs/perfuncted/perfuncted.go:533.43,535.3 1 0
github.com/nskaggs/perfuncted/perfuncted.go:536.2,536.40 1 0
github.com/nskaggs/perfuncted/perfuncted.go:539.49,541.2 1 0
github.com/nskaggs/perfuncted/perfuncted.go:543.77,544.43 1 0
github.com/nskaggs/perfuncted/perfuncted.go:544.43,546.3 1 0
github.com/nskaggs/perfuncted/perfuncted.go:547.2,547.41 1 0
github.com/nskaggs/perfuncted/perfuncted.go:550.51,552.2 1 0
github.com/nskaggs/perfuncted/perfuncted.go:554.79,555.43 1 0
github.com/nskaggs/perfuncted/perfuncted.go:555.43,557.3 1 0
github.com/nskaggs/perfuncted/perfuncted.go:558.2,558.43 1 0
github.com/nskaggs/perfuncted/perfuncted.go:561.51,563.2 1 0
github.com/nskaggs/perfuncted/perfuncted.go:565.79,566.43 1 0
github.com/nskaggs/perfuncted/perfuncted.go:566.43,568.3 1 0
github.com/nskaggs/perfuncted/perfuncted.go:569.2,569.43 1 0
github.com/nskaggs/perfuncted/perfuncted.go:572.52,574.2 1 0
github.com/nskaggs/perfuncted/perfuncted.go:576.80,577.43 1 0
github.com/nskaggs/perfuncted/perfuncted.go:577.43,579.3 1 0
github.com/nskaggs/perfuncted/perfuncted.go:580.2,580.44 1 0
github.com/nskaggs/perfuncted/perfuncted.go:583.47,584.12 1 0
github.com/nskaggs/perfuncted/perfuncted.go:584.12,586.3 1 0
github.com/nskaggs/perfuncted/perfuncted.go:586.8,586.19 1 0
github.com/nskaggs/perfuncted/perfuncted.go:586.19,588.3 1 0
github.com/nskaggs/perfuncted/perfuncted.go:589.2,589.12 1 0
github.com/nskaggs/perfuncted/perfuncted.go:589.12,591.3 1 0
github.com/nskaggs/perfuncted/perfuncted.go:591.8,591.19 1 0
github.com/nskaggs/perfuncted/perfuncted.go:591.19,593.3 1 0
github.com/nskaggs/perfuncted/perfuncted.go:594.2,594.12 1 0
github.com/nskaggs/perfuncted/perfuncted.go:597.60,598.43 1 1
github.com/nskaggs/perfuncted/perfuncted.go:598.43,600.3 1 0
github.com/nskaggs/perfuncted/perfuncted.go:601.2,601.75 1 1
github.com/nskaggs/perfuncted/perfuncted.go:601.75,603.3 1 0
github.com/nskaggs/perfuncted/perfuncted.go:604.2,604.70 1 1
github.com/nskaggs/perfuncted/perfuncted.go:604.70,606.3 1 0
github.com/nskaggs/perfuncted/perfuncted.go:607.2,607.75 1 1
github.com/nskaggs/perfuncted/perfuncted.go:607.75,609.3 1 0
github.com/nskaggs/perfuncted/perfuncted.go:610.2,610.52 1 1
github.com/nskaggs/perfuncted/perfuncted.go:613.53,615.2 1 1
github.com/nskaggs/perfuncted/perfuncted.go:616.51,618.2 1 1
github.com/nskaggs/perfuncted/perfuncted.go:620.48,620.69 1 2
github.com/nskaggs/perfuncted/perfuncted.go:622.46,622.60 1 1
github.com/nskaggs/perfuncted/perfuncted.go:629.46,630.22 1 7
github.com/nskaggs/perfuncted/perfuncted.go:630.22,632.3 1 0
github.com/nskaggs/perfuncted/perfuncted.go:633.2,633.12 1 7
github.com/nskaggs/perfuncted/perfuncted.go:636.54,637.43 1 1
github.com/nskaggs/perfuncted/perfuncted.go:637.43,639.3 1 0
github.com/nskaggs/perfuncted/perfuncted.go:640.2,640.58 1 1
github.com/nskaggs/perfuncted/perfuncted.go:643.53,644.43 1 0
github.com/nskaggs/perfuncted/perfuncted.go:644.43,646.3 1 0
github.com/nskaggs/perfuncted/perfuncted.go:647.2,647.52 1 0
github.com/nskaggs/perfuncted/perfuncted.go:650.57,651.43 1 0
github.com/nskaggs/perfuncted/perfuncted.go:651.43,653.3 1 0
github.com/nskaggs/perfuncted/perfuncted.go:654.2,654.61 1 0
github.com/nskaggs/perfuncted/perfuncted.go:657.71,658.43 1 1
github.com/nskaggs/perfuncted/perfuncted.go:658.43,660.3 1 0
github.com/nskaggs/perfuncted/perfuncted.go:661.2,661.71 1 1
github.com/nskaggs/perfuncted/perfuncted.go:664.54,665.43 1 1
github.com/nskaggs/perfuncted/perfuncted.go:665.43,667.3 1 0
github.com/nskaggs/perfuncted/perfuncted.go:668.2,668.58 1 1
github.com/nskaggs/perfuncted/perfuncted.go:671.54,672.43 1 1
github.com/nskaggs/perfuncted/perfuncted.go:672.43,674.3 1 0
github.com/nskaggs/perfuncted/perfuncted.go:675.2,675.58 1 1
github.com/nskaggs/perfuncted/perfuncted.go:678.53,679.43 1 1
github.com/nskaggs/perfuncted/perfuncted.go:679.43,681.3 1 0
github.com/nskaggs/perfuncted/perfuncted.go:682.2,682.58 1 1
github.com/nskaggs/perfuncted/perfuncted.go:685.109,686.43 1 0
github.com/nskaggs/perfuncted/perfuncted.go:686.43,688.3 1 0
github.com/nskaggs/perfuncted/perfuncted.go:689.2,689.54 1 0
github.com/nskaggs/perfuncted/perfuncted.go:692.99,693.43 1 0
github.com/nskaggs/perfuncted/perfuncted.go:693.43,695.3 1 0
github.com/nskaggs/perfuncted/perfuncted.go:696.2,696.59 1 0
github.com/nskaggs/perfuncted/perfuncted.go:699.99,700.43 1 0
github.com/nskaggs/perfuncted/perfuncted.go:700.43,702.3 1 0
github.com/nskaggs/perfuncted/perfuncted.go:703.2,704.16 2 0
github.com/nskaggs/perfuncted/perfuncted.go:704.16,706.3 1 0
github.com/nskaggs/perfuncted/perfuncted.go:707.2,707.6 1 0
github.com/nskaggs/perfuncted/perfuncted.go:707.6,709.39 2 0
github.com/nskaggs/perfuncted/perfuncted.go:709.39,711.4 1 0
github.com/nskaggs/perfuncted/perfuncted.go:712.3,712.10 1 0
github.com/nskaggs/perfuncted/perfuncted.go:713.21,714.24 1 0
github.com/nskaggs/perfuncted/perfuncted.go:715.27,715.27 0 0
github.com/nskaggs/perfuncted/perfuncted.go:720.54,721.43 1 0
github.com/nskaggs/perfuncted/perfuncted.go:721.43,723.3 1 0
github.com/nskaggs/perfuncted/perfuncted.go:724.2,725.19 2 0
github.com/nskaggs/perfuncted/perfuncted.go:728.72,729.43 1 0
github.com/nskaggs/perfuncted/perfuncted.go:729.43,731.3 1 0
github.com/nskaggs/perfuncted/perfuncted.go:732.2,732.69 1 0
github.com/nskaggs/perfuncted/perfuncted.go:735.76,736.43 1 1
github.com/nskaggs/perfuncted/perfuncted.go:736.43,738.3 1 0
github.com/nskaggs/perfuncted/perfuncted.go:739.2,740.16 2 1
github.com/nskaggs/perfuncted/perfuncted.go:740.16,742.3 1 1
github.com/nskaggs/perfuncted/perfuncted.go:743.2,743.70 1 0
github.com/nskaggs/perfuncted/perfuncted.go:746.63,747.43 1 1
github.com/nskaggs/perfuncted/perfuncted.go:747.43,749.3 1 0
github.com/nskaggs/perfuncted/perfuncted.go:750.2,751.16 2 1
github.com/nskaggs/perfuncted/perfuncted.go:751.16,753.3 1 1
github.com/nskaggs/perfuncted/perfuncted.go:754.2,754.27 1 0
github.com/nskaggs/perfuncted/perfuncted.go:762.49,763.24 1 4
github.com/nskaggs/perfuncted/perfuncted.go:763.24,765.3 1 0
github.com/nskaggs/perfuncted/perfuncted.go:766.2,766.12 1 4
github.com/nskaggs/perfuncted/perfuncted.go:769.48,770.43 1 1
github.com/nskaggs/perfuncted/perfuncted.go:770.43,772.3 1 0
github.com/nskaggs/perfuncted/perfuncted.go:773.2,773.46 1 1
github.com/nskaggs/perfuncted/perfuncted.go:776.49,777.43 1 3
github.com/nskaggs/perfuncted/perfuncted.go:777.43,779.3 1 0
github.com/nskaggs/perfuncted/perfuncted.go:780.2,780.52 1 3
github.com/nskaggs/perfuncted/perfuncted.go:783.77,784.36 1 2
github.com/nskaggs/perfuncted/perfuncted.go:784.36,786.3 1 0
github.com/nskaggs/perfuncted/perfuncted.go:787.2,787.33 1 2
github.com/nskaggs/perfuncted/perfuncted.go:798.47,800.2 1 1
github.com/nskaggs/perfuncted/perfuncted.go:802.45,804.16 2 0
github.com/nskaggs/perfuncted/perfuncted.go:804.16,806.3 1 0
github.com/nskaggs/perfuncted/perfuncted.go:807.2,810.32 3 0
github.com/nskaggs/perfuncted/perfuncted.go:810.32,812.3 1 0
github.com/nskaggs/perfuncted/perfuncted.go:814.2,815.16 2 0
github.com/nskaggs/perfuncted/perfuncted.go:815.16,817.3 1 0
github.com/nskaggs/perfuncted/perfuncted.go:818.2,819.16 2 0
github.com/nskaggs/perfuncted/perfuncted.go:819.16,822.3 2 0
github.com/nskaggs/perfuncted/perfuncted.go:823.2,824.16 2 0
github.com/nskaggs/perfuncted/perfuncted.go:824.16,828.3 3 0
github.com/nskaggs/perfuncted/perfuncted.go:829.2,830.16 2 0
github.com/nskaggs/perfuncted/perfuncted.go:830.16,835.3 4 0
github.com/nskaggs/perfuncted/perfuncted.go:837.2,842.8 1 0
github.com/nskaggs/perfuncted/perfuncted.go:845.36,847.35 2 1
github.com/nskaggs/perfuncted/perfuncted.go:847.35,849.3 1 1
github.com/nskaggs/perfuncted/perfuncted.go:850.2,850.29 1 1
github.com/nskaggs/perfuncted/perfuncted.go:850.29,852.3 1 1
github.com/nskaggs/perfuncted/perfuncted.go:853.2,853.29 1 1
github.com/nskaggs/perfuncted/perfuncted.go:853.29,855.3 1 1
github.com/nskaggs/perfuncted/perfuncted.go:856.2,856.34 1 1
github.com/nskaggs/perfuncted/perfuncted.go:856.34,858.3 1 1
github.com/nskaggs/perfuncted/perfuncted.go:859.2,860.25 2 1
github.com/nskaggs/perfuncted/perfuncted.go:860.25,861.15 1 4
github.com/nskaggs/perfuncted/perfuncted.go:861.15,863.4 1 0
github.com/nskaggs/perfuncted/perfuncted.go:865.2,865.16 1 1
github.com/nskaggs/perfuncted/perfuncted.go:868.76,869.6 1 0
github.com/nskaggs/perfuncted/perfuncted.go:869.6,871.17 2 0
github.com/nskaggs/perfuncted/perfuncted.go:871.17,873.4 1 0
github.com/nskaggs/perfuncted/perfuncted.go:874.3,874.10 1 0
github.com/nskaggs/perfuncted/perfuncted.go:875.21,876.50 1 0
github.com/nskaggs/perfuncted/perfuncted.go:877.27,877.27 0 0
github.com/nskaggs/perfuncted/perfuncted_session.go:62.55,63.28 1 4
github.com/nskaggs/perfuncted/perfuncted_session.go:63.28,65.3 1 3
github.com/nskaggs/perfuncted/perfuncted_session.go:67.2,68.18 2 1
github.com/nskaggs/perfuncted/perfuncted_session.go:68.18,71.3 2 0
github.com/nskaggs/perfuncted/perfuncted_session.go:75.2,76.12 2 1
github.com/nskaggs/perfuncted/perfuncted_session.go:76.12,79.3 2 1
github.com/nskaggs/perfuncted/perfuncted_session.go:80.2,80.9 1 1
github.com/nskaggs/perfuncted/perfuncted_session.go:81.14,82.9 1 1
github.com/nskaggs/perfuncted/perfuncted_session.go:83.33,86.10 2 0
github.com/nskaggs/perfuncted/perfuncted_session.go:87.15,88.10 1 0
github.com/nskaggs/perfuncted/perfuncted_session.go:89.34,90.10 1 0
github.com/nskaggs/perfuncted/perfuncted_session.go:98.56,99.39 1 0
github.com/nskaggs/perfuncted/perfuncted_session.go:99.39,101.3 1 0
github.com/nskaggs/perfuncted/perfuncted_session.go:102.2,102.22 1 0
github.com/nskaggs/perfuncted/perfuncted_session.go:102.22,104.3 1 0
github.com/nskaggs/perfuncted/perfuncted_session.go:105.2,105.54 1 0
github.com/nskaggs/perfuncted/perfuncted_session.go:105.54,107.3 1 0
github.com/nskaggs/perfuncted/perfuncted_session.go:109.2,110.16 2 0
github.com/nskaggs/perfuncted/perfuncted_session.go:110.16,112.3 1 0
github.com/nskaggs/perfuncted/perfuncted_session.go:113.2,113.47 1 0
github.com/nskaggs/perfuncted/perfuncted_session.go:113.47,116.3 2 0
github.com/nskaggs/perfuncted/perfuncted_session.go:118.2,126.39 2 0
github.com/nskaggs/perfuncted/perfuncted_session.go:126.39,129.3 2 0
github.com/nskaggs/perfuncted/perfuncted_session.go:132.2,133.20 2 0
github.com/nskaggs/perfuncted/perfuncted_session.go:133.20,135.17 2 0
github.com/nskaggs/perfuncted/perfuncted_session.go:135.17,138.4 2 0
github.com/nskaggs/perfuncted/perfuncted_session.go:142.2,142.47 1 0
github.com/nskaggs/perfuncted/perfuncted_session.go:142.47,145.3 2 0
github.com/nskaggs/perfuncted/perfuncted_session.go:148.2,150.15 2 0
github.com/nskaggs/perfuncted/perfuncted_session.go:155.74,157.16 2 0
github.com/nskaggs/perfuncted/perfuncted_session.go:157.16,159.3 1 0
github.com/nskaggs/perfuncted/perfuncted_session.go:160.2,163.36 4 0
github.com/nskaggs/perfuncted/perfuncted_session.go:163.36,165.3 1 0
github.com/nskaggs/perfuncted/perfuncted_session.go:166.2,166.17 1 0
github.com/nskaggs/perfuncted/perfuncted_session.go:171.34,173.2 1 0
github.com/nskaggs/perfuncted/perfuncted_session.go:176.42,176.61 1 0
github.com/nskaggs/perfuncted/perfuncted_session.go:179.43,179.65 1 0
github.com/nskaggs/perfuncted/perfuncted_session.go:182.40,182.61 1 0
github.com/nskaggs/perfuncted/perfuncted_session.go:186.65,191.2 4 0
github.com/nskaggs/perfuncted/perfuncted_session.go:196.63,197.16 1 1
github.com/nskaggs/perfuncted/perfuncted_session.go:197.16,199.3 1 0
github.com/nskaggs/perfuncted/perfuncted_session.go:200.2,203.12 4 1
github.com/nskaggs/perfuncted/perfuncted_session.go:203.12,205.10 2 1
github.com/nskaggs/perfuncted/perfuncted_session.go:206.21,207.12 1 1
github.com/nskaggs/perfuncted/perfuncted_session.go:208.15,209.12 1 0
github.com/nskaggs/perfuncted/perfuncted_session.go:210.17,210.17 0 0
github.com/nskaggs/perfuncted/perfuncted_session.go:213.2,214.16 2 1
github.com/nskaggs/perfuncted/perfuncted_session.go:214.16,215.18 1 1
github.com/nskaggs/perfuncted/perfuncted_session.go:215.18,217.4 1 1
github.com/nskaggs/perfuncted/perfuncted_session.go:223.26,225.15 2 1
github.com/nskaggs/perfuncted/perfuncted_session.go:225.15,228.3 2 0
github.com/nskaggs/perfuncted/perfuncted_session.go:229.2,235.20 6 1
github.com/nskaggs/perfuncted/perfuncted_session.go:235.20,237.3 1 1
github.com/nskaggs/perfuncted/perfuncted_session.go:241.36,245.2 3 2
github.com/nskaggs/perfuncted/perfuncted_session.go:247.38,253.36 4 0
github.com/nskaggs/perfuncted/perfuncted_session.go:253.36,255.3 1 0
github.com/nskaggs/perfuncted/perfuncted_session.go:256.2,261.72 4 0
github.com/nskaggs/perfuncted/perfuncted_session.go:261.72,263.3 1 0
github.com/nskaggs/perfuncted/perfuncted_session.go:264.2,264.12 1 0
github.com/nskaggs/perfuncted/perfuncted_session.go:267.53,270.16 3 0
github.com/nskaggs/perfuncted/perfuncted_session.go:270.16,272.3 1 0
github.com/nskaggs/perfuncted/perfuncted_session.go:274.2,285.36 6 0
github.com/nskaggs/perfuncted/perfuncted_session.go:285.36,288.3 2 0
github.com/nskaggs/perfuncted/perfuncted_session.go:289.2,295.75 5 0
github.com/nskaggs/perfuncted/perfuncted_session.go:295.75,297.3 1 0
github.com/nskaggs/perfuncted/perfuncted_session.go:301.2,301.107 1 0
github.com/nskaggs/perfuncted/perfuncted_session.go:301.107,303.3 1 0
github.com/nskaggs/perfuncted/perfuncted_session.go:304.2,304.12 1 0
github.com/nskaggs/perfuncted/perfuncted_session.go:307.35,315.36 4 0
github.com/nskaggs/perfuncted/perfuncted_session.go:315.36,318.3 2 0
github.com/nskaggs/perfuncted/perfuncted_session.go:321.89,323.2 1 4
github.com/nskaggs/perfuncted/perfuncted_session.go:327.75,328.32 1 0
github.com/nskaggs/perfuncted/perfuncted_session.go:328.32,329.42 1 0
github.com/nskaggs/perfuncted/perfuncted_session.go:329.42,331.4 1 0
github.com/nskaggs/perfuncted/perfuncted_session.go:332.3,332.22 1 0
github.com/nskaggs/perfuncted/perfuncted_session.go:332.22,333.9 1 0
github.com/nskaggs/perfuncted/perfuncted_session.go:335.3,335.23 1 0
github.com/nskaggs/perfuncted/perfuncted_session.go:337.2,337.90 1 0
github.com/nskaggs/perfuncted/perfuncted_session.go:342.78,343.32 1 0
github.com/nskaggs/perfuncted/perfuncted_session.go:343.32,344.77 1 0
github.com/nskaggs/perfuncted/perfuncted_session.go:344.77,346.4 1 0
github.com/nskaggs/perfuncted/perfuncted_session.go:347.3,347.22 1 0
github.com/nskaggs/perfuncted/perfuncted_session.go:347.22,348.9 1 0
github.com/nskaggs/perfuncted/perfuncted_session.go:350.3,350.23 1 0
github.com/nskaggs/perfuncted/perfuncted_session.go:352.2,352.100 1 0
github.com/nskaggs/perfuncted/perfuncted_session.go:357.72,359.16 2 0
github.com/nskaggs/perfuncted/perfuncted_session.go:359.16,361.3 1 0
github.com/nskaggs/perfuncted/perfuncted_session.go:364.2,365.28 2 0
github.com/nskaggs/perfuncted/perfuncted_session.go:365.28,368.3 2 0
github.com/nskaggs/perfuncted/perfuncted_session.go:370.2,371.67 2 0
github.com/nskaggs/perfuncted/perfuncted_session.go:371.67,373.3 1 0
github.com/nskaggs/perfuncted/perfuncted_session.go:374.2,374.22 1 0
github.com/nskaggs/perfuncted/screen/extcapture.go:33.57,35.16 2 0
github.com/nskaggs/perfuncted/screen/extcapture.go:35.16,37.3 1 0
github.com/nskaggs/perfuncted/screen/extcapture.go:38.2,39.16 2 0
github.com/nskaggs/perfuncted/screen/extcapture.go:39.16,41.3 1 0
github.com/nskaggs/perfuncted/screen/extcapture.go:42.2,47.66 5 0
github.com/nskaggs/perfuncted/screen/extcapture.go:47.66,50.3 2 0
github.com/nskaggs/perfuncted/screen/extcapture.go:51.2,51.75 1 0
github.com/nskaggs/perfuncted/screen/extcapture.go:51.75,54.3 2 0
github.com/nskaggs/perfuncted/screen/extcapture.go:55.2,55.42 1 0
github.com/nskaggs/perfuncted/screen/extcapture.go:55.42,58.75 3 0
github.com/nskaggs/perfuncted/screen/extcapture.go:58.75,61.57 2 0
github.com/nskaggs/perfuncted/screen/extcapture.go:61.57,62.34 1 0
github.com/nskaggs/perfuncted/screen/extcapture.go:62.34,64.28 2 0
github.com/nskaggs/perfuncted/screen/extcapture.go:64.28,66.7 1 0
github.com/nskaggs/perfuncted/screen/extcapture.go:71.2,71.39 1 0
github.com/nskaggs/perfuncted/screen/extcapture.go:71.39,74.75 3 0
github.com/nskaggs/perfuncted/screen/extcapture.go:74.75,76.4 1 0
github.com/nskaggs/perfuncted/screen/extcapture.go:79.2,79.18 1 0
github.com/nskaggs/perfuncted/screen/extcapture.go:79.18,82.3 2 0
github.com/nskaggs/perfuncted/screen/extcapture.go:83.2,83.24 1 0
github.com/nskaggs/perfuncted/screen/extcapture.go:83.24,86.3 2 0
github.com/nskaggs/perfuncted/screen/extcapture.go:87.2,87.26 1 0
github.com/nskaggs/perfuncted/screen/extcapture.go:87.26,90.3 2 0
github.com/nskaggs/perfuncted/screen/extcapture.go:91.2,91.18 1 0
github.com/nskaggs/perfuncted/screen/extcapture.go:91.18,94.3 2 0
github.com/nskaggs/perfuncted/screen/extcapture.go:95.2,95.15 1 0
github.com/nskaggs/perfuncted/screen/extcapture.go:100.79,102.71 2 0
github.com/nskaggs/perfuncted/screen/extcapture.go:102.71,105.3 2 0
github.com/nskaggs/perfuncted/screen/extcapture.go:105.17,107.3 1 0
github.com/nskaggs/perfuncted/screen/extcapture.go:108.2,108.18 1 0
github.com/nskaggs/perfuncted/screen/extcapture.go:112.98,114.76 2 0
github.com/nskaggs/perfuncted/screen/extcapture.go:114.76,119.39 2 0
github.com/nskaggs/perfuncted/screen/extcapture.go:119.39,122.4 2 0
github.com/nskaggs/perfuncted/screen/extcapture.go:123.3,124.17 2 0
github.com/nskaggs/perfuncted/screen/extcapture.go:124.17,126.4 1 0
github.com/nskaggs/perfuncted/screen/extcapture.go:127.3,129.13 3 0
github.com/nskaggs/perfuncted/screen/extcapture.go:130.17,132.3 1 0
github.com/nskaggs/perfuncted/screen/extcapture.go:133.2,133.20 1 0
github.com/nskaggs/perfuncted/screen/extcapture.go:136.117,142.119 4 0
github.com/nskaggs/perfuncted/screen/extcapture.go:142.119,144.3 1 0
github.com/nskaggs/perfuncted/screen/extcapture.go:145.2,149.146 4 0
github.com/nskaggs/perfuncted/screen/extcapture.go:149.146,151.3 1 0
github.com/nskaggs/perfuncted/screen/extcapture.go:152.2,156.116 4 0
github.com/nskaggs/perfuncted/screen/extcapture.go:156.116,158.3 1 0
github.com/nskaggs/perfuncted/screen/extcapture.go:159.2,164.101 4 0
github.com/nskaggs/perfuncted/screen/extcapture.go:164.101,166.3 1 0
github.com/nskaggs/perfuncted/screen/extcapture.go:167.2,173.65 5 0
github.com/nskaggs/perfuncted/screen/extcapture.go:173.65,174.17 1 0
github.com/nskaggs/perfuncted/screen/extcapture.go:175.10,177.36 2 0
github.com/nskaggs/perfuncted/screen/extcapture.go:178.10,179.36 1 0
github.com/nskaggs/perfuncted/screen/extcapture.go:180.10,181.18 1 0
github.com/nskaggs/perfuncted/screen/extcapture.go:184.2,184.46 1 0
github.com/nskaggs/perfuncted/screen/extcapture.go:184.46,186.3 1 0
github.com/nskaggs/perfuncted/screen/extcapture.go:187.2,187.13 1 0
github.com/nskaggs/perfuncted/screen/extcapture.go:187.13,189.3 1 0
github.com/nskaggs/perfuncted/screen/extcapture.go:190.2,190.37 1 0
github.com/nskaggs/perfuncted/screen/extcapture.go:190.37,192.3 1 0
github.com/nskaggs/perfuncted/screen/extcapture.go:194.2,197.16 4 0
github.com/nskaggs/perfuncted/screen/extcapture.go:197.16,199.3 1 0
github.com/nskaggs/perfuncted/screen/extcapture.go:200.2,203.16 3 0
github.com/nskaggs/perfuncted/screen/extcapture.go:203.16,205.3 1 0
github.com/nskaggs/perfuncted/screen/extcapture.go:206.2,209.16 3 0
github.com/nskaggs/perfuncted/screen/extcapture.go:209.16,211.3 1 0
github.com/nskaggs/perfuncted/screen/extcapture.go:212.2,215.16 3 0
github.com/nskaggs/perfuncted/screen/extcapture.go:215.16,217.3 1 0
github.com/nskaggs/perfuncted/screen/extcapture.go:218.2,223.83 4 0
github.com/nskaggs/perfuncted/screen/extcapture.go:223.83,225.3 1 0
github.com/nskaggs/perfuncted/screen/extcapture.go:226.2,229.80 2 0
github.com/nskaggs/perfuncted/screen/extcapture.go:229.80,231.3 1 0
github.com/nskaggs/perfuncted/screen/extcapture.go:232.2,232.103 1 0
github.com/nskaggs/perfuncted/screen/extcapture.go:232.103,234.3 1 0
github.com/nskaggs/perfuncted/screen/extcapture.go:237.2,238.63 2 0
github.com/nskaggs/perfuncted/screen/extcapture.go:238.63,239.17 1 0
github.com/nskaggs/perfuncted/screen/extcapture.go:240.10,241.16 1 0
github.com/nskaggs/perfuncted/screen/extcapture.go:242.10,243.17 1 0
github.com/nskaggs/perfuncted/screen/extcapture.go:246.2,246.63 1 0
github.com/nskaggs/perfuncted/screen/extcapture.go:246.63,248.3 1 0
github.com/nskaggs/perfuncted/screen/extcapture.go:250.2,250.24 1 0
github.com/nskaggs/perfuncted/screen/extcapture.go:250.24,251.42 1 0
github.com/nskaggs/perfuncted/screen/extcapture.go:251.42,253.4 1 0
github.com/nskaggs/perfuncted/screen/extcapture.go:255.2,255.12 1 0
github.com/nskaggs/perfuncted/screen/extcapture.go:255.12,257.3 1 0
github.com/nskaggs/perfuncted/screen/extcapture.go:259.2,259.63 1 0
github.com/nskaggs/perfuncted/screen/extcapture.go:262.43,263.22 1 0
github.com/nskaggs/perfuncted/screen/extcapture.go:263.22,265.3 1 0
github.com/nskaggs/perfuncted/screen/extcapture.go:266.2,266.22 1 0
github.com/nskaggs/perfuncted/screen/extcapture.go:266.22,268.3 1 0
github.com/nskaggs/perfuncted/screen/extcapture.go:269.2,269.12 1 0
github.com/nskaggs/perfuncted/screen/extcapture.go:272.66,273.20 1 3
github.com/nskaggs/perfuncted/screen/extcapture.go:273.20,275.3 1 0
github.com/nskaggs/perfuncted/screen/extcapture.go:276.2,276.51 1 3
github.com/nskaggs/perfuncted/screen/extcapture.go:276.51,278.3 1 1
github.com/nskaggs/perfuncted/screen/extcapture.go:279.2,279.60 1 2
github.com/nskaggs/perfuncted/screen/extcapture.go:279.60,281.3 1 1
github.com/nskaggs/perfuncted/screen/extcapture.go:282.2,282.106 1 1
github.com/nskaggs/perfuncted/screen/extcapture.go:285.88,287.2 1 1
github.com/nskaggs/perfuncted/screen/extcapture.go:289.84,291.2 1 1
github.com/nskaggs/perfuncted/screen/extcapture.go:293.70,295.2 1 1
github.com/nskaggs/perfuncted/screen/extcapture.go:297.70,299.2 1 1
github.com/nskaggs/perfuncted/screen/extcapture.go:301.81,303.2 1 1
github.com/nskaggs/perfuncted/screen/extcapture.go:305.55,307.2 1 1
github.com/nskaggs/perfuncted/screen/extcapture.go:309.84,316.2 6 6
github.com/nskaggs/perfuncted/screen/extcapture.go:318.47,320.31 2 4
github.com/nskaggs/perfuncted/screen/extcapture.go:320.31,322.3 1 7
github.com/nskaggs/perfuncted/screen/extcapture.go:323.2,323.12 1 4
github.com/nskaggs/perfuncted/screen/extcapture.go:326.45,328.31 2 1
github.com/nskaggs/perfuncted/screen/extcapture.go:328.31,330.3 1 4
github.com/nskaggs/perfuncted/screen/extcapture.go:331.2,331.12 1 1
github.com/nskaggs/perfuncted/screen/gnome_shell.go:19.89,21.16 2 0
github.com/nskaggs/perfuncted/screen/gnome_shell.go:21.16,23.3 1 0
github.com/nskaggs/perfuncted/screen/gnome_shell.go:24.2,24.38 1 0
github.com/nskaggs/perfuncted/screen/gnome_shell.go:45.77,47.16 2 0
github.com/nskaggs/perfuncted/screen/gnome_shell.go:47.16,49.3 1 0
github.com/nskaggs/perfuncted/screen/gnome_shell.go:50.2,50.52 1 0
github.com/nskaggs/perfuncted/screen/gnome_shell.go:50.52,53.3 2 0
github.com/nskaggs/perfuncted/screen/gnome_shell.go:54.2,58.80 2 0
github.com/nskaggs/perfuncted/screen/gnome_shell.go:58.80,61.3 2 0
github.com/nskaggs/perfuncted/screen/gnome_shell.go:62.2,62.15 1 0
github.com/nskaggs/perfuncted/screen/gnome_shell.go:65.61,67.16 2 0
github.com/nskaggs/perfuncted/screen/gnome_shell.go:67.16,69.3 1 0
github.com/nskaggs/perfuncted/screen/gnome_shell.go:70.2,70.15 1 0
github.com/nskaggs/perfuncted/screen/gnome_shell.go:75.108,77.16 2 0
github.com/nskaggs/perfuncted/screen/gnome_shell.go:77.16,79.3 1 0
github.com/nskaggs/perfuncted/screen/gnome_shell.go:80.2,87.18 6 0
github.com/nskaggs/perfuncted/screen/gnome_shell.go:87.18,89.22 2 0
github.com/nskaggs/perfuncted/screen/gnome_shell.go:89.22,91.4 1 0
github.com/nskaggs/perfuncted/screen/gnome_shell.go:92.3,92.53 1 0
github.com/nskaggs/perfuncted/screen/gnome_shell.go:92.53,94.4 1 0
github.com/nskaggs/perfuncted/screen/gnome_shell.go:95.8,100.22 2 0
github.com/nskaggs/perfuncted/screen/gnome_shell.go:100.22,102.4 1 0
github.com/nskaggs/perfuncted/screen/gnome_shell.go:103.3,103.53 1 0
github.com/nskaggs/perfuncted/screen/gnome_shell.go:103.53,105.4 1 0
github.com/nskaggs/perfuncted/screen/gnome_shell.go:108.2,108.14 1 0
github.com/nskaggs/perfuncted/screen/gnome_shell.go:108.14,110.3 1 0
github.com/nskaggs/perfuncted/screen/gnome_shell.go:111.2,111.16 1 0
github.com/nskaggs/perfuncted/screen/gnome_shell.go:111.16,113.3 1 0
github.com/nskaggs/perfuncted/screen/gnome_shell.go:114.2,114.18 1 0
github.com/nskaggs/perfuncted/screen/gnome_shell.go:114.18,116.3 1 0
github.com/nskaggs/perfuncted/screen/gnome_shell.go:118.2,119.16 2 0
github.com/nskaggs/perfuncted/screen/gnome_shell.go:119.16,121.3 1 0
github.com/nskaggs/perfuncted/screen/gnome_shell.go:122.2,125.16 3 0
github.com/nskaggs/perfuncted/screen/gnome_shell.go:125.16,127.3 1 0
github.com/nskaggs/perfuncted/screen/gnome_shell.go:128.2,128.17 1 0
github.com/nskaggs/perfuncted/screen/gnome_shell.go:131.70,133.16 2 0
github.com/nskaggs/perfuncted/screen/gnome_shell.go:133.16,135.3 1 0
github.com/nskaggs/perfuncted/screen/gnome_shell.go:136.2,137.38 2 0
github.com/nskaggs/perfuncted/screen/gnome_shell.go:140.53,140.78 1 0
github.com/nskaggs/perfuncted/screen/kwinshot.go:28.77,30.16 2 0
github.com/nskaggs/perfuncted/screen/kwinshot.go:30.16,33.17 2 0
github.com/nskaggs/perfuncted/screen/kwinshot.go:33.17,35.4 1 0
github.com/nskaggs/perfuncted/screen/kwinshot.go:36.3,37.17 2 0
github.com/nskaggs/perfuncted/screen/kwinshot.go:37.17,39.4 1 0
github.com/nskaggs/perfuncted/screen/kwinshot.go:41.2,41.38 1 0
github.com/nskaggs/perfuncted/screen/kwinshot.go:61.53,63.16 2 0
github.com/nskaggs/perfuncted/screen/kwinshot.go:63.16,65.3 1 0
github.com/nskaggs/perfuncted/screen/kwinshot.go:66.2,66.46 1 0
github.com/nskaggs/perfuncted/screen/kwinshot.go:66.46,68.3 1 0
github.com/nskaggs/perfuncted/screen/kwinshot.go:69.2,74.80 3 0
github.com/nskaggs/perfuncted/screen/kwinshot.go:74.80,76.3 1 0
github.com/nskaggs/perfuncted/screen/kwinshot.go:77.2,77.15 1 0
github.com/nskaggs/perfuncted/screen/kwinshot.go:84.96,85.18 1 0
github.com/nskaggs/perfuncted/screen/kwinshot.go:85.18,87.3 1 0
github.com/nskaggs/perfuncted/screen/kwinshot.go:88.2,89.16 2 0
github.com/nskaggs/perfuncted/screen/kwinshot.go:89.16,91.3 1 0
github.com/nskaggs/perfuncted/screen/kwinshot.go:92.2,105.21 5 0
github.com/nskaggs/perfuncted/screen/kwinshot.go:105.21,107.3 1 0
github.com/nskaggs/perfuncted/screen/kwinshot.go:108.2,108.45 1 0
github.com/nskaggs/perfuncted/screen/kwinshot.go:108.45,110.3 1 0
github.com/nskaggs/perfuncted/screen/kwinshot.go:112.2,113.16 2 0
github.com/nskaggs/perfuncted/screen/kwinshot.go:113.16,115.3 1 0
github.com/nskaggs/perfuncted/screen/kwinshot.go:116.2,116.46 1 0
github.com/nskaggs/perfuncted/screen/kwinshot.go:127.112,128.63 1 0
github.com/nskaggs/perfuncted/screen/kwinshot.go:128.63,130.3 1 0
github.com/nskaggs/perfuncted/screen/kwinshot.go:132.2,134.37 3 0
github.com/nskaggs/perfuncted/screen/kwinshot.go:134.37,135.48 1 0
github.com/nskaggs/perfuncted/screen/kwinshot.go:135.48,137.4 1 0
github.com/nskaggs/perfuncted/screen/kwinshot.go:142.2,143.37 2 0
github.com/nskaggs/perfuncted/screen/kwinshot.go:143.37,144.50 1 0
github.com/nskaggs/perfuncted/screen/kwinshot.go:144.50,146.4 1 0
github.com/nskaggs/perfuncted/screen/kwinshot.go:149.2,149.26 1 0
github.com/nskaggs/perfuncted/screen/kwinshot.go:149.26,151.3 1 0
github.com/nskaggs/perfuncted/screen/kwinshot.go:153.2,154.25 2 0
github.com/nskaggs/perfuncted/screen/kwinshot.go:154.25,155.26 1 0
github.com/nskaggs/perfuncted/screen/kwinshot.go:155.26,158.14 3 0
github.com/nskaggs/perfuncted/screen/kwinshot.go:158.14,160.5 1 0
github.com/nskaggs/perfuncted/screen/kwinshot.go:160.10,162.5 1 0
github.com/nskaggs/perfuncted/screen/kwinshot.go:163.4,163.63 1 0
github.com/nskaggs/perfuncted/screen/kwinshot.go:166.2,166.17 1 0
github.com/nskaggs/perfuncted/screen/kwinshot.go:170.41,170.55 1 0
github.com/nskaggs/perfuncted/screen/pixels.go:13.60,16.31 3 2
github.com/nskaggs/perfuncted/screen/pixels.go:16.31,21.36 4 4
github.com/nskaggs/perfuncted/screen/pixels.go:21.36,26.4 4 6
github.com/nskaggs/perfuncted/screen/pixels.go:28.2,28.12 1 2
github.com/nskaggs/perfuncted/screen/pixels.go:34.66,37.15 3 2
github.com/nskaggs/perfuncted/screen/pixels.go:37.15,39.3 1 0
github.com/nskaggs/perfuncted/screen/pixels.go:41.2,44.30 4 2
github.com/nskaggs/perfuncted/screen/pixels.go:44.30,48.3 3 5
github.com/nskaggs/perfuncted/screen/pixels.go:49.2,49.12 1 2
github.com/nskaggs/perfuncted/screen/portal_dbus.go:22.79,24.16 2 0
github.com/nskaggs/perfuncted/screen/portal_dbus.go:24.16,26.3 1 0
github.com/nskaggs/perfuncted/screen/portal_dbus.go:27.2,27.38 1 0
github.com/nskaggs/perfuncted/screen/portal_dbus.go:48.50,50.41 2 2
github.com/nskaggs/perfuncted/screen/portal_dbus.go:50.41,52.3 1 0
github.com/nskaggs/perfuncted/screen/portal_dbus.go:53.2,54.9 2 2
github.com/nskaggs/perfuncted/screen/portal_dbus.go:55.36,55.36 0 1
github.com/nskaggs/perfuncted/screen/portal_dbus.go:56.45,57.54 1 0
github.com/nskaggs/perfuncted/screen/portal_dbus.go:58.10,59.53 1 1
github.com/nskaggs/perfuncted/screen/portal_dbus.go:62.2,64.33 3 1
github.com/nskaggs/perfuncted/screen/portal_dbus.go:64.33,65.21 1 20
github.com/nskaggs/perfuncted/screen/portal_dbus.go:65.21,67.12 2 19
github.com/nskaggs/perfuncted/screen/portal_dbus.go:69.3,69.23 1 1
github.com/nskaggs/perfuncted/screen/portal_dbus.go:69.23,71.4 1 0
github.com/nskaggs/perfuncted/screen/portal_dbus.go:72.3,73.17 2 1
github.com/nskaggs/perfuncted/screen/portal_dbus.go:73.17,75.4 1 0
github.com/nskaggs/perfuncted/screen/portal_dbus.go:76.3,77.9 2 1
github.com/nskaggs/perfuncted/screen/portal_dbus.go:79.2,79.24 1 1
github.com/nskaggs/perfuncted/screen/portal_dbus.go:84.57,86.16 2 0
github.com/nskaggs/perfuncted/screen/portal_dbus.go:86.16,88.3 1 0
github.com/nskaggs/perfuncted/screen/portal_dbus.go:89.2,89.44 1 0
github.com/nskaggs/perfuncted/screen/portal_dbus.go:89.44,92.3 2 0
github.com/nskaggs/perfuncted/screen/portal_dbus.go:93.2,93.44 1 0
github.com/nskaggs/perfuncted/screen/portal_dbus.go:98.98,116.16 8 0
github.com/nskaggs/perfuncted/screen/portal_dbus.go:116.16,118.3 1 0
github.com/nskaggs/perfuncted/screen/portal_dbus.go:120.2,126.90 4 0
github.com/nskaggs/perfuncted/screen/portal_dbus.go:126.90,128.3 1 0
github.com/nskaggs/perfuncted/screen/portal_dbus.go:132.2,134.6 3 0
github.com/nskaggs/perfuncted/screen/portal_dbus.go:134.6,135.10 1 0
github.com/nskaggs/perfuncted/screen/portal_dbus.go:136.20,137.25 1 0
github.com/nskaggs/perfuncted/screen/portal_dbus.go:137.25,138.13 1 0
github.com/nskaggs/perfuncted/screen/portal_dbus.go:140.4,141.17 2 0
github.com/nskaggs/perfuncted/screen/portal_dbus.go:141.17,143.5 1 0
github.com/nskaggs/perfuncted/screen/portal_dbus.go:144.4,146.11 3 0
github.com/nskaggs/perfuncted/screen/portal_dbus.go:146.11,148.5 1 0
github.com/nskaggs/perfuncted/screen/portal_dbus.go:149.4,151.18 3 0
github.com/nskaggs/perfuncted/screen/portal_dbus.go:151.18,153.5 1 0
github.com/nskaggs/perfuncted/screen/portal_dbus.go:154.4,155.18 2 0
github.com/nskaggs/perfuncted/screen/portal_dbus.go:155.18,157.5 1 0
github.com/nskaggs/perfuncted/screen/portal_dbus.go:158.4,161.18 4 0
github.com/nskaggs/perfuncted/screen/portal_dbus.go:161.18,163.5 1 0
github.com/nskaggs/perfuncted/screen/portal_dbus.go:164.4,164.20 1 0
github.com/nskaggs/perfuncted/screen/portal_dbus.go:164.20,166.5 1 0
github.com/nskaggs/perfuncted/screen/portal_dbus.go:167.4,170.37 2 0
github.com/nskaggs/perfuncted/screen/portal_dbus.go:170.37,172.5 1 0
github.com/nskaggs/perfuncted/screen/portal_dbus.go:173.4,173.19 1 0
github.com/nskaggs/perfuncted/screen/portal_dbus.go:174.18,175.83 1 0
github.com/nskaggs/perfuncted/screen/portal_dbus.go:180.43,180.68 1 0
github.com/nskaggs/perfuncted/screen/screen.go:30.85,31.32 1 0
github.com/nskaggs/perfuncted/screen/screen.go:31.32,33.3 1 0
github.com/nskaggs/perfuncted/screen/screen.go:34.2,35.16 2 0
github.com/nskaggs/perfuncted/screen/screen.go:35.16,37.3 1 0
github.com/nskaggs/perfuncted/screen/screen.go:38.2,39.32 2 0
github.com/nskaggs/perfuncted/screen/screen.go:39.32,41.3 1 0
github.com/nskaggs/perfuncted/screen/screen.go:42.2,42.28 1 0
github.com/nskaggs/perfuncted/screen/screen.go:46.53,48.2 1 0
github.com/nskaggs/perfuncted/screen/screen.go:58.36,59.29 1 0
github.com/nskaggs/perfuncted/screen/screen.go:60.22,61.49 1 0
github.com/nskaggs/perfuncted/screen/screen.go:61.49,63.4 1 0
github.com/nskaggs/perfuncted/screen/screen.go:64.3,64.51 1 0
github.com/nskaggs/perfuncted/screen/screen.go:64.51,66.4 1 0
github.com/nskaggs/perfuncted/screen/screen.go:70.3,70.51 1 0
github.com/nskaggs/perfuncted/screen/screen.go:70.51,72.4 1 0
github.com/nskaggs/perfuncted/screen/screen.go:73.3,73.93 1 0
github.com/nskaggs/perfuncted/screen/screen.go:75.26,76.54 1 0
github.com/nskaggs/perfuncted/screen/screen.go:76.54,78.4 1 0
github.com/nskaggs/perfuncted/screen/screen.go:79.3,79.51 1 0
github.com/nskaggs/perfuncted/screen/screen.go:79.51,81.4 1 0
github.com/nskaggs/perfuncted/screen/screen.go:82.3,82.92 1 0
github.com/nskaggs/perfuncted/screen/screen.go:84.24,85.61 1 0
github.com/nskaggs/perfuncted/screen/screen.go:85.61,87.4 1 0
github.com/nskaggs/perfuncted/screen/screen.go:88.3,88.51 1 0
github.com/nskaggs/perfuncted/screen/screen.go:88.51,90.4 1 0
github.com/nskaggs/perfuncted/screen/screen.go:91.3,91.105 1 0
github.com/nskaggs/perfuncted/screen/screen.go:93.22,95.20 2 0
github.com/nskaggs/perfuncted/screen/screen.go:95.20,97.4 1 0
github.com/nskaggs/perfuncted/screen/screen.go:98.3,98.32 1 0
github.com/nskaggs/perfuncted/screen/screen.go:100.10,101.54 1 0
github.com/nskaggs/perfuncted/screen/screen.go:101.54,103.4 1 0
github.com/nskaggs/perfuncted/screen/screen.go:104.3,104.51 1 0
github.com/nskaggs/perfuncted/screen/screen.go:104.51,106.4 1 0
github.com/nskaggs/perfuncted/screen/screen.go:107.3,107.51 1 0
github.com/nskaggs/perfuncted/screen/screen.go:107.51,109.4 1 0
github.com/nskaggs/perfuncted/screen/screen.go:110.3,110.67 1 0
github.com/nskaggs/perfuncted/screen/screen.go:115.29,126.2 3 0
github.com/nskaggs/perfuncted/screen/screen.go:133.35,133.58 1 0
github.com/nskaggs/perfuncted/screen/screen.go:135.26,136.27 1 0
github.com/nskaggs/perfuncted/screen/screen.go:136.27,138.3 1 0
github.com/nskaggs/perfuncted/screen/screen.go:139.2,139.29 1 0
github.com/nskaggs/perfuncted/screen/screen.go:142.58,144.28 2 0
github.com/nskaggs/perfuncted/screen/screen.go:144.28,147.3 2 0
github.com/nskaggs/perfuncted/screen/screen.go:150.2,151.16 2 0
github.com/nskaggs/perfuncted/screen/screen.go:151.16,156.3 2 0
github.com/nskaggs/perfuncted/screen/screen.go:157.2,160.10 4 0
github.com/nskaggs/perfuncted/screen/screen.go:163.63,165.20 2 0
github.com/nskaggs/perfuncted/screen/screen.go:165.20,168.3 2 0
github.com/nskaggs/perfuncted/screen/screen.go:169.2,169.43 1 0
github.com/nskaggs/perfuncted/screen/screen.go:169.43,172.3 2 0
github.com/nskaggs/perfuncted/screen/screen.go:172.8,174.3 1 0
github.com/nskaggs/perfuncted/screen/screen.go:175.2,175.10 1 0
github.com/nskaggs/perfuncted/screen/screen.go:178.60,180.52 2 0
github.com/nskaggs/perfuncted/screen/screen.go:180.52,183.3 2 0
github.com/nskaggs/perfuncted/screen/screen.go:183.8,185.3 1 0
github.com/nskaggs/perfuncted/screen/screen.go:186.2,186.10 1 0
github.com/nskaggs/perfuncted/screen/screen.go:189.37,192.16 3 0
github.com/nskaggs/perfuncted/screen/screen.go:192.16,195.3 2 0
github.com/nskaggs/perfuncted/screen/screen.go:196.2,197.65 2 0
github.com/nskaggs/perfuncted/screen/screen.go:197.65,200.3 2 0
github.com/nskaggs/perfuncted/screen/screen.go:200.8,202.3 1 0
github.com/nskaggs/perfuncted/screen/screen.go:203.2,203.10 1 0
github.com/nskaggs/perfuncted/screen/screen.go:206.70,208.30 2 0
github.com/nskaggs/perfuncted/screen/screen.go:208.30,211.3 2 0
github.com/nskaggs/perfuncted/screen/screen.go:212.2,213.16 2 0
github.com/nskaggs/perfuncted/screen/screen.go:213.16,214.10 1 0
github.com/nskaggs/perfuncted/screen/screen.go:215.60,216.62 1 0
github.com/nskaggs/perfuncted/screen/screen.go:217.11,218.54 1 0
github.com/nskaggs/perfuncted/screen/screen.go:220.3,220.11 1 0
github.com/nskaggs/perfuncted/screen/screen.go:222.2,225.10 4 0
github.com/nskaggs/perfuncted/screen/wlrscreencopy.go:18.82,20.57 2 0
github.com/nskaggs/perfuncted/screen/wlrscreencopy.go:20.57,23.17 3 0
github.com/nskaggs/perfuncted/screen/wlrscreencopy.go:23.17,25.4 1 0
github.com/nskaggs/perfuncted/screen/wlrscreencopy.go:27.3,31.53 4 0
github.com/nskaggs/perfuncted/screen/wlrscreencopy.go:31.53,32.24 1 0
github.com/nskaggs/perfuncted/screen/wlrscreencopy.go:33.38,35.24 2 0
github.com/nskaggs/perfuncted/screen/wlrscreencopy.go:36.21,37.22 1 0
github.com/nskaggs/perfuncted/screen/wlrscreencopy.go:37.22,41.80 4 0
github.com/nskaggs/perfuncted/screen/wlrscreencopy.go:41.80,43.7 1 0
github.com/nskaggs/perfuncted/screen/wlrscreencopy.go:45.18,48.75 3 0
github.com/nskaggs/perfuncted/screen/wlrscreencopy.go:48.75,50.6 1 0
github.com/nskaggs/perfuncted/screen/wlrscreencopy.go:54.3,54.45 1 0
github.com/nskaggs/perfuncted/screen/wlrscreencopy.go:54.45,56.4 1 0
github.com/nskaggs/perfuncted/screen/wlrscreencopy.go:57.3,57.19 1 0
github.com/nskaggs/perfuncted/screen/wlrscreencopy.go:57.19,59.4 1 0
github.com/nskaggs/perfuncted/screen/wlrscreencopy.go:60.3,60.34 1 0
github.com/nskaggs/perfuncted/screen/wlrscreencopy.go:60.34,62.4 1 0
github.com/nskaggs/perfuncted/screen/wlrscreencopy.go:64.3,66.109 3 0
github.com/nskaggs/perfuncted/screen/wlrscreencopy.go:66.109,68.4 1 0
github.com/nskaggs/perfuncted/screen/wlrscreencopy.go:70.3,73.98 3 0
github.com/nskaggs/perfuncted/screen/wlrscreencopy.go:73.98,75.4 1 0
github.com/nskaggs/perfuncted/screen/wlrscreencopy.go:77.3,81.67 4 0
github.com/nskaggs/perfuncted/screen/wlrscreencopy.go:81.67,82.18 1 0
github.com/nskaggs/perfuncted/screen/wlrscreencopy.go:83.11,87.39 4 0
github.com/nskaggs/perfuncted/screen/wlrscreencopy.go:88.11,89.17 1 0
github.com/nskaggs/perfuncted/screen/wlrscreencopy.go:90.11,91.18 1 0
github.com/nskaggs/perfuncted/screen/wlrscreencopy.go:92.11,93.19 1 0
github.com/nskaggs/perfuncted/screen/wlrscreencopy.go:97.3,97.44 1 0
github.com/nskaggs/perfuncted/screen/wlrscreencopy.go:97.44,98.41 1 0
github.com/nskaggs/perfuncted/screen/wlrscreencopy.go:98.41,100.5 1 0
github.com/nskaggs/perfuncted/screen/wlrscreencopy.go:102.3,102.13 1 0
github.com/nskaggs/perfuncted/screen/wlrscreencopy.go:102.13,104.4 1 0
github.com/nskaggs/perfuncted/screen/wlrscreencopy.go:106.3,108.17 3 0
github.com/nskaggs/perfuncted/screen/wlrscreencopy.go:108.17,110.4 1 0
github.com/nskaggs/perfuncted/screen/wlrscreencopy.go:111.3,114.17 3 0
github.com/nskaggs/perfuncted/screen/wlrscreencopy.go:114.17,116.4 1 0
github.com/nskaggs/perfuncted/screen/wlrscreencopy.go:117.3,120.17 3 0
github.com/nskaggs/perfuncted/screen/wlrscreencopy.go:120.17,122.4 1 0
github.com/nskaggs/perfuncted/screen/wlrscreencopy.go:123.3,126.17 3 0
github.com/nskaggs/perfuncted/screen/wlrscreencopy.go:126.17,128.4 1 0
github.com/nskaggs/perfuncted/screen/wlrscreencopy.go:129.3,131.73 2 0
github.com/nskaggs/perfuncted/screen/wlrscreencopy.go:131.73,133.4 1 0
github.com/nskaggs/perfuncted/screen/wlrscreencopy.go:135.3,135.25 1 0
github.com/nskaggs/perfuncted/screen/wlrscreencopy.go:135.25,136.41 1 0
github.com/nskaggs/perfuncted/screen/wlrscreencopy.go:136.41,138.5 1 0
github.com/nskaggs/perfuncted/screen/wlrscreencopy.go:140.3,140.13 1 0
github.com/nskaggs/perfuncted/screen/wlrscreencopy.go:140.13,142.4 1 0
github.com/nskaggs/perfuncted/screen/wlrscreencopy.go:145.3,146.13 2 0
github.com/nskaggs/perfuncted/screen/wlrscreencopy.go:147.17,149.3 1 0
github.com/nskaggs/perfuncted/screen/wlrscreencopy.go:150.2,150.18 1 0
github.com/nskaggs/perfuncted/screen/wlrscreencopy.go:172.140,173.20 1 9
github.com/nskaggs/perfuncted/screen/wlrscreencopy.go:173.20,175.3 1 0
github.com/nskaggs/perfuncted/screen/wlrscreencopy.go:176.2,176.14 1 9
github.com/nskaggs/perfuncted/screen/wlrscreencopy.go:176.14,178.3 1 0
github.com/nskaggs/perfuncted/screen/wlrscreencopy.go:179.2,183.10 5 9
github.com/nskaggs/perfuncted/screen/wlrscreencopy.go:203.85,204.22 1 12
github.com/nskaggs/perfuncted/screen/wlrscreencopy.go:204.22,205.13 1 9
github.com/nskaggs/perfuncted/screen/wlrscreencopy.go:205.13,207.35 2 9
github.com/nskaggs/perfuncted/screen/wlrscreencopy.go:207.35,209.5 1 0
github.com/nskaggs/perfuncted/screen/wlrscreencopy.go:210.4,212.8 3 9
github.com/nskaggs/perfuncted/screen/wlrscreencopy.go:212.8,213.12 1 459
github.com/nskaggs/perfuncted/screen/wlrscreencopy.go:214.21,216.22 2 450
github.com/nskaggs/perfuncted/screen/wlrscreencopy.go:216.22,218.23 2 61
github.com/nskaggs/perfuncted/screen/wlrscreencopy.go:218.23,221.8 2 7
github.com/nskaggs/perfuncted/screen/wlrscreencopy.go:223.6,223.22 1 450
github.com/nskaggs/perfuncted/screen/wlrscreencopy.go:224.19,225.12 1 0
github.com/nskaggs/perfuncted/screen/wlrscreencopy.go:231.2,233.18 3 12
github.com/nskaggs/perfuncted/screen/wlrscreencopy.go:233.18,235.17 2 10
github.com/nskaggs/perfuncted/screen/wlrscreencopy.go:235.17,237.4 1 0
github.com/nskaggs/perfuncted/screen/wlrscreencopy.go:238.3,243.48 4 10
github.com/nskaggs/perfuncted/screen/wlrscreencopy.go:243.48,245.50 1 4
github.com/nskaggs/perfuncted/screen/wlrscreencopy.go:245.50,248.37 3 4
github.com/nskaggs/perfuncted/screen/wlrscreencopy.go:248.37,249.44 1 17
github.com/nskaggs/perfuncted/screen/wlrscreencopy.go:249.44,252.7 2 8
github.com/nskaggs/perfuncted/screen/wlrscreencopy.go:254.5,254.22 1 4
github.com/nskaggs/perfuncted/screen/wlrscreencopy.go:254.22,257.6 2 4
github.com/nskaggs/perfuncted/screen/wlrscreencopy.go:260.3,260.23 1 10
github.com/nskaggs/perfuncted/screen/wlrscreencopy.go:262.2,263.34 2 12
github.com/nskaggs/perfuncted/screen/wlrscreencopy.go:263.34,271.3 6 2
github.com/nskaggs/perfuncted/screen/wlrscreencopy.go:272.2,275.18 3 10
github.com/nskaggs/perfuncted/screen/wlrscreencopy.go:275.18,277.3 1 10
github.com/nskaggs/perfuncted/screen/wlrscreencopy.go:278.2,279.12 2 10
github.com/nskaggs/perfuncted/screen/wlrscreencopy.go:285.38,285.64 1 0
github.com/nskaggs/perfuncted/screen/wlrscreencopy.go:289.63,291.16 2 0
github.com/nskaggs/perfuncted/screen/wlrscreencopy.go:291.16,293.3 1 0
github.com/nskaggs/perfuncted/screen/wlrscreencopy.go:295.2,296.16 2 0
github.com/nskaggs/perfuncted/screen/wlrscreencopy.go:296.16,298.3 1 0
github.com/nskaggs/perfuncted/screen/wlrscreencopy.go:300.2,300.59 1 0
github.com/nskaggs/perfuncted/screen/wlrscreencopy.go:300.59,303.3 2 0
github.com/nskaggs/perfuncted/screen/wlrscreencopy.go:304.2,306.15 3 0
github.com/nskaggs/perfuncted/screen/wlrscreencopy.go:311.101,313.57 2 0
github.com/nskaggs/perfuncted/screen/wlrscreencopy.go:313.57,316.17 3 0
github.com/nskaggs/perfuncted/screen/wlrscreencopy.go:316.17,318.4 1 0
github.com/nskaggs/perfuncted/screen/wlrscreencopy.go:320.3,325.53 5 0
github.com/nskaggs/perfuncted/screen/wlrscreencopy.go:325.53,326.24 1 0
github.com/nskaggs/perfuncted/screen/wlrscreencopy.go:327.38,329.24 2 0
github.com/nskaggs/perfuncted/screen/wlrscreencopy.go:330.21,331.22 1 0
github.com/nskaggs/perfuncted/screen/wlrscreencopy.go:331.22,335.80 4 0
github.com/nskaggs/perfuncted/screen/wlrscreencopy.go:335.80,338.64 2 0
github.com/nskaggs/perfuncted/screen/wlrscreencopy.go:338.64,339.22 1 0
github.com/nskaggs/perfuncted/screen/wlrscreencopy.go:340.15,340.15 0 0
github.com/nskaggs/perfuncted/screen/wlrscreencopy.go:344.15,345.27 1 0
github.com/nskaggs/perfuncted/screen/wlrscreencopy.go:345.27,347.30 2 0
github.com/nskaggs/perfuncted/screen/wlrscreencopy.go:347.30,349.11 1 0
github.com/nskaggs/perfuncted/screen/wlrscreencopy.go:355.18,358.75 3 0
github.com/nskaggs/perfuncted/screen/wlrscreencopy.go:358.75,360.6 1 0
github.com/nskaggs/perfuncted/screen/wlrscreencopy.go:364.3,364.45 1 0
github.com/nskaggs/perfuncted/screen/wlrscreencopy.go:364.45,366.4 1 0
github.com/nskaggs/perfuncted/screen/wlrscreencopy.go:367.3,367.19 1 0
github.com/nskaggs/perfuncted/screen/wlrscreencopy.go:367.19,369.4 1 0
github.com/nskaggs/perfuncted/screen/wlrscreencopy.go:370.3,370.34 1 0
github.com/nskaggs/perfuncted/screen/wlrscreencopy.go:370.34,372.4 1 0
github.com/nskaggs/perfuncted/screen/wlrscreencopy.go:374.3,376.109 3 0
github.com/nskaggs/perfuncted/screen/wlrscreencopy.go:376.109,378.4 1 0
github.com/nskaggs/perfuncted/screen/wlrscreencopy.go:380.3,383.98 3 0
github.com/nskaggs/perfuncted/screen/wlrscreencopy.go:383.98,385.4 1 0
github.com/nskaggs/perfuncted/screen/wlrscreencopy.go:387.3,391.67 4 0
github.com/nskaggs/perfuncted/screen/wlrscreencopy.go:391.67,392.18 1 0
github.com/nskaggs/perfuncted/screen/wlrscreencopy.go:393.11,397.39 4 0
github.com/nskaggs/perfuncted/screen/wlrscreencopy.go:398.11,399.17 1 0
github.com/nskaggs/perfuncted/screen/wlrscreencopy.go:400.11,401.18 1 0
github.com/nskaggs/perfuncted/screen/wlrscreencopy.go:402.11,403.19 1 0
github.com/nskaggs/perfuncted/screen/wlrscreencopy.go:407.3,407.44 1 0
github.com/nskaggs/perfuncted/screen/wlrscreencopy.go:407.44,408.41 1 0
github.com/nskaggs/perfuncted/screen/wlrscreencopy.go:408.41,410.5 1 0
github.com/nskaggs/perfuncted/screen/wlrscreencopy.go:412.3,412.13 1 0
github.com/nskaggs/perfuncted/screen/wlrscreencopy.go:412.13,414.4 1 0
github.com/nskaggs/perfuncted/screen/wlrscreencopy.go:416.3,418.17 3 0
github.com/nskaggs/perfuncted/screen/wlrscreencopy.go:418.17,420.4 1 0
github.com/nskaggs/perfuncted/screen/wlrscreencopy.go:421.3,424.17 3 0
github.com/nskaggs/perfuncted/screen/wlrscreencopy.go:424.17,426.4 1 0
github.com/nskaggs/perfuncted/screen/wlrscreencopy.go:427.3,430.17 3 0
github.com/nskaggs/perfuncted/screen/wlrscreencopy.go:430.17,432.4 1 0
github.com/nskaggs/perfuncted/screen/wlrscreencopy.go:433.3,436.17 3 0
github.com/nskaggs/perfuncted/screen/wlrscreencopy.go:436.17,438.4 1 0
github.com/nskaggs/perfuncted/screen/wlrscreencopy.go:439.3,441.73 2 0
github.com/nskaggs/perfuncted/screen/wlrscreencopy.go:441.73,443.4 1 0
github.com/nskaggs/perfuncted/screen/wlrscreencopy.go:445.3,445.25 1 0
github.com/nskaggs/perfuncted/screen/wlrscreencopy.go:445.25,446.41 1 0
github.com/nskaggs/perfuncted/screen/wlrscreencopy.go:446.41,448.5 1 0
github.com/nskaggs/perfuncted/screen/wlrscreencopy.go:450.3,450.13 1 0
github.com/nskaggs/perfuncted/screen/wlrscreencopy.go:450.13,452.4 1 0
github.com/nskaggs/perfuncted/screen/wlrscreencopy.go:454.3,456.39 2 0
github.com/nskaggs/perfuncted/screen/wlrscreencopy.go:456.39,459.4 2 0
github.com/nskaggs/perfuncted/screen/wlrscreencopy.go:461.3,462.13 2 0
github.com/nskaggs/perfuncted/screen/wlrscreencopy.go:463.17,465.3 1 0
github.com/nskaggs/perfuncted/screen/wlrscreencopy.go:466.2,466.20 1 0
github.com/nskaggs/perfuncted/screen/wlrscreencopy.go:471.63,473.16 2 0
github.com/nskaggs/perfuncted/screen/wlrscreencopy.go:473.16,475.3 1 0
github.com/nskaggs/perfuncted/screen/wlrscreencopy.go:476.2,479.17 4 0
github.com/nskaggs/perfuncted/screen/wlrscreencopy.go:479.17,482.3 2 0
github.com/nskaggs/perfuncted/screen/wlrscreencopy.go:483.2,483.18 1 0
github.com/nskaggs/perfuncted/screen/wlrscreencopy.go:486.46,488.19 1 0
github.com/nskaggs/perfuncted/screen/wlrscreencopy.go:488.19,490.3 1 0
github.com/nskaggs/perfuncted/screen/wlrscreencopy.go:491.2,492.18 2 0
github.com/nskaggs/perfuncted/screen/wlrscreencopy.go:492.18,495.3 2 0
github.com/nskaggs/perfuncted/screen/wlrscreencopy.go:496.2,497.12 2 0
github.com/nskaggs/perfuncted/screen/wlrscreencopy.go:509.67,510.25 1 0
github.com/nskaggs/perfuncted/screen/wlrscreencopy.go:510.25,512.3 1 0
github.com/nskaggs/perfuncted/screen/wlrscreencopy.go:517.97,526.2 8 0
github.com/nskaggs/perfuncted/screen/wlrscreencopy.go:529.68,536.2 6 0
github.com/nskaggs/perfuncted/screen/x11.go:18.72,22.20 3 0
github.com/nskaggs/perfuncted/screen/x11.go:22.20,24.17 2 0
github.com/nskaggs/perfuncted/screen/x11.go:24.17,26.70 2 0
github.com/nskaggs/perfuncted/screen/x11.go:26.70,29.5 2 0
github.com/nskaggs/perfuncted/screen/x11.go:33.2,41.16 7 0
github.com/nskaggs/perfuncted/screen/x11.go:41.16,43.3 1 0
github.com/nskaggs/perfuncted/screen/x11.go:45.2,45.44 1 0
github.com/nskaggs/perfuncted/screen/x11.go:66.61,68.16 2 0
github.com/nskaggs/perfuncted/screen/x11.go:68.16,70.3 1 0
github.com/nskaggs/perfuncted/screen/x11.go:71.2,74.33 4 0
github.com/nskaggs/perfuncted/screen/x11.go:74.33,76.3 1 0
github.com/nskaggs/perfuncted/screen/x11.go:77.2,77.15 1 0
github.com/nskaggs/perfuncted/screen/x11.go:83.91,86.20 2 0
github.com/nskaggs/perfuncted/screen/x11.go:86.20,90.17 2 0
github.com/nskaggs/perfuncted/screen/x11.go:90.17,92.70 2 0
github.com/nskaggs/perfuncted/screen/x11.go:92.70,95.5 2 0
github.com/nskaggs/perfuncted/screen/x11.go:99.2,107.16 7 0
github.com/nskaggs/perfuncted/screen/x11.go:107.16,109.3 1 0
github.com/nskaggs/perfuncted/screen/x11.go:111.2,111.62 1 0
github.com/nskaggs/perfuncted/screen/x11.go:115.36,118.2 2 0
github.com/nskaggs/perfuncted/input/input.go:58.47,61.41 1 0
github.com/nskaggs/perfuncted/input/input.go:61.41,62.54 1 0
github.com/nskaggs/perfuncted/input/input.go:62.54,64.4 1 0
github.com/nskaggs/perfuncted/input/input.go:67.3,67.59 1 0
github.com/nskaggs/perfuncted/input/input.go:67.59,68.58 1 0
github.com/nskaggs/perfuncted/input/input.go:68.58,70.5 1 0
github.com/nskaggs/perfuncted/input/input.go:74.2,74.32 1 0
github.com/nskaggs/perfuncted/input/input.go:74.32,75.47 1 0
github.com/nskaggs/perfuncted/input/input.go:75.47,77.4 1 0
github.com/nskaggs/perfuncted/input/input.go:80.2,80.50 1 0
github.com/nskaggs/perfuncted/input/input.go:80.50,82.17 2 0
github.com/nskaggs/perfuncted/input/input.go:82.17,84.4 1 0
github.com/nskaggs/perfuncted/input/input.go:86.3,86.18 1 0
github.com/nskaggs/perfuncted/input/input.go:88.2,88.94 1 0
github.com/nskaggs/perfuncted/input/input.go:94.29,96.27 1 0
github.com/nskaggs/perfuncted/input/input.go:96.27,102.3 1 0
github.com/nskaggs/perfuncted/input/input.go:103.2,107.4 1 0
github.com/nskaggs/perfuncted/input/input.go:110.32,113.13 3 0
github.com/nskaggs/perfuncted/input/input.go:113.13,116.3 2 0
github.com/nskaggs/perfuncted/input/input.go:117.2,118.16 2 0
github.com/nskaggs/perfuncted/input/input.go:118.16,121.3 2 0
github.com/nskaggs/perfuncted/input/input.go:122.2,125.10 4 0
github.com/nskaggs/perfuncted/input/input.go:131.35,131.58 1 0
github.com/nskaggs/perfuncted/input/input.go:133.26,134.27 1 0
github.com/nskaggs/perfuncted/input/input.go:134.27,136.3 1 0
github.com/nskaggs/perfuncted/input/input.go:137.2,137.29 1 0
github.com/nskaggs/perfuncted/input/input.go:140.36,143.16 3 0
github.com/nskaggs/perfuncted/input/input.go:143.16,146.3 2 0
[...]
github.com/nskaggs/perfuncted/cmd/pf/root.go:1492.4,1494.18 3 0
github.com/nskaggs/perfuncted/cmd/pf/root.go:1494.18,1496.5 1 0
github.com/nskaggs/perfuncted/cmd/pf/root.go:1497.4,1498.18 2 0
github.com/nskaggs/perfuncted/cmd/pf/root.go:1498.18,1500.5 1 0
github.com/nskaggs/perfuncted/cmd/pf/root.go:1501.4,1502.18 2 0
github.com/nskaggs/perfuncted/cmd/pf/root.go:1502.18,1504.5 1 0
github.com/nskaggs/perfuncted/cmd/pf/root.go:1505.4,1506.18 2 0
github.com/nskaggs/perfuncted/cmd/pf/root.go:1506.18,1508.5 1 0
github.com/nskaggs/perfuncted/cmd/pf/root.go:1509.4,1512.18 4 0
github.com/nskaggs/perfuncted/cmd/pf/root.go:1512.18,1514.5 1 0
github.com/nskaggs/perfuncted/cmd/pf/root.go:1515.4,1516.14 2 0
github.com/nskaggs/perfuncted/cmd/pf/root.go:1519.2,1526.12 7 0
github.com/nskaggs/perfuncted/cmd/pf/root.go:1531.81,1537.50 2 0
github.com/nskaggs/perfuncted/cmd/pf/root.go:1537.50,1539.18 2 0
github.com/nskaggs/perfuncted/cmd/pf/root.go:1539.18,1541.5 1 0
github.com/nskaggs/perfuncted/cmd/pf/root.go:1542.4,1544.18 3 0
github.com/nskaggs/perfuncted/cmd/pf/root.go:1544.18,1546.5 1 0
github.com/nskaggs/perfuncted/cmd/pf/root.go:1547.4,1548.14 2 0
github.com/nskaggs/perfuncted/cmd/pf/root.go:1552.2,1556.53 1 0
github.com/nskaggs/perfuncted/cmd/pf/root.go:1556.53,1558.18 2 0
github.com/nskaggs/perfuncted/cmd/pf/root.go:1558.18,1560.5 1 0
github.com/nskaggs/perfuncted/cmd/pf/root.go:1561.4,1562.36 2 0
github.com/nskaggs/perfuncted/cmd/pf/root.go:1566.2,1570.35 3 0
github.com/nskaggs/perfuncted/cmd/pf/root.go:1570.35,1572.3 1 0
github.com/nskaggs/perfuncted/cmd/pf/root.go:1573.2,1573.54 1 0
github.com/nskaggs/perfuncted/cmd/pf/root.go:1573.54,1574.27 1 0
github.com/nskaggs/perfuncted/cmd/pf/root.go:1574.27,1576.4 1 0
github.com/nskaggs/perfuncted/cmd/pf/root.go:1579.2,1579.12 1 0
github.com/nskaggs/perfuncted/cmd/pf/root.go:1584.72,1585.13 1 0
github.com/nskaggs/perfuncted/cmd/pf/root.go:1585.13,1587.3 1 0
github.com/nskaggs/perfuncted/cmd/pf/root.go:1588.2,1589.16 2 0
github.com/nskaggs/perfuncted/cmd/pf/root.go:1589.16,1591.3 1 0
github.com/nskaggs/perfuncted/cmd/pf/root.go:1592.2,1592.15 1 0
github.com/nskaggs/perfuncted/cmd/pf/root.go:1595.42,1597.16 2 0
github.com/nskaggs/perfuncted/cmd/pf/root.go:1597.16,1599.3 1 0
github.com/nskaggs/perfuncted/cmd/pf/root.go:1600.2,1601.16 2 0
github.com/nskaggs/perfuncted/cmd/pf/root.go:1601.16,1603.3 1 0
github.com/nskaggs/perfuncted/cmd/pf/root.go:1604.2,1604.23 1 0
github.com/nskaggs/perfuncted/cmd/pf/root.go:1607.50,1608.13 1 0
github.com/nskaggs/perfuncted/cmd/pf/root.go:1608.13,1610.3 1 0
github.com/nskaggs/perfuncted/cmd/pf/root.go:1611.2,1613.26 3 0
github.com/nskaggs/perfuncted/cmd/pf/root.go:1613.26,1615.17 2 0
github.com/nskaggs/perfuncted/cmd/pf/root.go:1615.17,1617.4 1 0
github.com/nskaggs/perfuncted/cmd/pf/root.go:1618.3,1618.23 1 0
github.com/nskaggs/perfuncted/cmd/pf/root.go:1620.2,1620.17 1 0
github.com/nskaggs/perfuncted/cmd/pf/root.go:1623.54,1624.13 1 0
github.com/nskaggs/perfuncted/cmd/pf/root.go:1624.13,1626.3 1 0
github.com/nskaggs/perfuncted/cmd/pf/root.go:1627.2,1629.26 3 0
github.com/nskaggs/perfuncted/cmd/pf/root.go:1629.26,1631.17 2 0
github.com/nskaggs/perfuncted/cmd/pf/root.go:1631.17,1633.4 1 0
github.com/nskaggs/perfuncted/cmd/pf/root.go:1634.3,1634.23 1 0
github.com/nskaggs/perfuncted/cmd/pf/root.go:1636.2,1636.17 1 0
github.com/nskaggs/perfuncted/cmd/pf/root.go:1639.51,1641.21 2 0
github.com/nskaggs/perfuncted/cmd/pf/root.go:1641.21,1643.3 1 0
github.com/nskaggs/perfuncted/cmd/pf/root.go:1644.2,1645.26 2 0
github.com/nskaggs/perfuncted/cmd/pf/root.go:1645.26,1647.17 2 0
github.com/nskaggs/perfuncted/cmd/pf/root.go:1647.17,1649.4 1 0
github.com/nskaggs/perfuncted/cmd/pf/root.go:1650.3,1650.14 1 0
github.com/nskaggs/perfuncted/cmd/pf/root.go:1652.2,1652.60 1 0
github.com/nskaggs/perfuncted/cmd/pf/root.go:1655.48,1657.16 2 0
github.com/nskaggs/perfuncted/cmd/pf/root.go:1657.16,1659.3 1 0
github.com/nskaggs/perfuncted/cmd/pf/root.go:1660.2,1662.16 3 0
github.com/nskaggs/perfuncted/cmd/pf/root.go:1662.16,1664.3 1 0
github.com/nskaggs/perfuncted/cmd/pf/root.go:1665.2,1665.17 1 0
github.com/nskaggs/perfuncted/cmd/pf/root.go:1669.47,1671.17 2 0
github.com/nskaggs/perfuncted/cmd/pf/root.go:1671.17,1673.3 1 0
github.com/nskaggs/perfuncted/cmd/pf/root.go:1674.2,1675.16 2 0
github.com/nskaggs/perfuncted/cmd/pf/root.go:1675.16,1677.3 1 0
github.com/nskaggs/perfuncted/cmd/pf/root.go:1678.2,1678.60 1 0
github.com/nskaggs/perfuncted/internal/probe/probe.go:16.44,18.25 2 0
github.com/nskaggs/perfuncted/internal/probe/probe.go:18.25,19.40 1 0
github.com/nskaggs/perfuncted/internal/probe/probe.go:19.40,22.4 2 0
github.com/nskaggs/perfuncted/internal/probe/probe.go:24.2,24.16 1 0
github.com/nskaggs/perfuncted/internal/dbusutil/dbus.go:13.45,13.78 1 0
github.com/nskaggs/perfuncted/internal/dbusutil/dbus.go:18.39,19.34 1 0
github.com/nskaggs/perfuncted/internal/dbusutil/dbus.go:19.34,21.3 1 0
github.com/nskaggs/perfuncted/internal/dbusutil/dbus.go:22.2,23.16 2 0
github.com/nskaggs/perfuncted/internal/dbusutil/dbus.go:23.16,25.3 1 0
github.com/nskaggs/perfuncted/internal/dbusutil/dbus.go:26.2,26.39 1 0
github.com/nskaggs/perfuncted/internal/dbusutil/dbus.go:26.39,29.3 2 0
github.com/nskaggs/perfuncted/internal/dbusutil/dbus.go:30.2,30.37 1 0
github.com/nskaggs/perfuncted/internal/dbusutil/dbus.go:30.37,33.3 2 0
github.com/nskaggs/perfuncted/internal/dbusutil/dbus.go:34.2,34.18 1 0
github.com/nskaggs/perfuncted/internal/dbusutil/dbus.go:38.52,40.97 2 0
github.com/nskaggs/perfuncted/internal/dbusutil/dbus.go:40.97,42.3 1 0
github.com/nskaggs/perfuncted/internal/dbusutil/dbus.go:43.2,43.26 1 0
github.com/nskaggs/perfuncted/internal/dbusutil/dbus.go:43.26,44.16 1 0
github.com/nskaggs/perfuncted/internal/dbusutil/dbus.go:44.16,46.4 1 0
github.com/nskaggs/perfuncted/internal/dbusutil/dbus.go:48.2,48.14 1 0
github.com/nskaggs/perfuncted/internal/wl/session.go:37.48,39.39 2 0
github.com/nskaggs/perfuncted/internal/wl/session.go:39.39,44.3 4 0
github.com/nskaggs/perfuncted/internal/wl/session.go:45.2,48.16 3 0
github.com/nskaggs/perfuncted/internal/wl/session.go:48.16,50.3 1 0
github.com/nskaggs/perfuncted/internal/wl/session.go:51.2,53.16 3 0
github.com/nskaggs/perfuncted/internal/wl/session.go:53.16,56.3 2 0
github.com/nskaggs/perfuncted/internal/wl/session.go:57.2,58.42 2 0
github.com/nskaggs/perfuncted/internal/wl/session.go:58.42,58.74 1 0
github.com/nskaggs/perfuncted/internal/wl/session.go:59.2,59.38 1 0
github.com/nskaggs/perfuncted/internal/wl/session.go:59.38,62.3 2 0
github.com/nskaggs/perfuncted/internal/wl/session.go:64.2,66.39 2 0
github.com/nskaggs/perfuncted/internal/wl/session.go:66.39,72.3 4 0
github.com/nskaggs/perfuncted/internal/wl/session.go:73.2,75.15 3 0
github.com/nskaggs/perfuncted/internal/wl/session.go:81.32,83.16 2 0
github.com/nskaggs/perfuncted/internal/wl/session.go:83.16,85.3 1 0
github.com/nskaggs/perfuncted/internal/wl/session.go:86.2,87.27 2 0
github.com/nskaggs/perfuncted/internal/wl/session.go:87.27,87.42 1 0
github.com/nskaggs/perfuncted/internal/wl/session.go:88.2,88.6 1 0
github.com/nskaggs/perfuncted/internal/wl/session.go:88.6,89.42 1 0
github.com/nskaggs/perfuncted/internal/wl/session.go:89.42,91.4 1 0
github.com/nskaggs/perfuncted/internal/wl/session.go:92.3,92.10 1 0
github.com/nskaggs/perfuncted/internal/wl/session.go:93.15,94.14 1 0
github.com/nskaggs/perfuncted/internal/wl/session.go:95.11,95.11 0 0
github.com/nskaggs/perfuncted/internal/wl/session.go:102.33,105.9 3 0
github.com/nskaggs/perfuncted/internal/wl/session.go:105.9,109.3 2 0
github.com/nskaggs/perfuncted/internal/wl/session.go:110.2,111.19 2 0
github.com/nskaggs/perfuncted/internal/wl/session.go:111.19,115.3 3 0
github.com/nskaggs/perfuncted/internal/wl/session.go:116.2,117.12 2 0
github.com/nskaggs/perfuncted/internal/wl/wl.go:42.38,42.53 1 0
github.com/nskaggs/perfuncted/internal/wl/wl.go:43.38,43.51 1 0
github.com/nskaggs/perfuncted/internal/wl/wl.go:44.38,44.51 1 0
github.com/nskaggs/perfuncted/internal/wl/wl.go:45.38,45.54 1 0
github.com/nskaggs/perfuncted/internal/wl/wl.go:54.65,55.22 1 0
github.com/nskaggs/perfuncted/internal/wl/wl.go:55.22,57.3 1 0
github.com/nskaggs/perfuncted/internal/wl/wl.go:70.45,72.16 2 0
github.com/nskaggs/perfuncted/internal/wl/wl.go:72.16,74.3 1 0
github.com/nskaggs/perfuncted/internal/wl/wl.go:75.2,75.78 1 0
github.com/nskaggs/perfuncted/internal/wl/wl.go:79.39,84.2 4 0
github.com/nskaggs/perfuncted/internal/wl/wl.go:88.50,92.2 3 0
github.com/nskaggs/perfuncted/internal/wl/wl.go:95.54,97.16 2 0
github.com/nskaggs/perfuncted/internal/wl/wl.go:97.16,99.3 1 0
github.com/nskaggs/perfuncted/internal/wl/wl.go:100.2,100.40 1 0
github.com/nskaggs/perfuncted/internal/wl/wl.go:100.40,102.3 1 0
github.com/nskaggs/perfuncted/internal/wl/wl.go:103.2,103.12 1 0
github.com/nskaggs/perfuncted/internal/wl/wl.go:108.38,110.57 2 0
github.com/nskaggs/perfuncted/internal/wl/wl.go:110.57,112.3 1 0
github.com/nskaggs/perfuncted/internal/wl/wl.go:113.2,117.14 5 0
github.com/nskaggs/perfuncted/internal/wl/wl.go:117.14,119.3 1 0
github.com/nskaggs/perfuncted/internal/wl/wl.go:120.2,121.14 2 0
github.com/nskaggs/perfuncted/internal/wl/wl.go:121.14,123.56 2 0
github.com/nskaggs/perfuncted/internal/wl/wl.go:123.56,125.4 1 0
github.com/nskaggs/perfuncted/internal/wl/wl.go:127.2,127.40 1 0
github.com/nskaggs/perfuncted/internal/wl/wl.go:127.40,129.3 1 0
github.com/nskaggs/perfuncted/internal/wl/wl.go:130.2,130.12 1 0
github.com/nskaggs/perfuncted/internal/wl/wl.go:134.35,134.62 1 0
github.com/nskaggs/perfuncted/internal/wl/wl.go:138.36,139.35 1 0
github.com/nskaggs/perfuncted/internal/wl/wl.go:139.35,141.3 1 0
github.com/nskaggs/perfuncted/internal/wl/wl.go:142.2,142.25 1 0
github.com/nskaggs/perfuncted/internal/wl/wl.go:148.36,148.58 1 0
github.com/nskaggs/perfuncted/internal/wl/wl.go:151.30,151.53 1 0
github.com/nskaggs/perfuncted/internal/wl/wl.go:153.41,153.75 1 0
github.com/nskaggs/perfuncted/internal/wl/wl.go:158.42,164.29 6 0
github.com/nskaggs/perfuncted/internal/wl/wl.go:164.29,166.3 1 0
github.com/nskaggs/perfuncted/internal/wl/wl.go:167.2,167.12 1 0
github.com/nskaggs/perfuncted/internal/wl/wl.go:176.41,176.70 1 0
github.com/nskaggs/perfuncted/internal/wl/wl.go:178.26,179.30 1 0
github.com/nskaggs/perfuncted/internal/wl/wl.go:179.30,181.3 1 0
github.com/nskaggs/perfuncted/internal/wl/wl.go:182.2,183.16 2 0
github.com/nskaggs/perfuncted/internal/wl/wl.go:183.16,185.3 1 0
github.com/nskaggs/perfuncted/internal/wl/wl.go:186.2,186.26 1 0
github.com/nskaggs/perfuncted/internal/wl/wl.go:186.26,188.3 1 0
github.com/nskaggs/perfuncted/internal/wl/wl.go:189.2,190.15 2 0
github.com/nskaggs/perfuncted/internal/wl/wl.go:190.15,192.3 1 0
github.com/nskaggs/perfuncted/internal/wl/wl.go:193.2,193.33 1 0
github.com/nskaggs/perfuncted/internal/wl/wl.go:202.40,202.69 1 0
github.com/nskaggs/perfuncted/internal/wl/wl.go:205.33,205.49 1 0
github.com/nskaggs/perfuncted/internal/wl/wl.go:208.52,216.2 7 0
github.com/nskaggs/perfuncted/internal/wl/wl.go:219.45,227.2 7 0
github.com/nskaggs/perfuncted/internal/wl/wl.go:230.37,232.16 2 0
github.com/nskaggs/perfuncted/internal/wl/wl.go:232.16,234.3 1 0
github.com/nskaggs/perfuncted/internal/wl/wl.go:235.2,236.26 2 0
github.com/nskaggs/perfuncted/internal/wl/wl.go:236.26,236.48 1 0
github.com/nskaggs/perfuncted/internal/wl/wl.go:237.2,237.6 1 0
github.com/nskaggs/perfuncted/internal/wl/wl.go:237.6,238.42 1 0
github.com/nskaggs/perfuncted/internal/wl/wl.go:238.42,240.4 1 0
github.com/nskaggs/perfuncted/internal/wl/wl.go:241.3,241.10 1 0
github.com/nskaggs/perfuncted/internal/wl/wl.go:242.15,243.14 1 0
github.com/nskaggs/perfuncted/internal/wl/wl.go:244.11,244.11 0 0
github.com/nskaggs/perfuncted/internal/wl/wl.go:265.58,265.81 1 0
github.com/nskaggs/perfuncted/internal/wl/wl.go:268.64,269.60 1 0
github.com/nskaggs/perfuncted/internal/wl/wl.go:269.60,271.3 1 0
github.com/nskaggs/perfuncted/internal/wl/wl.go:272.2,274.37 3 0
github.com/nskaggs/perfuncted/internal/wl/wl.go:274.37,276.3 1 0
github.com/nskaggs/perfuncted/internal/wl/wl.go:277.2,278.43 2 0
github.com/nskaggs/perfuncted/internal/wl/wl.go:278.43,280.3 1 0
github.com/nskaggs/perfuncted/internal/wl/wl.go:281.2,281.21 1 0
github.com/nskaggs/perfuncted/internal/wl/wl.go:286.77,296.2 9 0
github.com/nskaggs/perfuncted/internal/wl/wl.go:307.45,307.66 1 0
github.com/nskaggs/perfuncted/internal/wl/wl.go:310.61,311.41 1 0
github.com/nskaggs/perfuncted/internal/wl/wl.go:311.41,313.3 1 0
github.com/nskaggs/perfuncted/internal/wl/wl.go:322.52,322.53 0 0
github.com/nskaggs/perfuncted/internal/wl/wl.go:326.64,335.2 8 0
github.com/nskaggs/perfuncted/internal/wl/wl.go:341.56,341.57 0 0
github.com/nskaggs/perfuncted/internal/wl/wl.go:344.101,357.2 12 0
github.com/nskaggs/perfuncted/internal/wl/wl.go:360.35,365.2 4 0
github.com/nskaggs/perfuncted/internal/wl/wl.go:371.55,371.56 0 0
github.com/nskaggs/perfuncted/internal/wl/wl.go:374.34,379.2 4 0
github.com/nskaggs/perfuncted/internal/wl/wl.go:385.55,385.56 0 0
github.com/nskaggs/perfuncted/internal/wl/wl.go:389.47,390.16 1 0
github.com/nskaggs/perfuncted/internal/wl/wl.go:390.16,392.3 1 0
github.com/nskaggs/perfuncted/internal/wl/wl.go:393.2,394.16 2 0
github.com/nskaggs/perfuncted/internal/wl/wl.go:394.16,396.3 1 0
github.com/nskaggs/perfuncted/internal/wl/wl.go:397.2,400.16 4 0
github.com/nskaggs/perfuncted/internal/wl/wl.go:400.16,402.3 1 0
github.com/nskaggs/perfuncted/internal/wl/wl.go:403.2,404.49 2 0
github.com/nskaggs/perfuncted/internal/wl/wl.go:404.49,404.81 1 0
github.com/nskaggs/perfuncted/internal/wl/wl.go:405.2,405.44 1 0
github.com/nskaggs/perfuncted/internal/wl/wl.go:405.44,407.3 1 0
github.com/nskaggs/perfuncted/internal/wl/wl.go:408.2,408.16 1 0
github.com/nskaggs/perfuncted/scripts/verify_cli_api.go:16.33,17.13 1 0
github.com/nskaggs/perfuncted/scripts/verify_cli_api.go:17.13,19.3 1 0
github.com/nskaggs/perfuncted/scripts/verify_cli_api.go:20.2,23.30 4 0
github.com/nskaggs/perfuncted/scripts/verify_cli_api.go:23.30,25.109 2 0
github.com/nskaggs/perfuncted/scripts/verify_cli_api.go:25.109,26.20 1 0
github.com/nskaggs/perfuncted/scripts/verify_cli_api.go:26.20,29.5 2 0
github.com/nskaggs/perfuncted/scripts/verify_cli_api.go:31.3,31.41 1 0
github.com/nskaggs/perfuncted/scripts/verify_cli_api.go:33.2,33.18 1 0
github.com/nskaggs/perfuncted/scripts/verify_cli_api.go:33.18,35.3 1 0
github.com/nskaggs/perfuncted/scripts/verify_cli_api.go:36.2,36.33 1 0
github.com/nskaggs/perfuncted/scripts/verify_cli_api.go:39.33,42.23 3 0
github.com/nskaggs/perfuncted/scripts/verify_cli_api.go:42.23,43.14 1 0
github.com/nskaggs/perfuncted/scripts/verify_cli_api.go:43.14,44.12 1 0
github.com/nskaggs/perfuncted/scripts/verify_cli_api.go:46.3,46.12 1 0
github.com/nskaggs/perfuncted/scripts/verify_cli_api.go:46.12,49.4 2 0
github.com/nskaggs/perfuncted/scripts/verify_cli_api.go:51.2,52.12 2 0
github.com/nskaggs/perfuncted/scripts/verify_cli_api.go:59.49,66.35 4 0
github.com/nskaggs/perfuncted/scripts/verify_cli_api.go:66.35,67.33 1 0
github.com/nskaggs/perfuncted/scripts/verify_cli_api.go:67.33,71.15 3 0
github.com/nskaggs/perfuncted/scripts/verify_cli_api.go:71.15,74.5 2 0
github.com/nskaggs/perfuncted/scripts/verify_cli_api.go:79.2,79.37 1 0
github.com/nskaggs/perfuncted/scripts/verify_cli_api.go:79.37,83.3 3 0
github.com/nskaggs/perfuncted/scripts/verify_cli_api.go:85.2,85.16 1 0
github.com/nskaggs/perfuncted/scripts/verify_cli_api.go:88.79,90.16 2 0
github.com/nskaggs/perfuncted/scripts/verify_cli_api.go:90.16,92.3 1 0
github.com/nskaggs/perfuncted/scripts/verify_cli_api.go:93.2,94.9 2 0
github.com/nskaggs/perfuncted/scripts/verify_cli_api.go:94.9,96.3 1 0
github.com/nskaggs/perfuncted/scripts/verify_cli_api.go:99.2,101.32 3 0
github.com/nskaggs/perfuncted/scripts/verify_cli_api.go:101.32,105.19 3 0
github.com/nskaggs/perfuncted/scripts/verify_cli_api.go:105.19,107.4 1 0
github.com/nskaggs/perfuncted/scripts/verify_cli_api.go:109.2,110.21 2 0
github.com/nskaggs/perfuncted/scripts/verify_cli_api.go:110.21,112.3 1 0
github.com/nskaggs/perfuncted/scripts/verify_cli_api.go:113.2,114.17 2 0
github.com/nskaggs/perfuncted/scripts/verify_cli_api.go:117.13,128.16 4 0
github.com/nskaggs/perfuncted/scripts/verify_cli_api.go:128.16,131.3 2 0
github.com/nskaggs/perfuncted/scripts/verify_cli_api.go:133.2,134.25 2 0
github.com/nskaggs/perfuncted/scripts/verify_cli_api.go:134.25,135.51 1 0
github.com/nskaggs/perfuncted/scripts/verify_cli_api.go:135.51,137.9 2 0
github.com/nskaggs/perfuncted/scripts/verify_cli_api.go:140.2,140.20 1 0
github.com/nskaggs/perfuncted/scripts/verify_cli_api.go:140.20,143.3 2 0
github.com/nskaggs/perfuncted/scripts/verify_cli_api.go:145.2,146.38 2 0
github.com/nskaggs/perfuncted/scripts/verify_cli_api.go:146.38,148.17 2 0
github.com/nskaggs/perfuncted/scripts/verify_cli_api.go:148.17,152.12 3 0
github.com/nskaggs/perfuncted/scripts/verify_cli_api.go:154.3,154.19 1 0
github.com/nskaggs/perfuncted/scripts/verify_cli_api.go:158.2,159.16 2 0
github.com/nskaggs/perfuncted/scripts/verify_cli_api.go:159.16,162.3 2 0
github.com/nskaggs/perfuncted/scripts/verify_cli_api.go:163.2,165.30 3 0
github.com/nskaggs/perfuncted/scripts/verify_cli_api.go:165.30,167.90 2 0
github.com/nskaggs/perfuncted/scripts/verify_cli_api.go:167.90,168.12 1 0
github.com/nskaggs/perfuncted/scripts/verify_cli_api.go:170.3,171.15 2 0
github.com/nskaggs/perfuncted/scripts/verify_cli_api.go:171.15,173.12 1 0
github.com/nskaggs/perfuncted/scripts/verify_cli_api.go:175.3,179.23 3 0
github.com/nskaggs/perfuncted/scripts/verify_cli_api.go:179.23,181.4 1 0
github.com/nskaggs/perfuncted/scripts/verify_cli_api.go:182.3,182.24 1 0
github.com/nskaggs/perfuncted/scripts/verify_cli_api.go:186.2,186.27 1 0
github.com/nskaggs/perfuncted/scripts/verify_cli_api.go:186.27,187.30 1 0
github.com/nskaggs/perfuncted/scripts/verify_cli_api.go:187.30,190.4 2 0
github.com/nskaggs/perfuncted/scripts/verify_cli_api.go:193.2,197.30 3 0
github.com/nskaggs/perfuncted/scripts/verify_cli_api.go:197.30,199.37 1 0
github.com/nskaggs/perfuncted/scripts/verify_cli_api.go:199.37,200.12 1 0
github.com/nskaggs/perfuncted/scripts/verify_cli_api.go:202.3,203.35 2 0
github.com/nskaggs/perfuncted/scripts/verify_cli_api.go:203.35,204.47 1 0
github.com/nskaggs/perfuncted/scripts/verify_cli_api.go:204.47,206.5 1 0
github.com/nskaggs/perfuncted/scripts/verify_cli_api.go:208.3,208.25 1 0
github.com/nskaggs/perfuncted/scripts/verify_cli_api.go:208.25,209.18 1 0
github.com/nskaggs/perfuncted/scripts/verify_cli_api.go:209.18,211.5 1 0
github.com/nskaggs/perfuncted/scripts/verify_cli_api.go:216.2,216.34 1 0
github.com/nskaggs/perfuncted/scripts/verify_cli_api.go:216.34,217.37 1 0
github.com/nskaggs/perfuncted/scripts/verify_cli_api.go:217.37,218.12 1 0
github.com/nskaggs/perfuncted/scripts/verify_cli_api.go:220.3,220.28 1 0
github.com/nskaggs/perfuncted/scripts/verify_cli_api.go:220.28,222.47 2 0
github.com/nskaggs/perfuncted/scripts/verify_cli_api.go:222.47,223.41 1 0
github.com/nskaggs/perfuncted/scripts/verify_cli_api.go:223.41,225.11 2 0
github.com/nskaggs/perfuncted/scripts/verify_cli_api.go:228.4,228.11 1 0
github.com/nskaggs/perfuncted/scripts/verify_cli_api.go:228.11,230.5 1 0
github.com/nskaggs/perfuncted/scripts/verify_cli_api.go:234.2,234.54 1 0
github.com/nskaggs/perfuncted/scripts/verify_cli_api.go:234.54,237.3 2 0
github.com/nskaggs/perfuncted/scripts/verify_cli_api.go:239.2,240.27 2 0
github.com/nskaggs/perfuncted/scripts/verify_cli_api.go:240.27,242.34 2 0
github.com/nskaggs/perfuncted/scripts/verify_cli_api.go:242.34,244.4 1 0
github.com/nskaggs/perfuncted/scripts/verify_cli_api.go:246.2,246.27 1 0
github.com/nskaggs/perfuncted/scripts/verify_cli_api.go:246.27,248.34 2 0
github.com/nskaggs/perfuncted/scripts/verify_cli_api.go:248.34,250.4 1 0
github.com/nskaggs/perfuncted/scripts/verify_cli_api.go:253.2,257.27 3 0
github.com/nskaggs/perfuncted/scripts/verify_cli_api.go:257.27,259.3 1 0
github.com/nskaggs/perfuncted/scripts/verify_cli_api.go:260.2,261.12 2 0
