mode: atomic
github.com/nskaggs/perfuncted/clipboard/clipboard.go:40.49,48.34 8 0
github.com/nskaggs/perfuncted/clipboard/clipboard.go:48.34,50.3 1 0
github.com/nskaggs/perfuncted/clipboard/clipboard.go:51.2,51.26 1 0
github.com/nskaggs/perfuncted/clipboard/clipboard.go:54.50,60.34 6 0
github.com/nskaggs/perfuncted/clipboard/clipboard.go:60.34,62.3 1 0
github.com/nskaggs/perfuncted/clipboard/clipboard.go:63.2,63.12 1 0
github.com/nskaggs/perfuncted/clipboard/clipboard.go:66.41,66.55 1 0
github.com/nskaggs/perfuncted/clipboard/clipboard.go:71.32,73.40 2 3
github.com/nskaggs/perfuncted/clipboard/clipboard.go:73.40,74.57 1 2
github.com/nskaggs/perfuncted/clipboard/clipboard.go:74.57,75.59 1 1
github.com/nskaggs/perfuncted/clipboard/clipboard.go:75.59,77.5 1 1
github.com/nskaggs/perfuncted/clipboard/clipboard.go:80.2,80.32 1 2
github.com/nskaggs/perfuncted/clipboard/clipboard.go:80.32,81.55 1 1
github.com/nskaggs/perfuncted/clipboard/clipboard.go:81.55,83.4 1 1
github.com/nskaggs/perfuncted/clipboard/clipboard.go:85.2,85.32 1 1
github.com/nskaggs/perfuncted/find/find.go:27.47,27.73 1 6
github.com/nskaggs/perfuncted/find/find.go:33.56,34.20 1 6
github.com/nskaggs/perfuncted/find/find.go:34.20,36.3 1 6
github.com/nskaggs/perfuncted/find/find.go:37.2,41.39 3 6
github.com/nskaggs/perfuncted/find/find.go:41.39,42.38 1 6
github.com/nskaggs/perfuncted/find/find.go:42.38,46.4 3 18
github.com/nskaggs/perfuncted/find/find.go:47.3,47.19 1 6
github.com/nskaggs/perfuncted/find/find.go:51.2,52.37 2 0
github.com/nskaggs/perfuncted/find/find.go:52.37,53.38 1 0
github.com/nskaggs/perfuncted/find/find.go:53.38,57.4 3 0
github.com/nskaggs/perfuncted/find/find.go:59.2,59.18 1 0
github.com/nskaggs/perfuncted/find/find.go:63.87,65.16 2 0
github.com/nskaggs/perfuncted/find/find.go:65.16,67.3 1 0
github.com/nskaggs/perfuncted/find/find.go:68.2,68.37 1 0
github.com/nskaggs/perfuncted/find/find.go:72.77,74.16 2 1
github.com/nskaggs/perfuncted/find/find.go:74.16,76.3 1 0
github.com/nskaggs/perfuncted/find/find.go:77.2,78.76 2 1
github.com/nskaggs/perfuncted/find/find.go:82.76,85.16 3 1
github.com/nskaggs/perfuncted/find/find.go:85.16,87.3 1 0
github.com/nskaggs/perfuncted/find/find.go:88.2,89.76 2 1
github.com/nskaggs/perfuncted/find/find.go:101.140,102.6 1 0
github.com/nskaggs/perfuncted/find/find.go:102.6,104.17 2 0
github.com/nskaggs/perfuncted/find/find.go:104.17,106.4 1 0
github.com/nskaggs/perfuncted/find/find.go:107.3,107.16 1 0
github.com/nskaggs/perfuncted/find/find.go:107.16,109.4 1 0
github.com/nskaggs/perfuncted/find/find.go:110.3,110.10 1 0
github.com/nskaggs/perfuncted/find/find.go:111.21,112.85 1 0
github.com/nskaggs/perfuncted/find/find.go:113.27,113.27 0 0
github.com/nskaggs/perfuncted/find/find.go:121.149,122.6 1 0
github.com/nskaggs/perfuncted/find/find.go:122.6,124.17 2 0
github.com/nskaggs/perfuncted/find/find.go:124.17,126.4 1 0
github.com/nskaggs/perfuncted/find/find.go:127.3,127.19 1 0
github.com/nskaggs/perfuncted/find/find.go:127.19,129.4 1 0
github.com/nskaggs/perfuncted/find/find.go:130.3,130.10 1 0
github.com/nskaggs/perfuncted/find/find.go:131.21,132.108 1 0
github.com/nskaggs/perfuncted/find/find.go:133.27,133.27 0 0
github.com/nskaggs/perfuncted/find/find.go:145.147,146.17 1 0
github.com/nskaggs/perfuncted/find/find.go:146.17,148.3 1 0
github.com/nskaggs/perfuncted/find/find.go:149.2,153.6 5 0
github.com/nskaggs/perfuncted/find/find.go:153.6,155.17 2 0
github.com/nskaggs/perfuncted/find/find.go:155.17,157.4 1 0
github.com/nskaggs/perfuncted/find/find.go:163.3,165.37 3 0
github.com/nskaggs/perfuncted/find/find.go:165.37,169.11 4 0
github.com/nskaggs/perfuncted/find/find.go:170.22,171.150 1 0
github.com/nskaggs/perfuncted/find/find.go:172.28,172.28 0 0
github.com/nskaggs/perfuncted/find/find.go:174.4,174.12 1 0
github.com/nskaggs/perfuncted/find/find.go:176.3,180.16 4 0
github.com/nskaggs/perfuncted/find/find.go:180.16,182.24 2 0
github.com/nskaggs/perfuncted/find/find.go:182.24,184.5 1 0
github.com/nskaggs/perfuncted/find/find.go:185.9,188.4 2 0
github.com/nskaggs/perfuncted/find/find.go:189.3,189.10 1 0
github.com/nskaggs/perfuncted/find/find.go:190.21,191.149 1 0
github.com/nskaggs/perfuncted/find/find.go:192.27,192.27 0 0
github.com/nskaggs/perfuncted/find/find.go:205.146,206.30 1 0
github.com/nskaggs/perfuncted/find/find.go:206.30,208.3 1 0
github.com/nskaggs/perfuncted/find/find.go:211.2,213.26 3 0
github.com/nskaggs/perfuncted/find/find.go:213.26,216.3 2 0
github.com/nskaggs/perfuncted/find/find.go:217.2,220.6 3 0
github.com/nskaggs/perfuncted/find/find.go:220.6,221.14 1 0
github.com/nskaggs/perfuncted/find/find.go:221.14,224.18 2 0
github.com/nskaggs/perfuncted/find/find.go:224.18,226.5 1 0
github.com/nskaggs/perfuncted/find/find.go:227.4,230.11 2 0
github.com/nskaggs/perfuncted/find/find.go:230.11,232.5 1 0
github.com/nskaggs/perfuncted/find/find.go:232.10,233.32 1 0
github.com/nskaggs/perfuncted/find/find.go:233.32,242.23 3 0
github.com/nskaggs/perfuncted/find/find.go:242.23,244.7 1 0
github.com/nskaggs/perfuncted/find/find.go:248.3,248.15 1 0
github.com/nskaggs/perfuncted/find/find.go:248.15,249.31 1 0
github.com/nskaggs/perfuncted/find/find.go:249.31,251.19 2 0
github.com/nskaggs/perfuncted/find/find.go:251.19,253.6 1 0
github.com/nskaggs/perfuncted/find/find.go:254.5,254.22 1 0
github.com/nskaggs/perfuncted/find/find.go:254.22,256.6 1 0
github.com/nskaggs/perfuncted/find/find.go:259.3,259.10 1 0
github.com/nskaggs/perfuncted/find/find.go:260.21,261.80 1 0
github.com/nskaggs/perfuncted/find/find.go:262.27,262.27 0 0
github.com/nskaggs/perfuncted/find/find.go:273.56,275.2 1 1
github.com/nskaggs/perfuncted/find/find.go:279.112,281.16 2 1
github.com/nskaggs/perfuncted/find/find.go:281.16,283.3 1 0
github.com/nskaggs/perfuncted/find/find.go:285.2,288.44 3 1
github.com/nskaggs/perfuncted/find/find.go:288.44,290.3 1 0
github.com/nskaggs/perfuncted/find/find.go:295.2,300.20 4 1
github.com/nskaggs/perfuncted/find/find.go:300.20,309.49 3 1
github.com/nskaggs/perfuncted/find/find.go:309.49,310.50 1 8
github.com/nskaggs/perfuncted/find/find.go:310.50,313.93 3 132
github.com/nskaggs/perfuncted/find/find.go:313.93,314.14 1 131
github.com/nskaggs/perfuncted/find/find.go:316.5,316.38 1 1
github.com/nskaggs/perfuncted/find/find.go:316.38,318.6 1 1
github.com/nskaggs/perfuncted/find/find.go:321.3,321.70 1 0
github.com/nskaggs/perfuncted/find/find.go:324.2,324.48 1 0
github.com/nskaggs/perfuncted/find/find.go:324.48,325.49 1 0
github.com/nskaggs/perfuncted/find/find.go:325.49,326.70 1 0
github.com/nskaggs/perfuncted/find/find.go:326.70,327.13 1 0
github.com/nskaggs/perfuncted/find/find.go:329.4,329.37 1 0
github.com/nskaggs/perfuncted/find/find.go:329.37,331.5 1 0
github.com/nskaggs/perfuncted/find/find.go:334.2,334.69 1 0
github.com/nskaggs/perfuncted/find/find.go:337.53,344.20 4 3
github.com/nskaggs/perfuncted/find/find.go:344.20,346.32 2 3
github.com/nskaggs/perfuncted/find/find.go:346.32,349.82 3 6
github.com/nskaggs/perfuncted/find/find.go:349.82,351.5 1 1
github.com/nskaggs/perfuncted/find/find.go:353.3,353.14 1 2
github.com/nskaggs/perfuncted/find/find.go:357.2,357.31 1 0
github.com/nskaggs/perfuncted/find/find.go:357.31,358.32 1 0
github.com/nskaggs/perfuncted/find/find.go:358.32,361.20 3 0
github.com/nskaggs/perfuncted/find/find.go:361.20,363.5 1 0
github.com/nskaggs/perfuncted/find/find.go:366.2,366.13 1 0
github.com/nskaggs/perfuncted/find/find.go:371.193,372.20 1 0
github.com/nskaggs/perfuncted/find/find.go:372.20,374.3 1 0
github.com/nskaggs/perfuncted/find/find.go:375.2,382.6 2 0
github.com/nskaggs/perfuncted/find/find.go:382.6,384.17 2 0
github.com/nskaggs/perfuncted/find/find.go:384.17,386.4 1 0
github.com/nskaggs/perfuncted/find/find.go:388.3,393.10 3 0
github.com/nskaggs/perfuncted/find/find.go:393.10,394.44 1 0
github.com/nskaggs/perfuncted/find/find.go:394.44,395.45 1 0
github.com/nskaggs/perfuncted/find/find.go:395.45,399.28 4 0
github.com/nskaggs/perfuncted/find/find.go:399.28,401.7 1 0
github.com/nskaggs/perfuncted/find/find.go:404.9,406.4 1 0
github.com/nskaggs/perfuncted/find/find.go:408.3,408.10 1 0
github.com/nskaggs/perfuncted/find/find.go:409.21,410.88 1 0
github.com/nskaggs/perfuncted/find/find.go:411.27,411.27 0 0
github.com/nskaggs/perfuncted/find/find.go:419.111,421.16 2 0
github.com/nskaggs/perfuncted/find/find.go:421.16,423.3 1 0
github.com/nskaggs/perfuncted/find/find.go:424.2,428.39 2 0
github.com/nskaggs/perfuncted/find/find.go:428.39,429.38 1 0
github.com/nskaggs/perfuncted/find/find.go:429.38,431.39 2 0
github.com/nskaggs/perfuncted/find/find.go:431.39,435.48 2 0
github.com/nskaggs/perfuncted/find/find.go:435.48,437.6 1 0
github.com/nskaggs/perfuncted/find/find.go:438.5,438.13 1 0
github.com/nskaggs/perfuncted/find/find.go:441.3,441.131 1 0
github.com/nskaggs/perfuncted/find/find.go:445.2,445.37 1 0
github.com/nskaggs/perfuncted/find/find.go:445.37,446.38 1 0
github.com/nskaggs/perfuncted/find/find.go:446.38,448.40 2 0
github.com/nskaggs/perfuncted/find/find.go:448.40,450.5 1 0
github.com/nskaggs/perfuncted/find/find.go:453.2,453.130 1 0
github.com/nskaggs/perfuncted/find/find.go:456.48,460.2 1 0
github.com/nskaggs/perfuncted/find/find.go:462.21,463.11 1 0
github.com/nskaggs/perfuncted/find/find.go:463.11,465.3 1 0
github.com/nskaggs/perfuncted/find/find.go:466.2,466.10 1 0
github.com/nskaggs/perfuncted/find/find.go:472.155,473.6 1 0
github.com/nskaggs/perfuncted/find/find.go:473.6,475.17 2 0
github.com/nskaggs/perfuncted/find/find.go:475.17,477.4 1 0
github.com/nskaggs/perfuncted/find/find.go:478.3,478.10 1 0
github.com/nskaggs/perfuncted/find/find.go:479.21,480.106 1 0
github.com/nskaggs/perfuncted/find/find.go:481.27,481.27 0 0
github.com/nskaggs/perfuncted/find/find.go:490.145,491.6 1 0
github.com/nskaggs/perfuncted/find/find.go:491.6,493.17 2 0
github.com/nskaggs/perfuncted/find/find.go:493.17,495.4 1 0
github.com/nskaggs/perfuncted/find/find.go:496.3,496.14 1 0
github.com/nskaggs/perfuncted/find/find.go:496.14,498.4 1 0
github.com/nskaggs/perfuncted/find/find.go:499.3,499.10 1 0
github.com/nskaggs/perfuncted/find/find.go:500.21,501.98 1 0
github.com/nskaggs/perfuncted/find/find.go:502.27,502.27 0 0
github.com/nskaggs/perfuncted/internal/env/env.go:11.71,13.33 2 0
github.com/nskaggs/perfuncted/internal/env/env.go:13.33,17.37 1 0
github.com/nskaggs/perfuncted/internal/env/env.go:17.37,18.12 1 0
github.com/nskaggs/perfuncted/internal/env/env.go:20.3,20.33 1 0
github.com/nskaggs/perfuncted/internal/env/env.go:22.2,30.17 2 0
github.com/nskaggs/perfuncted/internal/env/env.go:37.56,38.24 1 2
github.com/nskaggs/perfuncted/internal/env/env.go:38.24,43.3 3 0
github.com/nskaggs/perfuncted/internal/env/env.go:45.2,47.30 3 2
github.com/nskaggs/perfuncted/internal/env/env.go:47.30,49.12 2 3
github.com/nskaggs/perfuncted/internal/env/env.go:49.12,51.33 1 0
github.com/nskaggs/perfuncted/internal/env/env.go:51.33,53.5 1 0
github.com/nskaggs/perfuncted/internal/env/env.go:54.4,55.12 2 0
github.com/nskaggs/perfuncted/internal/env/env.go:57.3,59.31 3 3
github.com/nskaggs/perfuncted/internal/env/env.go:59.31,61.4 1 3
github.com/nskaggs/perfuncted/internal/env/env.go:62.3,62.17 1 3
github.com/nskaggs/perfuncted/internal/env/env.go:65.2,67.26 3 2
github.com/nskaggs/perfuncted/internal/env/env.go:67.26,69.12 2 5
github.com/nskaggs/perfuncted/internal/env/env.go:69.12,72.12 2 0
github.com/nskaggs/perfuncted/internal/env/env.go:74.3,75.36 2 5
github.com/nskaggs/perfuncted/internal/env/env.go:75.36,77.12 1 2
github.com/nskaggs/perfuncted/internal/env/env.go:79.3,80.17 2 3
github.com/nskaggs/perfuncted/internal/env/env.go:83.2,83.29 1 2
github.com/nskaggs/perfuncted/internal/env/env.go:83.29,87.3 3 3
github.com/nskaggs/perfuncted/internal/env/env.go:88.2,88.12 1 2
github.com/nskaggs/perfuncted/input/input.go:55.47,58.41 1 0
github.com/nskaggs/perfuncted/input/input.go:58.41,59.54 1 0
github.com/nskaggs/perfuncted/input/input.go:59.54,61.4 1 0
github.com/nskaggs/perfuncted/input/input.go:64.3,64.59 1 0
github.com/nskaggs/perfuncted/input/input.go:64.59,65.58 1 0
github.com/nskaggs/perfuncted/input/input.go:65.58,67.5 1 0
github.com/nskaggs/perfuncted/input/input.go:71.2,71.40 1 0
github.com/nskaggs/perfuncted/input/input.go:71.40,72.47 1 0
github.com/nskaggs/perfuncted/input/input.go:72.47,74.4 1 0
github.com/nskaggs/perfuncted/input/input.go:77.2,77.50 1 0
github.com/nskaggs/perfuncted/input/input.go:77.50,79.17 2 0
github.com/nskaggs/perfuncted/input/input.go:79.17,81.4 1 0
github.com/nskaggs/perfuncted/input/input.go:83.3,83.18 1 0
github.com/nskaggs/perfuncted/input/input.go:85.2,85.94 1 0
github.com/nskaggs/perfuncted/input/input.go:91.29,93.27 1 0
github.com/nskaggs/perfuncted/input/input.go:93.27,99.3 1 0
github.com/nskaggs/perfuncted/input/input.go:100.2,104.4 1 0
github.com/nskaggs/perfuncted/input/input.go:107.32,110.13 3 0
github.com/nskaggs/perfuncted/input/input.go:110.13,113.3 2 0
github.com/nskaggs/perfuncted/input/input.go:114.2,115.16 2 0
github.com/nskaggs/perfuncted/input/input.go:115.16,118.3 2 0
github.com/nskaggs/perfuncted/input/input.go:119.2,122.10 4 0
github.com/nskaggs/perfuncted/input/input.go:125.36,128.16 3 0
github.com/nskaggs/perfuncted/input/input.go:128.16,131.3 2 0
github.com/nskaggs/perfuncted/input/input.go:132.2,133.18 2 0
github.com/nskaggs/perfuncted/input/input.go:133.18,136.3 2 0
github.com/nskaggs/perfuncted/input/input.go:137.2,137.47 1 0
github.com/nskaggs/perfuncted/input/input.go:137.47,140.3 2 0
github.com/nskaggs/perfuncted/input/input.go:141.2,141.47 1 0
github.com/nskaggs/perfuncted/input/input.go:141.47,144.3 2 0
github.com/nskaggs/perfuncted/input/input.go:145.2,147.10 3 0
github.com/nskaggs/perfuncted/input/input.go:150.33,153.24 3 0
github.com/nskaggs/perfuncted/input/input.go:153.24,156.3 2 0
github.com/nskaggs/perfuncted/input/input.go:157.2,157.16 1 0
github.com/nskaggs/perfuncted/input/input.go:157.16,160.3 2 0
github.com/nskaggs/perfuncted/input/input.go:161.2,162.16 2 0
github.com/nskaggs/perfuncted/input/input.go:162.16,163.27 1 0
github.com/nskaggs/perfuncted/input/input.go:163.27,165.4 1 0
github.com/nskaggs/perfuncted/input/input.go:165.9,167.4 1 0
github.com/nskaggs/perfuncted/input/input.go:168.3,168.11 1 0
github.com/nskaggs/perfuncted/input/input.go:170.2,173.10 4 0
github.com/nskaggs/perfuncted/input/uinput.go:37.65,38.70 1 0
github.com/nskaggs/perfuncted/input/uinput.go:38.70,40.3 1 0
github.com/nskaggs/perfuncted/input/uinput.go:42.2,43.16 2 0
github.com/nskaggs/perfuncted/input/uinput.go:43.16,44.39 1 0
github.com/nskaggs/perfuncted/input/uinput.go:44.39,48.4 1 0
github.com/nskaggs/perfuncted/input/uinput.go:49.3,49.67 1 0
github.com/nskaggs/perfuncted/input/uinput.go:52.2,53.16 2 0
github.com/nskaggs/perfuncted/input/uinput.go:53.16,56.3 2 0
github.com/nskaggs/perfuncted/input/uinput.go:58.2,58.50 1 0
github.com/nskaggs/perfuncted/input/uinput.go:158.61,159.34 1 0
github.com/nskaggs/perfuncted/input/uinput.go:159.34,161.3 1 0
github.com/nskaggs/perfuncted/input/uinput.go:163.2,163.19 1 0
github.com/nskaggs/perfuncted/input/uinput.go:163.19,164.61 1 0
github.com/nskaggs/perfuncted/input/uinput.go:164.61,166.4 1 0
github.com/nskaggs/perfuncted/input/uinput.go:168.2,168.59 1 0
github.com/nskaggs/perfuncted/input/uinput.go:171.51,173.16 2 0
github.com/nskaggs/perfuncted/input/uinput.go:173.16,175.3 1 0
github.com/nskaggs/perfuncted/input/uinput.go:176.2,176.27 1 0
github.com/nskaggs/perfuncted/input/uinput.go:179.49,181.16 2 0
github.com/nskaggs/perfuncted/input/uinput.go:181.16,183.3 1 0
github.com/nskaggs/perfuncted/input/uinput.go:184.2,184.25 1 0
github.com/nskaggs/perfuncted/input/uinput.go:187.50,189.16 2 0
github.com/nskaggs/perfuncted/input/uinput.go:189.16,191.3 1 0
github.com/nskaggs/perfuncted/input/uinput.go:192.2,192.28 1 0
github.com/nskaggs/perfuncted/input/uinput.go:195.46,196.23 1 0
github.com/nskaggs/perfuncted/input/uinput.go:196.23,198.10 2 0
github.com/nskaggs/perfuncted/input/uinput.go:198.10,200.4 1 0
github.com/nskaggs/perfuncted/input/uinput.go:201.3,201.15 1 0
github.com/nskaggs/perfuncted/input/uinput.go:201.15,202.60 1 0
github.com/nskaggs/perfuncted/input/uinput.go:202.60,204.5 1 0
github.com/nskaggs/perfuncted/input/uinput.go:206.3,206.48 1 0
github.com/nskaggs/perfuncted/input/uinput.go:206.48,207.16 1 0
github.com/nskaggs/perfuncted/input/uinput.go:207.16,209.5 1 0
github.com/nskaggs/perfuncted/input/uinput.go:210.4,210.14 1 0
github.com/nskaggs/perfuncted/input/uinput.go:212.3,212.15 1 0
github.com/nskaggs/perfuncted/input/uinput.go:212.15,213.58 1 0
github.com/nskaggs/perfuncted/input/uinput.go:213.58,215.5 1 0
github.com/nskaggs/perfuncted/input/uinput.go:218.2,218.12 1 0
github.com/nskaggs/perfuncted/input/uinput.go:221.51,223.2 1 0
github.com/nskaggs/perfuncted/input/uinput.go:225.60,226.42 1 0
github.com/nskaggs/perfuncted/input/uinput.go:226.42,228.3 1 0
github.com/nskaggs/perfuncted/input/uinput.go:229.2,229.44 1 0
github.com/nskaggs/perfuncted/input/uinput.go:229.44,231.3 1 0
github.com/nskaggs/perfuncted/input/uinput.go:232.2,232.26 1 0
github.com/nskaggs/perfuncted/input/uinput.go:235.53,236.16 1 0
github.com/nskaggs/perfuncted/input/uinput.go:237.9,238.32 1 0
github.com/nskaggs/perfuncted/input/uinput.go:239.9,240.33 1 0
github.com/nskaggs/perfuncted/input/uinput.go:241.10,242.114 1 0
github.com/nskaggs/perfuncted/input/uinput.go:246.51,247.16 1 0
github.com/nskaggs/perfuncted/input/uinput.go:248.9,249.34 1 0
github.com/nskaggs/perfuncted/input/uinput.go:250.9,251.35 1 0
github.com/nskaggs/perfuncted/input/uinput.go:252.10,253.114 1 0
github.com/nskaggs/perfuncted/input/uinput.go:257.45,258.20 1 0
github.com/nskaggs/perfuncted/input/uinput.go:258.20,260.3 1 0
github.com/nskaggs/perfuncted/input/uinput.go:261.2,262.16 2 0
github.com/nskaggs/perfuncted/input/uinput.go:262.16,264.3 1 0
github.com/nskaggs/perfuncted/input/uinput.go:265.2,266.12 2 0
github.com/nskaggs/perfuncted/input/uinput.go:270.52,271.40 1 0
github.com/nskaggs/perfuncted/input/uinput.go:271.40,273.3 1 0
github.com/nskaggs/perfuncted/input/uinput.go:274.2,274.45 1 0
github.com/nskaggs/perfuncted/input/uinput.go:278.54,279.40 1 0
github.com/nskaggs/perfuncted/input/uinput.go:279.40,281.3 1 0
github.com/nskaggs/perfuncted/input/uinput.go:282.2,282.44 1 0
github.com/nskaggs/perfuncted/input/uinput.go:286.54,287.40 1 0
github.com/nskaggs/perfuncted/input/uinput.go:287.40,289.3 1 0
github.com/nskaggs/perfuncted/input/uinput.go:290.2,290.44 1 0
github.com/nskaggs/perfuncted/input/uinput.go:294.55,295.40 1 0
github.com/nskaggs/perfuncted/input/uinput.go:295.40,297.3 1 0
github.com/nskaggs/perfuncted/input/uinput.go:298.2,298.43 1 0
github.com/nskaggs/perfuncted/input/uinput.go:301.39,303.37 2 0
github.com/nskaggs/perfuncted/input/uinput.go:303.37,305.3 1 0
github.com/nskaggs/perfuncted/input/uinput.go:306.2,306.43 1 0
github.com/nskaggs/perfuncted/input/uinput.go:306.43,308.3 1 0
github.com/nskaggs/perfuncted/input/uinput.go:309.2,309.20 1 0
github.com/nskaggs/perfuncted/input/uinput.go:309.20,310.41 1 0
github.com/nskaggs/perfuncted/input/uinput.go:310.41,312.4 1 0
github.com/nskaggs/perfuncted/input/uinput.go:314.2,314.29 1 0
github.com/nskaggs/perfuncted/input/wl_keyboard.go:64.111,67.71 3 0
github.com/nskaggs/perfuncted/input/wl_keyboard.go:67.71,69.3 1 0
github.com/nskaggs/perfuncted/input/wl_keyboard.go:71.2,73.106 3 0
github.com/nskaggs/perfuncted/input/wl_keyboard.go:73.106,75.3 1 0
github.com/nskaggs/perfuncted/input/wl_keyboard.go:77.2,87.50 9 0
github.com/nskaggs/perfuncted/input/wl_keyboard.go:87.50,89.3 1 0
github.com/nskaggs/perfuncted/input/wl_keyboard.go:93.2,93.35 1 0
github.com/nskaggs/perfuncted/input/wl_keyboard.go:93.35,95.3 1 0
github.com/nskaggs/perfuncted/input/wl_keyboard.go:96.2,96.15 1 0
github.com/nskaggs/perfuncted/input/wl_keyboard.go:99.37,100.54 1 0
github.com/nskaggs/perfuncted/input/wl_keyboard.go:100.54,102.3 1 0
github.com/nskaggs/perfuncted/input/wl_keyboard.go:103.2,103.46 1 0
github.com/nskaggs/perfuncted/input/wl_keyboard.go:103.46,105.3 1 0
github.com/nskaggs/perfuncted/input/wl_keyboard.go:106.2,107.30 2 0
github.com/nskaggs/perfuncted/input/wl_keyboard.go:114.70,115.47 1 0
github.com/nskaggs/perfuncted/input/wl_keyboard.go:115.47,117.3 1 0
github.com/nskaggs/perfuncted/input/wl_keyboard.go:118.2,118.17 1 0
github.com/nskaggs/perfuncted/input/wl_keyboard.go:118.17,120.3 1 0
github.com/nskaggs/perfuncted/input/wl_keyboard.go:121.2,121.12 1 0
github.com/nskaggs/perfuncted/input/wl_keyboard.go:127.49,128.13 1 0
github.com/nskaggs/perfuncted/input/wl_keyboard.go:128.13,130.3 1 0
github.com/nskaggs/perfuncted/input/wl_keyboard.go:131.2,132.38 2 0
github.com/nskaggs/perfuncted/input/wl_keyboard.go:132.38,134.3 1 0
github.com/nskaggs/perfuncted/input/wl_keyboard.go:135.2,135.74 1 0
github.com/nskaggs/perfuncted/input/wl_keyboard.go:135.74,137.3 1 0
github.com/nskaggs/perfuncted/input/wl_keyboard.go:138.2,139.26 2 0
github.com/nskaggs/perfuncted/input/wl_keyboard.go:139.26,141.3 1 0
github.com/nskaggs/perfuncted/input/wl_keyboard.go:142.2,142.22 1 0
github.com/nskaggs/perfuncted/input/wl_keyboard.go:142.22,143.40 1 0
github.com/nskaggs/perfuncted/input/wl_keyboard.go:143.40,145.4 1 0
github.com/nskaggs/perfuncted/input/wl_keyboard.go:147.3,147.36 1 0
github.com/nskaggs/perfuncted/input/wl_keyboard.go:149.2,149.12 1 0
github.com/nskaggs/perfuncted/input/wl_keyboard.go:154.47,155.38 1 0
github.com/nskaggs/perfuncted/input/wl_keyboard.go:155.38,156.77 1 0
github.com/nskaggs/perfuncted/input/wl_keyboard.go:156.77,158.4 1 0
github.com/nskaggs/perfuncted/input/wl_keyboard.go:159.3,159.19 1 0
github.com/nskaggs/perfuncted/input/wl_keyboard.go:161.2,161.26 1 0
github.com/nskaggs/perfuncted/input/wl_keyboard.go:167.49,168.38 1 0
github.com/nskaggs/perfuncted/input/wl_keyboard.go:168.38,169.77 1 0
github.com/nskaggs/perfuncted/input/wl_keyboard.go:169.77,171.4 1 0
github.com/nskaggs/perfuncted/input/wl_keyboard.go:172.3,172.42 1 0
github.com/nskaggs/perfuncted/input/wl_keyboard.go:172.42,174.4 1 0
github.com/nskaggs/perfuncted/input/wl_keyboard.go:175.3,175.35 1 0
github.com/nskaggs/perfuncted/input/wl_keyboard.go:175.35,178.4 2 0
github.com/nskaggs/perfuncted/input/wl_keyboard.go:179.3,180.13 2 0
github.com/nskaggs/perfuncted/input/wl_keyboard.go:183.2,184.21 2 0
github.com/nskaggs/perfuncted/input/wl_keyboard.go:184.21,186.3 1 0
github.com/nskaggs/perfuncted/input/wl_keyboard.go:187.2,187.74 1 0
github.com/nskaggs/perfuncted/input/wl_keyboard.go:187.74,189.3 1 0
github.com/nskaggs/perfuncted/input/wl_keyboard.go:190.2,190.48 1 0
github.com/nskaggs/perfuncted/input/wl_keyboard.go:190.48,192.3 1 0
github.com/nskaggs/perfuncted/input/wl_keyboard.go:193.2,194.12 2 0
github.com/nskaggs/perfuncted/input/wl_keyboard.go:198.51,199.38 1 0
github.com/nskaggs/perfuncted/input/wl_keyboard.go:199.38,202.19 1 0
github.com/nskaggs/perfuncted/input/wl_keyboard.go:202.19,203.64 1 0
github.com/nskaggs/perfuncted/input/wl_keyboard.go:203.64,205.5 1 0
github.com/nskaggs/perfuncted/input/wl_keyboard.go:207.3,207.42 1 0
github.com/nskaggs/perfuncted/input/wl_keyboard.go:207.42,209.4 1 0
github.com/nskaggs/perfuncted/input/wl_keyboard.go:210.3,210.35 1 0
github.com/nskaggs/perfuncted/input/wl_keyboard.go:210.35,213.4 2 0
github.com/nskaggs/perfuncted/input/wl_keyboard.go:214.3,215.13 2 0
github.com/nskaggs/perfuncted/input/wl_keyboard.go:218.2,219.21 2 0
github.com/nskaggs/perfuncted/input/wl_keyboard.go:219.21,221.3 1 0
github.com/nskaggs/perfuncted/input/wl_keyboard.go:222.2,222.35 1 0
github.com/nskaggs/perfuncted/input/wl_keyboard.go:222.35,224.3 1 0
github.com/nskaggs/perfuncted/input/wl_keyboard.go:225.2,225.60 1 0
github.com/nskaggs/perfuncted/input/wl_keyboard.go:225.60,227.3 1 0
github.com/nskaggs/perfuncted/input/wl_keyboard.go:228.2,229.32 2 0
github.com/nskaggs/perfuncted/input/wl_keyboard.go:234.54,237.16 3 0
github.com/nskaggs/perfuncted/input/wl_keyboard.go:237.16,239.3 1 0
github.com/nskaggs/perfuncted/input/wl_keyboard.go:240.2,241.47 2 0
github.com/nskaggs/perfuncted/input/wl_keyboard.go:241.47,243.3 1 0
github.com/nskaggs/perfuncted/input/wl_keyboard.go:244.2,249.64 6 0
github.com/nskaggs/perfuncted/input/wl_keyboard.go:252.59,261.2 8 0
github.com/nskaggs/perfuncted/input/wl_keyboard.go:263.44,270.2 5 0
github.com/nskaggs/perfuncted/input/wl_keyboard.go:272.48,273.46 1 0
github.com/nskaggs/perfuncted/input/wl_keyboard.go:273.46,275.3 1 0
github.com/nskaggs/perfuncted/input/wl_keyboard.go:276.2,277.30 2 0
github.com/nskaggs/perfuncted/input/wl_keyboard.go:283.27,285.2 1 2
github.com/nskaggs/perfuncted/input/wl_keyboard.go:288.40,289.21 1 1
github.com/nskaggs/perfuncted/input/wl_keyboard.go:289.21,291.3 1 0
github.com/nskaggs/perfuncted/input/wl_keyboard.go:292.2,296.26 5 1
github.com/nskaggs/perfuncted/input/wl_keyboard.go:296.26,300.3 3 2
github.com/nskaggs/perfuncted/input/wl_keyboard.go:301.2,301.49 1 1
github.com/nskaggs/perfuncted/input/wl_keyboard.go:306.49,307.19 1 2
github.com/nskaggs/perfuncted/input/wl_keyboard.go:307.19,309.3 1 1
github.com/nskaggs/perfuncted/input/wl_keyboard.go:310.2,312.40 3 1
github.com/nskaggs/perfuncted/input/wl_keyboard.go:315.64,345.2 1 4
github.com/nskaggs/perfuncted/input/wl_keyboard.go:347.30,349.2 1 4
github.com/nskaggs/perfuncted/input/wl_keyboard.go:351.29,353.2 1 4
github.com/nskaggs/perfuncted/input/wl_keyboard.go:356.31,358.2 1 6
github.com/nskaggs/perfuncted/input/wl_keyboard.go:363.60,364.30 1 7
github.com/nskaggs/perfuncted/input/wl_keyboard.go:365.26,366.34 1 1
github.com/nskaggs/perfuncted/input/wl_keyboard.go:367.38,368.35 1 1
github.com/nskaggs/perfuncted/input/wl_keyboard.go:369.22,370.30 1 0
github.com/nskaggs/perfuncted/input/wl_keyboard.go:371.42,372.34 1 0
github.com/nskaggs/perfuncted/input/wl_keyboard.go:373.25,374.34 1 2
github.com/nskaggs/perfuncted/input/wl_keyboard.go:375.23,376.34 1 0
github.com/nskaggs/perfuncted/input/wl_keyboard.go:377.13,378.28 1 0
github.com/nskaggs/perfuncted/input/wl_keyboard.go:379.19,380.35 1 0
github.com/nskaggs/perfuncted/input/wl_keyboard.go:381.16,382.34 1 0
github.com/nskaggs/perfuncted/input/wl_keyboard.go:383.14,384.30 1 0
github.com/nskaggs/perfuncted/input/wl_keyboard.go:385.13,386.28 1 0
github.com/nskaggs/perfuncted/input/wl_keyboard.go:387.36,388.31 1 0
github.com/nskaggs/perfuncted/input/wl_keyboard.go:389.39,390.32 1 0
github.com/nskaggs/perfuncted/input/wl_keyboard.go:391.14,392.30 1 0
github.com/nskaggs/perfuncted/input/wl_keyboard.go:393.15,394.32 1 0
github.com/nskaggs/perfuncted/input/wl_keyboard.go:395.12,396.26 1 0
github.com/nskaggs/perfuncted/input/wl_keyboard.go:397.14,398.30 1 0
github.com/nskaggs/perfuncted/input/wl_keyboard.go:399.12,400.26 1 1
github.com/nskaggs/perfuncted/input/wl_keyboard.go:401.12,402.30 1 0
github.com/nskaggs/perfuncted/input/wl_keyboard.go:403.12,404.30 1 0
github.com/nskaggs/perfuncted/input/wl_keyboard.go:405.12,406.30 1 0
github.com/nskaggs/perfuncted/input/wl_keyboard.go:407.12,408.30 1 0
github.com/nskaggs/perfuncted/input/wl_keyboard.go:409.12,410.30 1 0
github.com/nskaggs/perfuncted/input/wl_keyboard.go:411.12,412.30 1 0
github.com/nskaggs/perfuncted/input/wl_keyboard.go:413.12,414.30 1 0
github.com/nskaggs/perfuncted/input/wl_keyboard.go:415.12,416.30 1 0
github.com/nskaggs/perfuncted/input/wl_keyboard.go:417.13,418.31 1 0
github.com/nskaggs/perfuncted/input/wl_keyboard.go:419.13,420.32 1 0
github.com/nskaggs/perfuncted/input/wl_keyboard.go:421.13,422.32 1 1
github.com/nskaggs/perfuncted/input/wl_keyboard.go:424.2,424.21 1 1
github.com/nskaggs/perfuncted/input/wl_keyboard.go:428.32,429.30 1 5
github.com/nskaggs/perfuncted/input/wl_keyboard.go:430.26,431.18 1 1
github.com/nskaggs/perfuncted/input/wl_keyboard.go:432.38,433.20 1 1
github.com/nskaggs/perfuncted/input/wl_keyboard.go:434.22,435.17 1 1
github.com/nskaggs/perfuncted/input/wl_keyboard.go:436.42,437.17 1 1
github.com/nskaggs/perfuncted/input/wl_keyboard.go:439.2,439.10 1 1
github.com/nskaggs/perfuncted/input/wl_keyboard.go:443.35,446.22 3 5
github.com/nskaggs/perfuncted/input/wl_keyboard.go:446.22,447.15 1 20
github.com/nskaggs/perfuncted/input/wl_keyboard.go:447.15,450.4 2 12
github.com/nskaggs/perfuncted/input/wl_keyboard.go:452.2,452.12 1 5
github.com/nskaggs/perfuncted/input/wl_virtual.go:36.66,38.16 2 0
github.com/nskaggs/perfuncted/input/wl_virtual.go:38.16,40.3 1 0
github.com/nskaggs/perfuncted/input/wl_virtual.go:41.2,43.16 3 0
github.com/nskaggs/perfuncted/input/wl_virtual.go:43.16,46.3 2 0
github.com/nskaggs/perfuncted/input/wl_virtual.go:48.2,54.52 5 0
github.com/nskaggs/perfuncted/input/wl_virtual.go:54.52,55.23 1 0
github.com/nskaggs/perfuncted/input/wl_virtual.go:56.42,58.26 2 0
github.com/nskaggs/perfuncted/input/wl_virtual.go:59.42,61.26 2 0
github.com/nskaggs/perfuncted/input/wl_virtual.go:62.18,63.19 1 0
github.com/nskaggs/perfuncted/input/wl_virtual.go:63.19,65.5 1 0
github.com/nskaggs/perfuncted/input/wl_virtual.go:66.20,67.18 1 0
github.com/nskaggs/perfuncted/input/wl_virtual.go:67.18,69.5 1 0
github.com/nskaggs/perfuncted/input/wl_virtual.go:72.2,72.44 1 0
github.com/nskaggs/perfuncted/input/wl_virtual.go:72.44,75.3 2 0
github.com/nskaggs/perfuncted/input/wl_virtual.go:76.2,76.19 1 0
github.com/nskaggs/perfuncted/input/wl_virtual.go:76.19,79.3 2 0
github.com/nskaggs/perfuncted/input/wl_virtual.go:80.2,80.19 1 0
github.com/nskaggs/perfuncted/input/wl_virtual.go:80.19,83.3 2 0
github.com/nskaggs/perfuncted/input/wl_virtual.go:84.2,84.17 1 0
github.com/nskaggs/perfuncted/input/wl_virtual.go:84.17,87.3 2 0
github.com/nskaggs/perfuncted/input/wl_virtual.go:90.2,92.117 3 0
github.com/nskaggs/perfuncted/input/wl_virtual.go:92.117,95.3 2 0
github.com/nskaggs/perfuncted/input/wl_virtual.go:98.2,101.16 4 0
github.com/nskaggs/perfuncted/input/wl_virtual.go:101.16,102.77 1 0
github.com/nskaggs/perfuncted/input/wl_virtual.go:102.77,103.63 1 0
github.com/nskaggs/perfuncted/input/wl_virtual.go:103.63,104.39 1 0
github.com/nskaggs/perfuncted/input/wl_virtual.go:104.39,107.6 2 0
github.com/nskaggs/perfuncted/input/wl_virtual.go:109.4,109.23 1 0
github.com/nskaggs/perfuncted/input/wl_virtual.go:114.2,121.50 8 0
github.com/nskaggs/perfuncted/input/wl_virtual.go:121.50,124.3 2 0
github.com/nskaggs/perfuncted/input/wl_virtual.go:126.2,127.16 2 0
github.com/nskaggs/perfuncted/input/wl_virtual.go:127.16,130.3 2 0
github.com/nskaggs/perfuncted/input/wl_virtual.go:131.2,133.15 2 0
github.com/nskaggs/perfuncted/input/wl_virtual.go:136.41,138.2 1 0
github.com/nskaggs/perfuncted/input/wl_virtual.go:140.45,145.2 4 0
github.com/nskaggs/perfuncted/input/wl_virtual.go:149.54,158.66 9 0
github.com/nskaggs/perfuncted/input/wl_virtual.go:158.66,160.3 1 0
github.com/nskaggs/perfuncted/input/wl_virtual.go:161.2,161.21 1 0
github.com/nskaggs/perfuncted/input/wl_virtual.go:164.61,171.66 7 0
github.com/nskaggs/perfuncted/input/wl_virtual.go:171.66,173.3 1 0
github.com/nskaggs/perfuncted/input/wl_virtual.go:174.2,174.21 1 0
github.com/nskaggs/perfuncted/input/wl_virtual.go:177.33,178.16 1 0
github.com/nskaggs/perfuncted/input/wl_virtual.go:179.9,180.19 1 0
github.com/nskaggs/perfuncted/input/wl_virtual.go:181.9,182.18 1 0
github.com/nskaggs/perfuncted/input/wl_virtual.go:183.10,184.17 1 0
github.com/nskaggs/perfuncted/input/wl_virtual.go:189.56,189.95 1 0
github.com/nskaggs/perfuncted/input/wl_virtual.go:192.54,192.93 1 0
github.com/nskaggs/perfuncted/input/wl_virtual.go:195.63,196.42 1 0
github.com/nskaggs/perfuncted/input/wl_virtual.go:196.42,198.3 1 0
github.com/nskaggs/perfuncted/input/wl_virtual.go:199.2,200.44 2 0
github.com/nskaggs/perfuncted/input/wl_virtual.go:200.44,202.3 1 0
github.com/nskaggs/perfuncted/input/wl_virtual.go:203.2,204.26 2 0
github.com/nskaggs/perfuncted/input/wl_virtual.go:208.49,208.79 1 0
github.com/nskaggs/perfuncted/input/wl_virtual.go:211.53,211.81 1 0
github.com/nskaggs/perfuncted/input/wl_virtual.go:215.54,215.84 1 0
github.com/nskaggs/perfuncted/input/wl_virtual.go:218.52,218.84 1 0
github.com/nskaggs/perfuncted/input/wl_virtual.go:223.66,233.66 8 0
github.com/nskaggs/perfuncted/input/wl_virtual.go:233.66,235.3 1 0
github.com/nskaggs/perfuncted/input/wl_virtual.go:236.2,236.21 1 0
github.com/nskaggs/perfuncted/input/wl_virtual.go:240.55,240.86 1 0
github.com/nskaggs/perfuncted/input/wl_virtual.go:243.57,243.87 1 0
github.com/nskaggs/perfuncted/input/wl_virtual.go:246.57,246.88 1 0
github.com/nskaggs/perfuncted/input/wl_virtual.go:249.58,249.88 1 0
github.com/nskaggs/perfuncted/input/wl_virtual.go:252.42,252.80 1 0
github.com/nskaggs/perfuncted/input/xtest.go:23.65,25.16 2 0
github.com/nskaggs/perfuncted/input/xtest.go:25.16,27.3 1 0
github.com/nskaggs/perfuncted/input/xtest.go:28.2,28.41 1 0
github.com/nskaggs/perfuncted/input/xtest.go:28.41,31.3 2 0
github.com/nskaggs/perfuncted/input/xtest.go:32.2,33.81 2 0
github.com/nskaggs/perfuncted/input/xtest.go:56.71,58.26 2 0
github.com/nskaggs/perfuncted/input/xtest.go:58.26,61.3 2 0
github.com/nskaggs/perfuncted/input/xtest.go:62.2,62.9 1 0
github.com/nskaggs/perfuncted/input/xtest.go:62.9,64.3 1 0
github.com/nskaggs/perfuncted/input/xtest.go:65.2,68.16 2 0
github.com/nskaggs/perfuncted/input/xtest.go:68.16,70.3 1 0
github.com/nskaggs/perfuncted/input/xtest.go:71.2,73.31 3 0
github.com/nskaggs/perfuncted/input/xtest.go:73.31,74.15 1 0
github.com/nskaggs/perfuncted/input/xtest.go:74.15,76.4 1 0
github.com/nskaggs/perfuncted/input/xtest.go:78.2,78.91 1 0
github.com/nskaggs/perfuncted/input/xtest.go:81.50,83.16 2 0
github.com/nskaggs/perfuncted/input/xtest.go:83.16,85.3 1 0
github.com/nskaggs/perfuncted/input/xtest.go:86.2,86.115 1 0
github.com/nskaggs/perfuncted/input/xtest.go:89.48,91.16 2 0
github.com/nskaggs/perfuncted/input/xtest.go:91.16,93.3 1 0
github.com/nskaggs/perfuncted/input/xtest.go:94.2,94.117 1 0
github.com/nskaggs/perfuncted/input/xtest.go:97.49,98.39 1 0
github.com/nskaggs/perfuncted/input/xtest.go:98.39,100.3 1 0
github.com/nskaggs/perfuncted/input/xtest.go:101.2,102.21 2 0
github.com/nskaggs/perfuncted/input/xtest.go:105.45,106.23 1 0
github.com/nskaggs/perfuncted/input/xtest.go:106.23,107.46 1 0
github.com/nskaggs/perfuncted/input/xtest.go:107.46,109.4 1 0
github.com/nskaggs/perfuncted/input/xtest.go:110.3,110.22 1 0
github.com/nskaggs/perfuncted/input/xtest.go:112.2,112.12 1 0
github.com/nskaggs/perfuncted/input/xtest.go:115.50,118.2 1 0
github.com/nskaggs/perfuncted/input/xtest.go:120.59,121.42 1 0
github.com/nskaggs/perfuncted/input/xtest.go:121.42,123.3 1 0
github.com/nskaggs/perfuncted/input/xtest.go:124.2,124.44 1 0
github.com/nskaggs/perfuncted/input/xtest.go:124.44,126.3 1 0
github.com/nskaggs/perfuncted/input/xtest.go:127.2,128.26 2 0
github.com/nskaggs/perfuncted/input/xtest.go:131.52,134.2 1 0
github.com/nskaggs/perfuncted/input/xtest.go:136.50,139.2 1 0
github.com/nskaggs/perfuncted/input/xtest.go:143.51,144.19 1 0
github.com/nskaggs/perfuncted/input/xtest.go:144.19,145.40 1 0
github.com/nskaggs/perfuncted/input/xtest.go:145.40,147.4 1 0
github.com/nskaggs/perfuncted/input/xtest.go:148.3,148.38 1 0
github.com/nskaggs/perfuncted/input/xtest.go:148.38,150.4 1 0
github.com/nskaggs/perfuncted/input/xtest.go:152.2,152.12 1 0
github.com/nskaggs/perfuncted/input/xtest.go:156.53,157.19 1 0
github.com/nskaggs/perfuncted/input/xtest.go:157.19,158.40 1 0
github.com/nskaggs/perfuncted/input/xtest.go:158.40,160.4 1 0
github.com/nskaggs/perfuncted/input/xtest.go:161.3,161.38 1 0
github.com/nskaggs/perfuncted/input/xtest.go:161.38,163.4 1 0
github.com/nskaggs/perfuncted/input/xtest.go:165.2,165.12 1 0
github.com/nskaggs/perfuncted/input/xtest.go:170.53,171.19 1 0
github.com/nskaggs/perfuncted/input/xtest.go:171.19,172.40 1 0
github.com/nskaggs/perfuncted/input/xtest.go:172.40,174.4 1 0
github.com/nskaggs/perfuncted/input/xtest.go:175.3,175.38 1 0
github.com/nskaggs/perfuncted/input/xtest.go:175.38,177.4 1 0
github.com/nskaggs/perfuncted/input/xtest.go:179.2,179.12 1 0
github.com/nskaggs/perfuncted/input/xtest.go:183.54,184.19 1 0
github.com/nskaggs/perfuncted/input/xtest.go:184.19,185.40 1 0
github.com/nskaggs/perfuncted/input/xtest.go:185.40,187.4 1 0
github.com/nskaggs/perfuncted/input/xtest.go:188.3,188.38 1 0
github.com/nskaggs/perfuncted/input/xtest.go:188.38,190.4 1 0
github.com/nskaggs/perfuncted/input/xtest.go:192.2,192.12 1 0
github.com/nskaggs/perfuncted/input/xtest.go:195.38,198.2 2 0
github.com/nskaggs/perfuncted/screen/extcapture.go:27.57,29.16 2 0
github.com/nskaggs/perfuncted/screen/extcapture.go:29.16,31.3 1 0
github.com/nskaggs/perfuncted/screen/extcapture.go:32.2,33.16 2 0
github.com/nskaggs/perfuncted/screen/extcapture.go:33.16,35.3 1 0
github.com/nskaggs/perfuncted/screen/extcapture.go:36.2,38.16 3 0
github.com/nskaggs/perfuncted/screen/extcapture.go:38.16,41.3 2 0
github.com/nskaggs/perfuncted/screen/extcapture.go:42.2,43.52 2 0
github.com/nskaggs/perfuncted/screen/extcapture.go:43.52,44.23 1 0
github.com/nskaggs/perfuncted/screen/extcapture.go:45.44,47.25 2 0
github.com/nskaggs/perfuncted/screen/extcapture.go:48.20,49.23 1 0
github.com/nskaggs/perfuncted/screen/extcapture.go:49.23,52.77 3 0
github.com/nskaggs/perfuncted/screen/extcapture.go:52.77,54.6 1 0
github.com/nskaggs/perfuncted/screen/extcapture.go:56.17,59.76 3 0
github.com/nskaggs/perfuncted/screen/extcapture.go:59.76,61.5 1 0
github.com/nskaggs/perfuncted/screen/extcapture.go:64.2,64.44 1 0
github.com/nskaggs/perfuncted/screen/extcapture.go:64.44,67.3 2 0
github.com/nskaggs/perfuncted/screen/extcapture.go:68.2,68.18 1 0
github.com/nskaggs/perfuncted/screen/extcapture.go:68.18,71.3 2 0
github.com/nskaggs/perfuncted/screen/extcapture.go:72.2,72.15 1 0
github.com/nskaggs/perfuncted/screen/extcapture.go:79.77,85.119 4 0
github.com/nskaggs/perfuncted/screen/extcapture.go:85.119,87.3 1 0
github.com/nskaggs/perfuncted/screen/extcapture.go:90.2,92.2 3 0
github.com/nskaggs/perfuncted/screen/extcapture.go:92.2,100.51 8 0
github.com/nskaggs/perfuncted/screen/extcapture.go:100.51,102.4 1 0
github.com/nskaggs/perfuncted/screen/extcapture.go:106.2,108.65 3 0
github.com/nskaggs/perfuncted/screen/extcapture.go:108.65,109.17 1 0
github.com/nskaggs/perfuncted/screen/extcapture.go:110.10,112.36 2 0
github.com/nskaggs/perfuncted/screen/extcapture.go:113.10,114.36 1 0
github.com/nskaggs/perfuncted/screen/extcapture.go:117.2,117.46 1 0
github.com/nskaggs/perfuncted/screen/extcapture.go:117.46,119.3 1 0
github.com/nskaggs/perfuncted/screen/extcapture.go:120.2,120.37 1 0
github.com/nskaggs/perfuncted/screen/extcapture.go:120.37,122.3 1 0
github.com/nskaggs/perfuncted/screen/extcapture.go:124.2,127.16 4 0
github.com/nskaggs/perfuncted/screen/extcapture.go:127.16,129.3 1 0
github.com/nskaggs/perfuncted/screen/extcapture.go:130.2,133.16 3 0
github.com/nskaggs/perfuncted/screen/extcapture.go:133.16,135.3 1 0
github.com/nskaggs/perfuncted/screen/extcapture.go:136.2,139.16 3 0
github.com/nskaggs/perfuncted/screen/extcapture.go:139.16,141.3 1 0
github.com/nskaggs/perfuncted/screen/extcapture.go:142.2,145.16 3 0
github.com/nskaggs/perfuncted/screen/extcapture.go:145.16,147.3 1 0
github.com/nskaggs/perfuncted/screen/extcapture.go:148.2,153.2 4 0
github.com/nskaggs/perfuncted/screen/extcapture.go:153.2,159.51 6 0
github.com/nskaggs/perfuncted/screen/extcapture.go:159.51,161.4 1 0
github.com/nskaggs/perfuncted/screen/extcapture.go:165.2,171.51 6 0
github.com/nskaggs/perfuncted/screen/extcapture.go:171.51,173.4 1 0
github.com/nskaggs/perfuncted/screen/extcapture.go:177.2,178.63 2 0
github.com/nskaggs/perfuncted/screen/extcapture.go:178.63,179.17 1 0
github.com/nskaggs/perfuncted/screen/extcapture.go:180.10,180.10 0 0
github.com/nskaggs/perfuncted/screen/extcapture.go:181.10,182.16 1 0
github.com/nskaggs/perfuncted/screen/extcapture.go:183.10,184.17 1 0
github.com/nskaggs/perfuncted/screen/extcapture.go:187.2,192.51 5 0
github.com/nskaggs/perfuncted/screen/extcapture.go:192.51,194.4 1 0
github.com/nskaggs/perfuncted/screen/extcapture.go:197.2,197.24 1 0
github.com/nskaggs/perfuncted/screen/extcapture.go:197.24,198.40 1 0
github.com/nskaggs/perfuncted/screen/extcapture.go:198.40,200.4 1 0
github.com/nskaggs/perfuncted/screen/extcapture.go:202.2,202.12 1 0
github.com/nskaggs/perfuncted/screen/extcapture.go:202.12,204.3 1 0
github.com/nskaggs/perfuncted/screen/extcapture.go:207.2,210.33 2 0
github.com/nskaggs/perfuncted/screen/extcapture.go:213.43,213.81 1 0
github.com/nskaggs/perfuncted/screen/kwinshot.go:39.53,41.16 2 0
github.com/nskaggs/perfuncted/screen/kwinshot.go:41.16,43.3 1 0
github.com/nskaggs/perfuncted/screen/kwinshot.go:44.2,44.46 1 0
github.com/nskaggs/perfuncted/screen/kwinshot.go:44.46,46.3 1 0
github.com/nskaggs/perfuncted/screen/kwinshot.go:47.2,52.58 3 0
github.com/nskaggs/perfuncted/screen/kwinshot.go:52.58,54.3 1 0
github.com/nskaggs/perfuncted/screen/kwinshot.go:55.2,55.15 1 0
github.com/nskaggs/perfuncted/screen/kwinshot.go:62.75,63.18 1 0
github.com/nskaggs/perfuncted/screen/kwinshot.go:63.18,65.3 1 0
github.com/nskaggs/perfuncted/screen/kwinshot.go:66.2,67.16 2 0
github.com/nskaggs/perfuncted/screen/kwinshot.go:67.16,69.3 1 0
github.com/nskaggs/perfuncted/screen/kwinshot.go:70.2,83.21 5 0
github.com/nskaggs/perfuncted/screen/kwinshot.go:83.21,85.3 1 0
github.com/nskaggs/perfuncted/screen/kwinshot.go:86.2,86.45 1 0
github.com/nskaggs/perfuncted/screen/kwinshot.go:86.45,88.3 1 0
github.com/nskaggs/perfuncted/screen/kwinshot.go:90.2,91.16 2 0
github.com/nskaggs/perfuncted/screen/kwinshot.go:91.16,93.3 1 0
github.com/nskaggs/perfuncted/screen/kwinshot.go:94.2,94.46 1 0
github.com/nskaggs/perfuncted/screen/kwinshot.go:105.112,106.63 1 0
github.com/nskaggs/perfuncted/screen/kwinshot.go:106.63,108.3 1 0
github.com/nskaggs/perfuncted/screen/kwinshot.go:110.2,112.37 3 0
github.com/nskaggs/perfuncted/screen/kwinshot.go:112.37,113.48 1 0
github.com/nskaggs/perfuncted/screen/kwinshot.go:113.48,115.4 1 0
github.com/nskaggs/perfuncted/screen/kwinshot.go:120.2,121.37 2 0
github.com/nskaggs/perfuncted/screen/kwinshot.go:121.37,122.50 1 0
github.com/nskaggs/perfuncted/screen/kwinshot.go:122.50,124.4 1 0
github.com/nskaggs/perfuncted/screen/kwinshot.go:127.2,127.26 1 0
github.com/nskaggs/perfuncted/screen/kwinshot.go:127.26,129.3 1 0
github.com/nskaggs/perfuncted/screen/kwinshot.go:131.2,132.25 2 0
github.com/nskaggs/perfuncted/screen/kwinshot.go:132.25,133.26 1 0
github.com/nskaggs/perfuncted/screen/kwinshot.go:133.26,136.14 3 0
github.com/nskaggs/perfuncted/screen/kwinshot.go:136.14,138.5 1 0
github.com/nskaggs/perfuncted/screen/kwinshot.go:138.10,140.5 1 0
github.com/nskaggs/perfuncted/screen/kwinshot.go:141.4,141.63 1 0
github.com/nskaggs/perfuncted/screen/kwinshot.go:144.2,144.17 1 0
github.com/nskaggs/perfuncted/screen/kwinshot.go:148.41,148.55 1 0
github.com/nskaggs/perfuncted/screen/pixels.go:13.60,15.31 2 2
github.com/nskaggs/perfuncted/screen/pixels.go:15.31,19.32 4 4
github.com/nskaggs/perfuncted/screen/pixels.go:19.32,25.4 5 6
github.com/nskaggs/perfuncted/screen/pixels.go:27.2,27.12 1 2
github.com/nskaggs/perfuncted/screen/pixels.go:33.66,36.15 3 2
github.com/nskaggs/perfuncted/screen/pixels.go:36.15,38.3 1 0
github.com/nskaggs/perfuncted/screen/pixels.go:40.2,43.30 4 2
github.com/nskaggs/perfuncted/screen/pixels.go:43.30,47.3 3 5
github.com/nskaggs/perfuncted/screen/pixels.go:48.2,48.12 1 2
github.com/nskaggs/perfuncted/screen/portal_dbus.go:34.50,36.41 2 2
github.com/nskaggs/perfuncted/screen/portal_dbus.go:36.41,38.3 1 0
github.com/nskaggs/perfuncted/screen/portal_dbus.go:39.2,40.9 2 2
github.com/nskaggs/perfuncted/screen/portal_dbus.go:41.36,41.36 0 1
github.com/nskaggs/perfuncted/screen/portal_dbus.go:42.45,43.54 1 0
github.com/nskaggs/perfuncted/screen/portal_dbus.go:44.10,45.53 1 1
github.com/nskaggs/perfuncted/screen/portal_dbus.go:48.2,50.33 3 1
github.com/nskaggs/perfuncted/screen/portal_dbus.go:50.33,51.21 1 20
github.com/nskaggs/perfuncted/screen/portal_dbus.go:51.21,53.12 2 19
github.com/nskaggs/perfuncted/screen/portal_dbus.go:55.3,55.23 1 1
github.com/nskaggs/perfuncted/screen/portal_dbus.go:55.23,57.4 1 0
github.com/nskaggs/perfuncted/screen/portal_dbus.go:58.3,59.17 2 1
github.com/nskaggs/perfuncted/screen/portal_dbus.go:59.17,61.4 1 0
github.com/nskaggs/perfuncted/screen/portal_dbus.go:62.3,63.9 2 1
github.com/nskaggs/perfuncted/screen/portal_dbus.go:65.2,65.24 1 1
github.com/nskaggs/perfuncted/screen/portal_dbus.go:70.57,72.16 2 0
github.com/nskaggs/perfuncted/screen/portal_dbus.go:72.16,74.3 1 0
github.com/nskaggs/perfuncted/screen/portal_dbus.go:75.2,75.44 1 0
github.com/nskaggs/perfuncted/screen/portal_dbus.go:75.44,78.3 2 0
github.com/nskaggs/perfuncted/screen/portal_dbus.go:79.2,79.44 1 0
github.com/nskaggs/perfuncted/screen/portal_dbus.go:84.77,102.16 8 0
github.com/nskaggs/perfuncted/screen/portal_dbus.go:102.16,104.3 1 0
github.com/nskaggs/perfuncted/screen/portal_dbus.go:106.2,112.90 4 0
github.com/nskaggs/perfuncted/screen/portal_dbus.go:112.90,114.3 1 0
github.com/nskaggs/perfuncted/screen/portal_dbus.go:118.2,120.6 3 0
github.com/nskaggs/perfuncted/screen/portal_dbus.go:120.6,121.10 1 0
github.com/nskaggs/perfuncted/screen/portal_dbus.go:122.20,123.25 1 0
github.com/nskaggs/perfuncted/screen/portal_dbus.go:123.25,124.13 1 0
github.com/nskaggs/perfuncted/screen/portal_dbus.go:126.4,127.17 2 0
github.com/nskaggs/perfuncted/screen/portal_dbus.go:127.17,129.5 1 0
github.com/nskaggs/perfuncted/screen/portal_dbus.go:130.4,132.11 3 0
github.com/nskaggs/perfuncted/screen/portal_dbus.go:132.11,134.5 1 0
github.com/nskaggs/perfuncted/screen/portal_dbus.go:135.4,137.18 3 0
github.com/nskaggs/perfuncted/screen/portal_dbus.go:137.18,139.5 1 0
github.com/nskaggs/perfuncted/screen/portal_dbus.go:140.4,141.18 2 0
github.com/nskaggs/perfuncted/screen/portal_dbus.go:141.18,143.5 1 0
github.com/nskaggs/perfuncted/screen/portal_dbus.go:144.4,147.18 4 0
github.com/nskaggs/perfuncted/screen/portal_dbus.go:147.18,149.5 1 0
github.com/nskaggs/perfuncted/screen/portal_dbus.go:150.4,150.20 1 0
github.com/nskaggs/perfuncted/screen/portal_dbus.go:150.20,152.5 1 0
github.com/nskaggs/perfuncted/screen/portal_dbus.go:153.4,156.37 2 0
github.com/nskaggs/perfuncted/screen/portal_dbus.go:156.37,158.5 1 0
github.com/nskaggs/perfuncted/screen/portal_dbus.go:159.4,159.19 1 0
github.com/nskaggs/perfuncted/screen/portal_dbus.go:160.18,161.83 1 0
github.com/nskaggs/perfuncted/screen/portal_dbus.go:166.43,166.68 1 0
github.com/nskaggs/perfuncted/screen/screen.go:31.53,32.32 1 0
github.com/nskaggs/perfuncted/screen/screen.go:32.32,34.3 1 0
github.com/nskaggs/perfuncted/screen/screen.go:37.2,38.16 2 0
github.com/nskaggs/perfuncted/screen/screen.go:38.16,40.3 1 0
github.com/nskaggs/perfuncted/screen/screen.go:41.2,42.32 2 0
github.com/nskaggs/perfuncted/screen/screen.go:42.32,44.3 1 0
github.com/nskaggs/perfuncted/screen/screen.go:45.2,45.28 1 0
github.com/nskaggs/perfuncted/screen/screen.go:49.36,50.29 1 0
github.com/nskaggs/perfuncted/screen/screen.go:51.22,52.49 1 0
github.com/nskaggs/perfuncted/screen/screen.go:52.49,54.4 1 0
github.com/nskaggs/perfuncted/screen/screen.go:58.3,58.51 1 0
github.com/nskaggs/perfuncted/screen/screen.go:58.51,60.4 1 0
github.com/nskaggs/perfuncted/screen/screen.go:61.3,61.93 1 0
github.com/nskaggs/perfuncted/screen/screen.go:63.26,64.54 1 0
github.com/nskaggs/perfuncted/screen/screen.go:64.54,66.4 1 0
github.com/nskaggs/perfuncted/screen/screen.go:67.3,67.51 1 0
github.com/nskaggs/perfuncted/screen/screen.go:67.51,69.4 1 0
github.com/nskaggs/perfuncted/screen/screen.go:70.3,70.92 1 0
github.com/nskaggs/perfuncted/screen/screen.go:72.24,73.51 1 0
github.com/nskaggs/perfuncted/screen/screen.go:73.51,75.4 1 0
github.com/nskaggs/perfuncted/screen/screen.go:76.3,76.78 1 0
github.com/nskaggs/perfuncted/screen/screen.go:78.22,80.20 2 0
github.com/nskaggs/perfuncted/screen/screen.go:80.20,82.4 1 0
github.com/nskaggs/perfuncted/screen/screen.go:83.3,83.32 1 0
github.com/nskaggs/perfuncted/screen/screen.go:85.10,86.54 1 0
github.com/nskaggs/perfuncted/screen/screen.go:86.54,88.4 1 0
github.com/nskaggs/perfuncted/screen/screen.go:89.3,89.51 1 0
github.com/nskaggs/perfuncted/screen/screen.go:89.51,91.4 1 0
github.com/nskaggs/perfuncted/screen/screen.go:92.3,92.51 1 0
github.com/nskaggs/perfuncted/screen/screen.go:92.51,94.4 1 0
github.com/nskaggs/perfuncted/screen/screen.go:95.3,95.67 1 0
github.com/nskaggs/perfuncted/screen/screen.go:100.29,110.2 3 0
github.com/nskaggs/perfuncted/screen/screen.go:112.58,114.28 2 0
github.com/nskaggs/perfuncted/screen/screen.go:114.28,117.3 2 0
github.com/nskaggs/perfuncted/screen/screen.go:120.2,121.16 2 0
github.com/nskaggs/perfuncted/screen/screen.go:121.16,126.3 2 0
github.com/nskaggs/perfuncted/screen/screen.go:127.2,130.10 4 0
github.com/nskaggs/perfuncted/screen/screen.go:133.63,135.20 2 0
github.com/nskaggs/perfuncted/screen/screen.go:135.20,138.3 2 0
github.com/nskaggs/perfuncted/screen/screen.go:139.2,139.43 1 0
github.com/nskaggs/perfuncted/screen/screen.go:139.43,142.3 2 0
github.com/nskaggs/perfuncted/screen/screen.go:142.8,144.3 1 0
github.com/nskaggs/perfuncted/screen/screen.go:145.2,145.10 1 0
github.com/nskaggs/perfuncted/screen/screen.go:148.60,150.20 2 0
github.com/nskaggs/perfuncted/screen/screen.go:150.20,153.3 2 0
github.com/nskaggs/perfuncted/screen/screen.go:154.2,154.50 1 0
github.com/nskaggs/perfuncted/screen/screen.go:154.50,157.3 2 0
github.com/nskaggs/perfuncted/screen/screen.go:157.8,159.3 1 0
github.com/nskaggs/perfuncted/screen/screen.go:160.2,160.10 1 0
github.com/nskaggs/perfuncted/screen/screen.go:163.37,166.16 3 0
github.com/nskaggs/perfuncted/screen/screen.go:166.16,169.3 2 0
github.com/nskaggs/perfuncted/screen/screen.go:170.2,171.65 2 0
github.com/nskaggs/perfuncted/screen/screen.go:171.65,174.3 2 0
github.com/nskaggs/perfuncted/screen/screen.go:174.8,176.3 1 0
github.com/nskaggs/perfuncted/screen/screen.go:177.2,177.10 1 0
github.com/nskaggs/perfuncted/screen/wlrscreencopy.go:23.63,25.16 2 0
github.com/nskaggs/perfuncted/screen/wlrscreencopy.go:25.16,27.3 1 0
github.com/nskaggs/perfuncted/screen/wlrscreencopy.go:29.2,30.16 2 0
github.com/nskaggs/perfuncted/screen/wlrscreencopy.go:30.16,32.3 1 0
github.com/nskaggs/perfuncted/screen/wlrscreencopy.go:33.2,37.16 4 0
github.com/nskaggs/perfuncted/screen/wlrscreencopy.go:37.16,39.3 1 0
github.com/nskaggs/perfuncted/screen/wlrscreencopy.go:41.2,42.52 2 0
github.com/nskaggs/perfuncted/screen/wlrscreencopy.go:42.52,43.51 1 0
github.com/nskaggs/perfuncted/screen/wlrscreencopy.go:43.51,45.4 1 0
github.com/nskaggs/perfuncted/screen/wlrscreencopy.go:48.2,48.44 1 0
github.com/nskaggs/perfuncted/screen/wlrscreencopy.go:48.44,50.3 1 0
github.com/nskaggs/perfuncted/screen/wlrscreencopy.go:51.2,51.12 1 0
github.com/nskaggs/perfuncted/screen/wlrscreencopy.go:51.12,53.3 1 0
github.com/nskaggs/perfuncted/screen/wlrscreencopy.go:54.2,54.47 1 0
github.com/nskaggs/perfuncted/screen/wlrscreencopy.go:59.80,61.16 2 0
github.com/nskaggs/perfuncted/screen/wlrscreencopy.go:61.16,63.3 1 0
github.com/nskaggs/perfuncted/screen/wlrscreencopy.go:64.2,68.16 4 0
github.com/nskaggs/perfuncted/screen/wlrscreencopy.go:68.16,70.3 1 0
github.com/nskaggs/perfuncted/screen/wlrscreencopy.go:72.2,76.52 4 0
github.com/nskaggs/perfuncted/screen/wlrscreencopy.go:76.52,77.23 1 0
github.com/nskaggs/perfuncted/screen/wlrscreencopy.go:78.37,80.23 2 0
github.com/nskaggs/perfuncted/screen/wlrscreencopy.go:81.20,82.21 1 0
github.com/nskaggs/perfuncted/screen/wlrscreencopy.go:82.21,86.79 4 0
github.com/nskaggs/perfuncted/screen/wlrscreencopy.go:86.79,88.6 1 0
github.com/nskaggs/perfuncted/screen/wlrscreencopy.go:90.17,93.74 3 0
github.com/nskaggs/perfuncted/screen/wlrscreencopy.go:93.74,95.5 1 0
github.com/nskaggs/perfuncted/screen/wlrscreencopy.go:99.2,99.44 1 0
github.com/nskaggs/perfuncted/screen/wlrscreencopy.go:99.44,101.3 1 0
github.com/nskaggs/perfuncted/screen/wlrscreencopy.go:102.2,102.18 1 0
github.com/nskaggs/perfuncted/screen/wlrscreencopy.go:102.18,104.3 1 0
github.com/nskaggs/perfuncted/screen/wlrscreencopy.go:105.2,105.33 1 0
github.com/nskaggs/perfuncted/screen/wlrscreencopy.go:105.33,107.3 1 0
github.com/nskaggs/perfuncted/screen/wlrscreencopy.go:110.2,112.108 3 0
github.com/nskaggs/perfuncted/screen/wlrscreencopy.go:112.108,114.3 1 0
github.com/nskaggs/perfuncted/screen/wlrscreencopy.go:116.2,120.97 3 0
github.com/nskaggs/perfuncted/screen/wlrscreencopy.go:120.97,122.3 1 0
github.com/nskaggs/perfuncted/screen/wlrscreencopy.go:124.2,128.66 4 0
github.com/nskaggs/perfuncted/screen/wlrscreencopy.go:128.66,129.17 1 0
github.com/nskaggs/perfuncted/screen/wlrscreencopy.go:130.10,134.38 4 0
github.com/nskaggs/perfuncted/screen/wlrscreencopy.go:135.10,136.16 1 0
github.com/nskaggs/perfuncted/screen/wlrscreencopy.go:137.10,138.17 1 0
github.com/nskaggs/perfuncted/screen/wlrscreencopy.go:139.10,140.18 1 0
github.com/nskaggs/perfuncted/screen/wlrscreencopy.go:145.2,145.43 1 0
github.com/nskaggs/perfuncted/screen/wlrscreencopy.go:145.43,146.40 1 0
github.com/nskaggs/perfuncted/screen/wlrscreencopy.go:146.40,148.4 1 0
github.com/nskaggs/perfuncted/screen/wlrscreencopy.go:150.2,150.12 1 0
github.com/nskaggs/perfuncted/screen/wlrscreencopy.go:150.12,152.3 1 0
github.com/nskaggs/perfuncted/screen/wlrscreencopy.go:155.2,157.16 3 0
github.com/nskaggs/perfuncted/screen/wlrscreencopy.go:157.16,159.3 1 0
github.com/nskaggs/perfuncted/screen/wlrscreencopy.go:160.2,163.16 3 0
github.com/nskaggs/perfuncted/screen/wlrscreencopy.go:163.16,165.3 1 0
github.com/nskaggs/perfuncted/screen/wlrscreencopy.go:166.2,169.16 3 0
github.com/nskaggs/perfuncted/screen/wlrscreencopy.go:169.16,171.3 1 0
github.com/nskaggs/perfuncted/screen/wlrscreencopy.go:172.2,175.16 3 0
github.com/nskaggs/perfuncted/screen/wlrscreencopy.go:175.16,177.3 1 0
github.com/nskaggs/perfuncted/screen/wlrscreencopy.go:178.2,180.72 2 0
github.com/nskaggs/perfuncted/screen/wlrscreencopy.go:180.72,182.3 1 0
github.com/nskaggs/perfuncted/screen/wlrscreencopy.go:184.2,184.24 1 0
github.com/nskaggs/perfuncted/screen/wlrscreencopy.go:184.24,185.40 1 0
github.com/nskaggs/perfuncted/screen/wlrscreencopy.go:185.40,187.4 1 0
github.com/nskaggs/perfuncted/screen/wlrscreencopy.go:189.2,189.12 1 0
github.com/nskaggs/perfuncted/screen/wlrscreencopy.go:189.12,191.3 1 0
github.com/nskaggs/perfuncted/screen/wlrscreencopy.go:194.2,197.38 2 0
github.com/nskaggs/perfuncted/screen/wlrscreencopy.go:197.38,199.3 1 0
github.com/nskaggs/perfuncted/screen/wlrscreencopy.go:202.2,202.33 1 0
github.com/nskaggs/perfuncted/screen/wlrscreencopy.go:207.63,209.16 2 0
github.com/nskaggs/perfuncted/screen/wlrscreencopy.go:209.16,211.3 1 0
github.com/nskaggs/perfuncted/screen/wlrscreencopy.go:212.2,213.38 2 0
github.com/nskaggs/perfuncted/screen/wlrscreencopy.go:216.46,216.60 1 0
github.com/nskaggs/perfuncted/screen/wlrscreencopy.go:227.67,228.25 1 0
github.com/nskaggs/perfuncted/screen/wlrscreencopy.go:228.25,230.3 1 0
github.com/nskaggs/perfuncted/screen/wlrscreencopy.go:235.97,244.2 8 0
github.com/nskaggs/perfuncted/screen/wlrscreencopy.go:247.68,254.2 6 0
github.com/nskaggs/perfuncted/screen/x11.go:30.61,32.16 2 0
github.com/nskaggs/perfuncted/screen/x11.go:32.16,34.3 1 0
github.com/nskaggs/perfuncted/screen/x11.go:35.2,38.33 4 0
github.com/nskaggs/perfuncted/screen/x11.go:38.33,40.3 1 0
github.com/nskaggs/perfuncted/screen/x11.go:41.2,41.15 1 0
github.com/nskaggs/perfuncted/screen/x11.go:47.70,50.20 2 0
github.com/nskaggs/perfuncted/screen/x11.go:50.20,54.17 2 0
github.com/nskaggs/perfuncted/screen/x11.go:54.17,56.70 2 0
github.com/nskaggs/perfuncted/screen/x11.go:56.70,59.5 2 0
github.com/nskaggs/perfuncted/screen/x11.go:63.2,71.16 7 0
github.com/nskaggs/perfuncted/screen/x11.go:71.16,73.3 1 0
github.com/nskaggs/perfuncted/screen/x11.go:75.2,75.62 1 0
github.com/nskaggs/perfuncted/screen/x11.go:79.36,82.2 2 0
github.com/nskaggs/perfuncted/pftest/pftest.go:56.73,57.18 1 1
github.com/nskaggs/perfuncted/pftest/pftest.go:57.18,59.3 1 0
github.com/nskaggs/perfuncted/pftest/pftest.go:60.2,62.24 3 1
github.com/nskaggs/perfuncted/pftest/pftest.go:62.24,64.13 2 0
github.com/nskaggs/perfuncted/pftest/pftest.go:64.13,66.4 1 0
github.com/nskaggs/perfuncted/pftest/pftest.go:67.3,67.13 1 0
github.com/nskaggs/perfuncted/pftest/pftest.go:67.13,69.4 1 0
github.com/nskaggs/perfuncted/pftest/pftest.go:70.3,70.52 1 0
github.com/nskaggs/perfuncted/pftest/pftest.go:72.2,73.29 2 1
github.com/nskaggs/perfuncted/pftest/pftest.go:73.29,75.3 1 0
github.com/nskaggs/perfuncted/pftest/pftest.go:76.2,76.15 1 1
github.com/nskaggs/perfuncted/pftest/pftest.go:81.56,82.23 1 1
github.com/nskaggs/perfuncted/pftest/pftest.go:82.23,85.3 2 1
github.com/nskaggs/perfuncted/pftest/pftest.go:86.2,86.31 1 0
github.com/nskaggs/perfuncted/pftest/pftest.go:90.33,94.2 3 0
github.com/nskaggs/perfuncted/pftest/pftest.go:97.39,97.53 1 0
github.com/nskaggs/perfuncted/pftest/pftest.go:101.53,103.25 2 1
github.com/nskaggs/perfuncted/pftest/pftest.go:103.25,104.26 1 8
github.com/nskaggs/perfuncted/pftest/pftest.go:104.26,106.4 1 64
github.com/nskaggs/perfuncted/pftest/pftest.go:108.2,108.12 1 1
github.com/nskaggs/perfuncted/pftest/pftest.go:129.37,133.2 3 1
github.com/nskaggs/perfuncted/pftest/pftest.go:135.46,135.87 2 0
github.com/nskaggs/perfuncted/pftest/pftest.go:136.46,136.85 2 0
github.com/nskaggs/perfuncted/pftest/pftest.go:137.46,137.86 2 1
github.com/nskaggs/perfuncted/pftest/pftest.go:138.46,138.85 2 0
github.com/nskaggs/perfuncted/pftest/pftest.go:139.46,139.85 2 0
github.com/nskaggs/perfuncted/pftest/pftest.go:140.46,140.83 2 0
github.com/nskaggs/perfuncted/pftest/pftest.go:141.46,141.104 2 0
github.com/nskaggs/perfuncted/pftest/pftest.go:142.46,142.106 2 0
github.com/nskaggs/perfuncted/pftest/pftest.go:143.46,143.106 2 0
github.com/nskaggs/perfuncted/pftest/pftest.go:144.45,147.2 2 0
github.com/nskaggs/perfuncted/pftest/pftest.go:148.46,148.105 2 0
github.com/nskaggs/perfuncted/pftest/pftest.go:149.50,152.2 2 0
github.com/nskaggs/perfuncted/pftest/pftest.go:153.34,153.48 1 0
github.com/nskaggs/perfuncted/pftest/pftest.go:157.35,161.28 4 0
github.com/nskaggs/perfuncted/pftest/pftest.go:161.28,162.49 1 0
github.com/nskaggs/perfuncted/pftest/pftest.go:162.49,164.4 1 0
github.com/nskaggs/perfuncted/pftest/pftest.go:166.2,166.19 1 0
github.com/nskaggs/perfuncted/pftest/pftest.go:170.28,174.2 3 0
github.com/nskaggs/perfuncted/pftest/pftest.go:197.49,198.18 1 0
github.com/nskaggs/perfuncted/pftest/pftest.go:198.18,200.3 1 0
github.com/nskaggs/perfuncted/pftest/pftest.go:201.2,203.23 3 0
github.com/nskaggs/perfuncted/pftest/pftest.go:203.23,205.3 1 0
github.com/nskaggs/perfuncted/pftest/pftest.go:206.2,207.32 2 0
github.com/nskaggs/perfuncted/pftest/pftest.go:207.32,209.3 1 0
github.com/nskaggs/perfuncted/pftest/pftest.go:210.2,210.15 1 0
github.com/nskaggs/perfuncted/pftest/pftest.go:213.48,214.18 1 0
github.com/nskaggs/perfuncted/pftest/pftest.go:214.18,216.3 1 0
github.com/nskaggs/perfuncted/pftest/pftest.go:217.2,220.12 4 0
github.com/nskaggs/perfuncted/pftest/pftest.go:223.49,224.18 1 0
github.com/nskaggs/perfuncted/pftest/pftest.go:224.18,226.3 1 0
github.com/nskaggs/perfuncted/pftest/pftest.go:227.2,229.24 3 0
github.com/nskaggs/perfuncted/pftest/pftest.go:229.24,231.3 1 0
github.com/nskaggs/perfuncted/pftest/pftest.go:232.2,233.34 2 0
github.com/nskaggs/perfuncted/pftest/pftest.go:233.34,235.3 1 0
github.com/nskaggs/perfuncted/pftest/pftest.go:236.2,236.15 1 0
github.com/nskaggs/perfuncted/pftest/pftest.go:239.56,239.72 1 0
github.com/nskaggs/perfuncted/pftest/pftest.go:240.56,240.72 1 0
github.com/nskaggs/perfuncted/pftest/pftest.go:241.56,241.72 1 0
github.com/nskaggs/perfuncted/pftest/pftest.go:242.56,242.72 1 0
github.com/nskaggs/perfuncted/pftest/pftest.go:243.56,243.72 1 0
github.com/nskaggs/perfuncted/pftest/pftest.go:244.56,244.70 1 0
github.com/nskaggs/perfuncted/pftest/pftest.go:247.27,253.2 5 0
github.com/nskaggs/perfuncted/pftest/pftest.go:265.44,265.71 1 1
github.com/nskaggs/perfuncted/pftest/pftest.go:266.44,266.78 2 0
github.com/nskaggs/perfuncted/pftest/pftest.go:267.44,267.58 1 0
github.com/nskaggs/perfuncted/pftest/pftest.go:274.96,276.15 2 2
github.com/nskaggs/perfuncted/pftest/pftest.go:276.15,278.3 1 1
github.com/nskaggs/perfuncted/pftest/pftest.go:279.2,279.16 1 2
github.com/nskaggs/perfuncted/pftest/pftest.go:279.16,281.3 1 1
github.com/nskaggs/perfuncted/pftest/pftest.go:282.2,282.16 1 2
github.com/nskaggs/perfuncted/pftest/pftest.go:282.16,284.3 1 1
github.com/nskaggs/perfuncted/pftest/pftest.go:285.2,285.15 1 2
github.com/nskaggs/perfuncted/pftest/pftest.go:285.15,287.3 1 1
github.com/nskaggs/perfuncted/pftest/pftest.go:288.2,288.11 1 2
github.com/nskaggs/perfuncted/perfuncted.go:75.78,77.16 2 0
github.com/nskaggs/perfuncted/perfuncted.go:77.16,79.3 1 0
github.com/nskaggs/perfuncted/perfuncted.go:80.2,80.23 1 0
github.com/nskaggs/perfuncted/perfuncted.go:80.23,82.3 1 0
github.com/nskaggs/perfuncted/perfuncted.go:83.2,83.22 1 0
github.com/nskaggs/perfuncted/perfuncted.go:83.22,85.3 1 0
github.com/nskaggs/perfuncted/perfuncted.go:87.2,91.16 3 0
github.com/nskaggs/perfuncted/perfuncted.go:91.16,93.3 1 0
github.com/nskaggs/perfuncted/perfuncted.go:94.2,95.31 2 0
github.com/nskaggs/perfuncted/perfuncted.go:95.31,96.40 1 0
github.com/nskaggs/perfuncted/perfuncted.go:96.40,98.9 2 0
github.com/nskaggs/perfuncted/perfuncted.go:101.2,101.20 1 0
github.com/nskaggs/perfuncted/perfuncted.go:101.20,103.3 1 0
github.com/nskaggs/perfuncted/perfuncted.go:105.2,105.71 1 0
github.com/nskaggs/perfuncted/perfuncted.go:110.63,117.52 4 0
github.com/nskaggs/perfuncted/perfuncted.go:117.52,122.3 4 0
github.com/nskaggs/perfuncted/perfuncted.go:125.2,126.36 2 0
github.com/nskaggs/perfuncted/perfuncted.go:126.36,131.3 4 0
github.com/nskaggs/perfuncted/perfuncted.go:133.2,135.24 3 0
github.com/nskaggs/perfuncted/perfuncted.go:143.46,144.28 1 14
github.com/nskaggs/perfuncted/perfuncted.go:144.28,146.3 1 0
github.com/nskaggs/perfuncted/perfuncted.go:147.2,147.12 1 14
github.com/nskaggs/perfuncted/perfuncted.go:151.70,152.43 1 3
github.com/nskaggs/perfuncted/perfuncted.go:152.43,154.3 1 0
github.com/nskaggs/perfuncted/perfuncted.go:155.2,155.50 1 3
github.com/nskaggs/perfuncted/perfuncted.go:161.132,162.43 1 0
github.com/nskaggs/perfuncted/perfuncted.go:162.43,164.3 1 0
github.com/nskaggs/perfuncted/perfuncted.go:165.2,165.75 1 0
github.com/nskaggs/perfuncted/perfuncted.go:173.130,174.43 1 0
github.com/nskaggs/perfuncted/perfuncted.go:174.43,176.3 1 0
github.com/nskaggs/perfuncted/perfuncted.go:177.2,177.76 1 0
github.com/nskaggs/perfuncted/perfuncted.go:186.143,187.43 1 1
github.com/nskaggs/perfuncted/perfuncted.go:187.43,189.3 1 0
github.com/nskaggs/perfuncted/perfuncted.go:190.2,191.16 2 1
github.com/nskaggs/perfuncted/perfuncted.go:191.16,193.3 1 0
github.com/nskaggs/perfuncted/perfuncted.go:194.2,195.93 2 1
github.com/nskaggs/perfuncted/perfuncted.go:195.93,197.3 1 0
github.com/nskaggs/perfuncted/perfuncted.go:198.2,198.76 1 1
github.com/nskaggs/perfuncted/perfuncted.go:202.123,203.43 1 0
github.com/nskaggs/perfuncted/perfuncted.go:203.43,205.3 1 0
github.com/nskaggs/perfuncted/perfuncted.go:206.2,206.66 1 0
github.com/nskaggs/perfuncted/perfuncted.go:210.134,211.43 1 0
github.com/nskaggs/perfuncted/perfuncted.go:211.43,213.3 1 0
github.com/nskaggs/perfuncted/perfuncted.go:214.2,214.68 1 0
github.com/nskaggs/perfuncted/perfuncted.go:218.111,219.43 1 0
github.com/nskaggs/perfuncted/perfuncted.go:219.43,221.3 1 0
github.com/nskaggs/perfuncted/perfuncted.go:222.2,222.65 1 0
github.com/nskaggs/perfuncted/perfuncted.go:226.54,227.43 1 4
github.com/nskaggs/perfuncted/perfuncted.go:227.43,229.3 1 0
github.com/nskaggs/perfuncted/perfuncted.go:230.2,230.43 1 4
github.com/nskaggs/perfuncted/perfuncted.go:234.55,236.16 2 1
github.com/nskaggs/perfuncted/perfuncted.go:236.16,238.3 1 0
github.com/nskaggs/perfuncted/perfuncted.go:239.2,239.39 1 1
github.com/nskaggs/perfuncted/perfuncted.go:243.54,245.16 2 3
github.com/nskaggs/perfuncted/perfuncted.go:245.16,247.3 1 0
github.com/nskaggs/perfuncted/perfuncted.go:248.2,248.43 1 3
github.com/nskaggs/perfuncted/perfuncted.go:258.129,259.43 1 2
github.com/nskaggs/perfuncted/perfuncted.go:259.43,261.3 1 0
github.com/nskaggs/perfuncted/perfuncted.go:262.2,262.77 1 2
github.com/nskaggs/perfuncted/perfuncted.go:273.138,274.43 1 2
github.com/nskaggs/perfuncted/perfuncted.go:274.43,276.3 1 0
github.com/nskaggs/perfuncted/perfuncted.go:277.2,278.38 2 2
github.com/nskaggs/perfuncted/perfuncted.go:278.38,280.3 1 0
github.com/nskaggs/perfuncted/perfuncted.go:281.2,282.16 2 2
github.com/nskaggs/perfuncted/perfuncted.go:282.16,284.3 1 0
github.com/nskaggs/perfuncted/perfuncted.go:285.2,285.94 1 2
github.com/nskaggs/perfuncted/perfuncted.go:285.94,287.3 1 1
github.com/nskaggs/perfuncted/perfuncted.go:288.2,288.77 1 1
github.com/nskaggs/perfuncted/perfuncted.go:294.144,295.43 1 1
github.com/nskaggs/perfuncted/perfuncted.go:295.43,297.3 1 0
github.com/nskaggs/perfuncted/perfuncted.go:298.2,298.61 1 1
github.com/nskaggs/perfuncted/perfuncted.go:302.176,303.43 1 1
github.com/nskaggs/perfuncted/perfuncted.go:303.43,305.3 1 0
github.com/nskaggs/perfuncted/perfuncted.go:306.2,306.98 1 1
github.com/nskaggs/perfuncted/perfuncted.go:311.154,312.43 1 0
github.com/nskaggs/perfuncted/perfuncted.go:312.43,314.3 1 0
github.com/nskaggs/perfuncted/perfuncted.go:315.2,315.78 1 0
github.com/nskaggs/perfuncted/perfuncted.go:320.110,321.43 1 0
github.com/nskaggs/perfuncted/perfuncted.go:321.43,323.3 1 0
github.com/nskaggs/perfuncted/perfuncted.go:324.2,324.65 1 0
github.com/nskaggs/perfuncted/perfuncted.go:334.54,336.16 2 2
github.com/nskaggs/perfuncted/perfuncted.go:336.16,338.3 1 0
github.com/nskaggs/perfuncted/perfuncted.go:339.2,340.30 2 2
github.com/nskaggs/perfuncted/perfuncted.go:340.30,341.65 1 2
github.com/nskaggs/perfuncted/perfuncted.go:341.65,343.4 1 1
github.com/nskaggs/perfuncted/perfuncted.go:345.2,345.66 1 1
github.com/nskaggs/perfuncted/perfuncted.go:351.72,353.16 2 5
github.com/nskaggs/perfuncted/perfuncted.go:353.16,355.3 1 0
github.com/nskaggs/perfuncted/perfuncted.go:356.2,357.30 2 5
github.com/nskaggs/perfuncted/perfuncted.go:357.30,358.58 1 5
github.com/nskaggs/perfuncted/perfuncted.go:358.58,360.4 1 3
github.com/nskaggs/perfuncted/perfuncted.go:362.2,362.81 1 2
github.com/nskaggs/perfuncted/perfuncted.go:367.54,370.2 2 2
github.com/nskaggs/perfuncted/perfuncted.go:375.109,377.6 2 2
github.com/nskaggs/perfuncted/perfuncted.go:377.6,379.17 2 6
github.com/nskaggs/perfuncted/perfuncted.go:379.17,381.4 1 0
github.com/nskaggs/perfuncted/perfuncted.go:382.3,382.28 1 6
github.com/nskaggs/perfuncted/perfuncted.go:382.28,383.59 1 1
github.com/nskaggs/perfuncted/perfuncted.go:383.59,385.5 1 1
github.com/nskaggs/perfuncted/perfuncted.go:387.3,387.10 1 5
github.com/nskaggs/perfuncted/perfuncted.go:388.21,389.88 1 1
github.com/nskaggs/perfuncted/perfuncted.go:390.27,390.27 0 4
github.com/nskaggs/perfuncted/perfuncted.go:397.99,399.6 2 2
github.com/nskaggs/perfuncted/perfuncted.go:399.6,401.17 2 6
github.com/nskaggs/perfuncted/perfuncted.go:401.17,403.4 1 0
github.com/nskaggs/perfuncted/perfuncted.go:404.3,405.28 2 6
github.com/nskaggs/perfuncted/perfuncted.go:405.28,406.59 1 5
github.com/nskaggs/perfuncted/perfuncted.go:406.59,408.10 2 5
github.com/nskaggs/perfuncted/perfuncted.go:411.3,411.13 1 6
github.com/nskaggs/perfuncted/perfuncted.go:411.13,413.4 1 1
github.com/nskaggs/perfuncted/perfuncted.go:414.3,414.10 1 5
github.com/nskaggs/perfuncted/perfuncted.go:415.21,416.72 1 1
github.com/nskaggs/perfuncted/perfuncted.go:417.27,417.27 0 4
github.com/nskaggs/perfuncted/perfuncted.go:424.99,426.16 2 2
github.com/nskaggs/perfuncted/perfuncted.go:426.16,428.3 1 0
github.com/nskaggs/perfuncted/perfuncted.go:429.2,429.6 1 2
github.com/nskaggs/perfuncted/perfuncted.go:429.6,431.17 2 6
github.com/nskaggs/perfuncted/perfuncted.go:431.17,433.4 1 0
github.com/nskaggs/perfuncted/perfuncted.go:434.3,434.23 1 6
github.com/nskaggs/perfuncted/perfuncted.go:434.23,436.4 1 1
github.com/nskaggs/perfuncted/perfuncted.go:437.3,437.10 1 5
github.com/nskaggs/perfuncted/perfuncted.go:438.21,439.88 1 1
github.com/nskaggs/perfuncted/perfuncted.go:440.27,440.27 0 4
github.com/nskaggs/perfuncted/perfuncted.go:450.45,451.23 1 8
github.com/nskaggs/perfuncted/perfuncted.go:451.23,453.3 1 1
github.com/nskaggs/perfuncted/perfuncted.go:454.2,454.12 1 7
github.com/nskaggs/perfuncted/perfuncted.go:459.50,460.43 1 1
github.com/nskaggs/perfuncted/perfuncted.go:460.43,462.3 1 0
github.com/nskaggs/perfuncted/perfuncted.go:463.2,463.46 1 1
github.com/nskaggs/perfuncted/perfuncted.go:463.46,465.3 1 0
github.com/nskaggs/perfuncted/perfuncted.go:466.2,467.30 2 1
github.com/nskaggs/perfuncted/perfuncted.go:471.60,472.43 1 1
github.com/nskaggs/perfuncted/perfuncted.go:472.43,474.3 1 0
github.com/nskaggs/perfuncted/perfuncted.go:475.2,475.44 1 1
github.com/nskaggs/perfuncted/perfuncted.go:475.44,477.3 1 0
github.com/nskaggs/perfuncted/perfuncted.go:478.2,478.39 1 1
github.com/nskaggs/perfuncted/perfuncted.go:478.39,480.3 1 0
github.com/nskaggs/perfuncted/perfuncted.go:481.2,481.44 1 1
github.com/nskaggs/perfuncted/perfuncted.go:481.44,484.3 2 0
github.com/nskaggs/perfuncted/perfuncted.go:485.2,485.21 1 1
github.com/nskaggs/perfuncted/perfuncted.go:489.62,490.43 1 1
github.com/nskaggs/perfuncted/perfuncted.go:490.43,492.3 1 0
github.com/nskaggs/perfuncted/perfuncted.go:493.2,495.32 3 1
github.com/nskaggs/perfuncted/perfuncted.go:501.53,502.43 1 5
github.com/nskaggs/perfuncted/perfuncted.go:502.43,504.3 1 1
github.com/nskaggs/perfuncted/perfuncted.go:505.2,505.17 1 4
github.com/nskaggs/perfuncted/perfuncted.go:505.17,507.3 1 0
github.com/nskaggs/perfuncted/perfuncted.go:508.2,511.30 4 4
github.com/nskaggs/perfuncted/perfuncted.go:511.30,512.38 1 4
github.com/nskaggs/perfuncted/perfuncted.go:512.38,514.4 1 0
github.com/nskaggs/perfuncted/perfuncted.go:516.2,516.40 1 4
github.com/nskaggs/perfuncted/perfuncted.go:516.40,517.31 1 1
github.com/nskaggs/perfuncted/perfuncted.go:517.31,519.4 1 1
github.com/nskaggs/perfuncted/perfuncted.go:520.3,520.13 1 1
github.com/nskaggs/perfuncted/perfuncted.go:522.2,522.46 1 3
github.com/nskaggs/perfuncted/perfuncted.go:522.46,523.48 1 3
github.com/nskaggs/perfuncted/perfuncted.go:523.48,525.4 1 0
github.com/nskaggs/perfuncted/perfuncted.go:527.2,527.12 1 3
github.com/nskaggs/perfuncted/perfuncted.go:537.48,538.24 1 3
github.com/nskaggs/perfuncted/perfuncted.go:538.24,540.3 1 1
github.com/nskaggs/perfuncted/perfuncted.go:541.2,541.26 1 2
github.com/nskaggs/perfuncted/perfuncted.go:552.58,558.17 2 1
github.com/nskaggs/perfuncted/perfuncted.go:558.17,560.17 2 0
github.com/nskaggs/perfuncted/perfuncted.go:560.17,562.4 1 0
github.com/nskaggs/perfuncted/perfuncted.go:563.3,563.30 1 0
github.com/nskaggs/perfuncted/perfuncted.go:563.30,565.4 1 0
github.com/nskaggs/perfuncted/perfuncted.go:566.3,566.31 1 0
github.com/nskaggs/perfuncted/perfuncted.go:566.31,568.4 1 0
github.com/nskaggs/perfuncted/perfuncted.go:569.3,569.35 1 0
github.com/nskaggs/perfuncted/perfuncted.go:569.35,571.4 1 0
github.com/nskaggs/perfuncted/perfuncted.go:573.2,573.17 1 1
github.com/nskaggs/perfuncted/perfuncted.go:576.45,583.22 3 1
github.com/nskaggs/perfuncted/perfuncted.go:583.22,584.35 1 3
github.com/nskaggs/perfuncted/perfuncted.go:584.35,586.4 1 3
github.com/nskaggs/perfuncted/perfuncted.go:588.2,588.29 1 1
github.com/nskaggs/perfuncted/perfuncted.go:588.29,590.3 1 1
github.com/nskaggs/perfuncted/perfuncted.go:591.2,591.30 1 1
github.com/nskaggs/perfuncted/perfuncted.go:591.30,593.3 1 1
github.com/nskaggs/perfuncted/perfuncted.go:594.2,594.34 1 1
github.com/nskaggs/perfuncted/perfuncted.go:594.34,596.3 1 1
github.com/nskaggs/perfuncted/perfuncted.go:597.2,597.16 1 1
github.com/nskaggs/perfuncted/perfuncted.go:597.16,598.26 1 1
github.com/nskaggs/perfuncted/perfuncted.go:598.26,599.18 1 3
github.com/nskaggs/perfuncted/perfuncted.go:599.18,601.13 2 0
github.com/nskaggs/perfuncted/perfuncted.go:603.4,603.23 1 3
github.com/nskaggs/perfuncted/perfuncted.go:615.45,617.16 2 0
github.com/nskaggs/perfuncted/perfuncted.go:617.16,619.3 1 0
github.com/nskaggs/perfuncted/perfuncted.go:620.2,624.29 3 0
github.com/nskaggs/perfuncted/perfuncted.go:624.29,626.3 1 0
github.com/nskaggs/perfuncted/perfuncted.go:627.2,627.30 1 0
github.com/nskaggs/perfuncted/perfuncted.go:627.30,629.3 1 0
github.com/nskaggs/perfuncted/perfuncted.go:630.2,630.34 1 0
github.com/nskaggs/perfuncted/perfuncted.go:630.34,632.3 1 0
github.com/nskaggs/perfuncted/perfuncted.go:634.2,638.16 4 0
github.com/nskaggs/perfuncted/perfuncted.go:638.16,640.3 1 0
github.com/nskaggs/perfuncted/perfuncted.go:640.8,642.3 1 0
github.com/nskaggs/perfuncted/perfuncted.go:644.2,645.15 2 0
github.com/nskaggs/perfuncted/perfuncted.go:645.15,647.3 1 0
github.com/nskaggs/perfuncted/perfuncted.go:648.2,648.15 1 0
github.com/nskaggs/perfuncted/perfuncted.go:648.15,650.3 1 0
github.com/nskaggs/perfuncted/perfuncted.go:651.2,652.16 2 0
github.com/nskaggs/perfuncted/perfuncted.go:652.16,654.3 1 0
github.com/nskaggs/perfuncted/perfuncted.go:654.8,656.3 1 0
github.com/nskaggs/perfuncted/perfuncted.go:658.2,659.16 2 0
github.com/nskaggs/perfuncted/perfuncted.go:659.16,661.3 1 0
github.com/nskaggs/perfuncted/perfuncted.go:661.8,663.3 1 0
github.com/nskaggs/perfuncted/perfuncted.go:665.2,666.16 2 0
github.com/nskaggs/perfuncted/perfuncted.go:666.16,668.3 1 0
github.com/nskaggs/perfuncted/perfuncted.go:668.8,670.3 1 0
github.com/nskaggs/perfuncted/perfuncted.go:672.2,672.92 1 0
github.com/nskaggs/perfuncted/perfuncted.go:672.92,674.3 1 0
github.com/nskaggs/perfuncted/perfuncted.go:675.2,675.16 1 0
github.com/nskaggs/perfuncted/perfuncted.go:679.37,681.36 2 0
github.com/nskaggs/perfuncted/perfuncted.go:681.36,682.43 1 0
github.com/nskaggs/perfuncted/perfuncted.go:682.43,684.4 1 0
github.com/nskaggs/perfuncted/perfuncted.go:686.2,686.30 1 0
github.com/nskaggs/perfuncted/perfuncted.go:686.30,687.42 1 0
github.com/nskaggs/perfuncted/perfuncted.go:687.42,689.4 1 0
github.com/nskaggs/perfuncted/perfuncted.go:691.2,691.30 1 0
github.com/nskaggs/perfuncted/perfuncted.go:691.30,692.43 1 0
github.com/nskaggs/perfuncted/perfuncted.go:692.43,694.4 1 0
github.com/nskaggs/perfuncted/perfuncted.go:696.2,696.35 1 0
github.com/nskaggs/perfuncted/perfuncted.go:696.35,697.46 1 0
github.com/nskaggs/perfuncted/perfuncted.go:697.46,699.4 1 0
github.com/nskaggs/perfuncted/perfuncted.go:701.2,701.29 1 0
github.com/nskaggs/perfuncted/perfuncted.go:707.81,709.6 2 0
github.com/nskaggs/perfuncted/perfuncted.go:709.6,711.21 2 0
github.com/nskaggs/perfuncted/perfuncted.go:711.21,713.4 1 0
github.com/nskaggs/perfuncted/perfuncted.go:714.3,714.10 1 0
github.com/nskaggs/perfuncted/perfuncted.go:715.21,716.54 1 0
github.com/nskaggs/perfuncted/perfuncted.go:717.27,717.27 0 0
github.com/nskaggs/perfuncted/cmd/integration/main.go:41.29,43.15 2 0
github.com/nskaggs/perfuncted/cmd/integration/main.go:43.15,45.3 1 0
github.com/nskaggs/perfuncted/cmd/integration/main.go:46.2,84.24 3 0
github.com/nskaggs/perfuncted/cmd/integration/main.go:84.24,86.32 1 0
github.com/nskaggs/perfuncted/cmd/integration/main.go:86.32,87.52 1 0
github.com/nskaggs/perfuncted/cmd/integration/main.go:87.52,89.10 2 0
github.com/nskaggs/perfuncted/cmd/integration/main.go:93.2,93.14 1 0
github.com/nskaggs/perfuncted/cmd/integration/main.go:96.13,103.16 5 0
github.com/nskaggs/perfuncted/cmd/integration/main.go:103.16,105.3 1 0
github.com/nskaggs/perfuncted/cmd/integration/main.go:106.2,120.16 10 0
github.com/nskaggs/perfuncted/cmd/integration/main.go:120.16,126.17 5 0
github.com/nskaggs/perfuncted/cmd/integration/main.go:126.17,128.4 1 0
github.com/nskaggs/perfuncted/cmd/integration/main.go:130.3,132.17 3 0
github.com/nskaggs/perfuncted/cmd/integration/main.go:132.17,134.4 1 0
github.com/nskaggs/perfuncted/cmd/integration/main.go:136.3,138.17 3 0
github.com/nskaggs/perfuncted/cmd/integration/main.go:138.17,139.22 1 0
github.com/nskaggs/perfuncted/cmd/integration/main.go:139.22,141.5 1 0
github.com/nskaggs/perfuncted/cmd/integration/main.go:141.10,143.5 1 0
github.com/nskaggs/perfuncted/cmd/integration/main.go:146.3,147.17 2 0
github.com/nskaggs/perfuncted/cmd/integration/main.go:147.17,149.17 2 0
github.com/nskaggs/perfuncted/cmd/integration/main.go:149.17,151.5 1 0
github.com/nskaggs/perfuncted/cmd/integration/main.go:152.4,154.42 3 0
github.com/nskaggs/perfuncted/cmd/integration/main.go:161.2,163.37 2 0
github.com/nskaggs/perfuncted/cmd/integration/main.go:163.37,165.19 2 0
github.com/nskaggs/perfuncted/cmd/integration/main.go:165.19,167.4 1 0
github.com/nskaggs/perfuncted/cmd/integration/main.go:168.3,168.97 1 0
github.com/nskaggs/perfuncted/cmd/integration/main.go:170.2,170.36 1 0
github.com/nskaggs/perfuncted/cmd/integration/main.go:170.36,172.19 2 0
github.com/nskaggs/perfuncted/cmd/integration/main.go:172.19,174.4 1 0
github.com/nskaggs/perfuncted/cmd/integration/main.go:175.3,175.97 1 0
github.com/nskaggs/perfuncted/cmd/integration/main.go:177.2,177.37 1 0
github.com/nskaggs/perfuncted/cmd/integration/main.go:177.37,179.19 2 0
github.com/nskaggs/perfuncted/cmd/integration/main.go:179.19,181.4 1 0
github.com/nskaggs/perfuncted/cmd/integration/main.go:182.3,182.97 1 0
github.com/nskaggs/perfuncted/cmd/integration/main.go:184.2,188.22 3 0
github.com/nskaggs/perfuncted/cmd/integration/main.go:188.22,190.26 2 0
github.com/nskaggs/perfuncted/cmd/integration/main.go:190.26,191.28 1 0
github.com/nskaggs/perfuncted/cmd/integration/main.go:191.28,193.5 1 0
github.com/nskaggs/perfuncted/cmd/integration/main.go:195.3,195.25 1 0
github.com/nskaggs/perfuncted/cmd/integration/main.go:195.25,197.4 1 0
github.com/nskaggs/perfuncted/cmd/integration/main.go:198.3,198.18 1 0
github.com/nskaggs/perfuncted/cmd/integration/main.go:199.8,199.27 1 0
github.com/nskaggs/perfuncted/cmd/integration/main.go:199.27,201.3 1 0
github.com/nskaggs/perfuncted/cmd/integration/main.go:202.2,202.27 1 0
github.com/nskaggs/perfuncted/cmd/integration/main.go:202.27,203.20 1 0
github.com/nskaggs/perfuncted/cmd/integration/main.go:203.20,205.4 1 0
github.com/nskaggs/perfuncted/cmd/integration/main.go:205.9,207.4 1 0
github.com/nskaggs/perfuncted/cmd/integration/main.go:210.2,210.13 1 0
github.com/nskaggs/perfuncted/cmd/integration/main.go:214.66,219.15 5 0
github.com/nskaggs/perfuncted/cmd/integration/main.go:219.15,221.3 1 0
github.com/nskaggs/perfuncted/cmd/integration/main.go:223.2,229.68 3 0
github.com/nskaggs/perfuncted/cmd/integration/main.go:229.68,232.3 2 0
github.com/nskaggs/perfuncted/cmd/integration/main.go:234.2,236.27 3 0
github.com/nskaggs/perfuncted/cmd/integration/main.go:236.27,238.3 1 0
github.com/nskaggs/perfuncted/cmd/integration/main.go:239.2,239.37 1 0
github.com/nskaggs/perfuncted/cmd/integration/main.go:239.37,242.3 2 0
github.com/nskaggs/perfuncted/cmd/integration/main.go:243.2,249.16 6 0
github.com/nskaggs/perfuncted/cmd/integration/main.go:249.16,251.3 1 0
github.com/nskaggs/perfuncted/cmd/integration/main.go:252.2,254.48 2 0
github.com/nskaggs/perfuncted/cmd/integration/main.go:254.48,256.3 1 0
github.com/nskaggs/perfuncted/cmd/integration/main.go:256.8,258.3 1 0
github.com/nskaggs/perfuncted/cmd/integration/main.go:259.2,263.16 4 0
github.com/nskaggs/perfuncted/cmd/integration/main.go:263.16,264.79 1 0
github.com/nskaggs/perfuncted/cmd/integration/main.go:264.79,266.4 1 0
github.com/nskaggs/perfuncted/cmd/integration/main.go:266.9,268.4 1 0
github.com/nskaggs/perfuncted/cmd/integration/main.go:272.2,288.16 13 0
github.com/nskaggs/perfuncted/cmd/integration/main.go:288.16,289.30 1 0
github.com/nskaggs/perfuncted/cmd/integration/main.go:289.30,291.4 1 0
github.com/nskaggs/perfuncted/cmd/integration/main.go:291.9,293.4 1 0
github.com/nskaggs/perfuncted/cmd/integration/main.go:296.2,302.16 6 0
github.com/nskaggs/perfuncted/cmd/integration/main.go:302.16,303.35 1 0
github.com/nskaggs/perfuncted/cmd/integration/main.go:303.35,305.4 1 0
github.com/nskaggs/perfuncted/cmd/integration/main.go:305.9,307.4 1 0
github.com/nskaggs/perfuncted/cmd/integration/main.go:308.3,310.37 3 0
github.com/nskaggs/perfuncted/cmd/integration/main.go:313.2,323.18 9 0
github.com/nskaggs/perfuncted/cmd/integration/main.go:323.18,325.3 1 0
github.com/nskaggs/perfuncted/cmd/integration/main.go:325.8,327.3 1 0
[...]
github.com/nskaggs/perfuncted/window/sway.go:75.16,77.3 1 0
github.com/nskaggs/perfuncted/window/sway.go:78.2,79.51 2 0
github.com/nskaggs/perfuncted/window/sway.go:79.51,81.3 1 0
github.com/nskaggs/perfuncted/window/sway.go:82.2,84.17 3 0
github.com/nskaggs/perfuncted/window/sway.go:88.46,90.77 2 0
github.com/nskaggs/perfuncted/window/sway.go:90.77,99.3 1 0
github.com/nskaggs/perfuncted/window/sway.go:100.2,100.25 1 0
github.com/nskaggs/perfuncted/window/sway.go:100.25,102.3 1 0
github.com/nskaggs/perfuncted/window/sway.go:103.2,103.33 1 0
github.com/nskaggs/perfuncted/window/sway.go:103.33,105.3 1 0
github.com/nskaggs/perfuncted/window/sway.go:109.53,111.16 2 0
github.com/nskaggs/perfuncted/window/sway.go:111.16,113.3 1 0
github.com/nskaggs/perfuncted/window/sway.go:114.2,115.51 2 0
github.com/nskaggs/perfuncted/window/sway.go:115.51,117.3 1 0
github.com/nskaggs/perfuncted/window/sway.go:118.2,119.17 2 0
github.com/nskaggs/perfuncted/window/sway.go:119.17,121.3 1 0
github.com/nskaggs/perfuncted/window/sway.go:122.2,122.19 1 0
github.com/nskaggs/perfuncted/window/sway.go:125.38,126.64 1 0
github.com/nskaggs/perfuncted/window/sway.go:126.64,128.3 1 0
github.com/nskaggs/perfuncted/window/sway.go:129.2,129.25 1 0
github.com/nskaggs/perfuncted/window/sway.go:129.25,130.45 1 0
github.com/nskaggs/perfuncted/window/sway.go:130.45,132.4 1 0
github.com/nskaggs/perfuncted/window/sway.go:134.2,134.33 1 0
github.com/nskaggs/perfuncted/window/sway.go:134.33,135.53 1 0
github.com/nskaggs/perfuncted/window/sway.go:135.53,137.4 1 0
github.com/nskaggs/perfuncted/window/sway.go:139.2,139.11 1 0
github.com/nskaggs/perfuncted/window/sway.go:143.63,145.16 2 0
github.com/nskaggs/perfuncted/window/sway.go:145.16,147.3 1 0
github.com/nskaggs/perfuncted/window/sway.go:148.2,149.28 2 0
github.com/nskaggs/perfuncted/window/sway.go:149.28,150.53 1 0
github.com/nskaggs/perfuncted/window/sway.go:150.53,152.4 1 0
github.com/nskaggs/perfuncted/window/sway.go:154.2,154.73 1 0
github.com/nskaggs/perfuncted/window/sway.go:158.49,160.16 2 0
github.com/nskaggs/perfuncted/window/sway.go:160.16,162.3 1 0
github.com/nskaggs/perfuncted/window/sway.go:163.2,167.98 2 0
github.com/nskaggs/perfuncted/window/sway.go:167.98,169.3 1 0
github.com/nskaggs/perfuncted/window/sway.go:170.2,170.12 1 0
github.com/nskaggs/perfuncted/window/sway.go:174.53,176.16 2 0
github.com/nskaggs/perfuncted/window/sway.go:176.16,178.3 1 0
github.com/nskaggs/perfuncted/window/sway.go:179.2,179.65 1 0
github.com/nskaggs/perfuncted/window/sway.go:184.59,186.16 2 0
github.com/nskaggs/perfuncted/window/sway.go:186.16,188.3 1 0
github.com/nskaggs/perfuncted/window/sway.go:189.2,189.91 1 0
github.com/nskaggs/perfuncted/window/sway.go:189.91,191.3 1 0
github.com/nskaggs/perfuncted/window/sway.go:194.2,195.34 2 0
github.com/nskaggs/perfuncted/window/sway.go:195.34,197.28 2 0
github.com/nskaggs/perfuncted/window/sway.go:197.28,198.56 1 0
github.com/nskaggs/perfuncted/window/sway.go:198.56,199.15 1 0
github.com/nskaggs/perfuncted/window/sway.go:202.3,202.36 1 0
github.com/nskaggs/perfuncted/window/sway.go:205.2,205.85 1 0
github.com/nskaggs/perfuncted/window/sway.go:209.70,211.16 2 0
github.com/nskaggs/perfuncted/window/sway.go:211.16,213.3 1 0
github.com/nskaggs/perfuncted/window/sway.go:214.2,215.23 2 0
github.com/nskaggs/perfuncted/window/sway.go:219.37,219.51 1 0
github.com/nskaggs/perfuncted/window/sway.go:222.56,224.16 2 0
github.com/nskaggs/perfuncted/window/sway.go:224.16,226.3 1 0
github.com/nskaggs/perfuncted/window/sway.go:227.2,227.64 1 0
github.com/nskaggs/perfuncted/window/sway.go:231.53,233.16 2 0
github.com/nskaggs/perfuncted/window/sway.go:233.16,235.3 1 0
github.com/nskaggs/perfuncted/window/sway.go:236.2,236.75 1 0
github.com/nskaggs/perfuncted/window/sway.go:240.53,242.16 2 0
github.com/nskaggs/perfuncted/window/sway.go:242.16,244.3 1 0
github.com/nskaggs/perfuncted/window/sway.go:245.2,245.77 1 0
github.com/nskaggs/perfuncted/window/sway.go:252.77,254.16 2 0
github.com/nskaggs/perfuncted/window/sway.go:254.16,256.3 1 0
github.com/nskaggs/perfuncted/window/sway.go:257.2,267.43 9 0
github.com/nskaggs/perfuncted/window/sway.go:267.43,269.3 1 0
github.com/nskaggs/perfuncted/window/sway.go:272.2,273.50 2 0
github.com/nskaggs/perfuncted/window/sway.go:273.50,275.3 1 0
github.com/nskaggs/perfuncted/window/sway.go:276.2,276.46 1 0
github.com/nskaggs/perfuncted/window/sway.go:276.46,278.3 1 0
github.com/nskaggs/perfuncted/window/sway.go:279.2,281.51 3 0
github.com/nskaggs/perfuncted/window/sway.go:281.51,283.3 1 0
github.com/nskaggs/perfuncted/window/sway.go:284.2,284.18 1 0
github.com/nskaggs/perfuncted/window/wayland.go:27.63,29.16 2 0
github.com/nskaggs/perfuncted/window/wayland.go:29.16,31.3 1 0
github.com/nskaggs/perfuncted/window/wayland.go:32.2,33.16 2 0
github.com/nskaggs/perfuncted/window/wayland.go:33.16,35.3 1 0
github.com/nskaggs/perfuncted/window/wayland.go:36.2,38.16 3 0
github.com/nskaggs/perfuncted/window/wayland.go:38.16,41.3 2 0
github.com/nskaggs/perfuncted/window/wayland.go:42.2,43.52 2 0
github.com/nskaggs/perfuncted/window/wayland.go:43.52,44.23 1 0
github.com/nskaggs/perfuncted/window/wayland.go:45.39,46.24 1 0
github.com/nskaggs/perfuncted/window/wayland.go:47.43,48.24 1 0
github.com/nskaggs/perfuncted/window/wayland.go:51.2,51.44 1 0
github.com/nskaggs/perfuncted/window/wayland.go:51.44,54.3 2 0
github.com/nskaggs/perfuncted/window/wayland.go:55.2,55.40 1 0
github.com/nskaggs/perfuncted/window/wayland.go:55.40,58.3 2 0
github.com/nskaggs/perfuncted/window/wayland.go:59.2,59.43 1 0
github.com/nskaggs/perfuncted/window/wayland.go:59.43,62.3 2 0
github.com/nskaggs/perfuncted/window/wayland.go:63.2,63.15 1 0
github.com/nskaggs/perfuncted/window/wayland.go:66.55,72.18 5 0
github.com/nskaggs/perfuncted/window/wayland.go:72.18,74.3 1 0
github.com/nskaggs/perfuncted/window/wayland.go:75.2,75.76 1 0
github.com/nskaggs/perfuncted/window/wayland.go:75.76,77.3 1 0
github.com/nskaggs/perfuncted/window/wayland.go:79.2,79.61 1 0
github.com/nskaggs/perfuncted/window/wayland.go:79.61,80.35 1 0
github.com/nskaggs/perfuncted/window/wayland.go:80.35,82.4 1 0
github.com/nskaggs/perfuncted/window/wayland.go:83.3,88.53 6 0
github.com/nskaggs/perfuncted/window/wayland.go:88.53,89.43 1 0
github.com/nskaggs/perfuncted/window/wayland.go:89.43,91.30 2 0
github.com/nskaggs/perfuncted/window/wayland.go:91.30,93.6 1 0
github.com/nskaggs/perfuncted/window/wayland.go:97.2,97.30 1 0
github.com/nskaggs/perfuncted/window/wayland.go:103.55,104.46 1 0
github.com/nskaggs/perfuncted/window/wayland.go:104.46,106.3 1 0
github.com/nskaggs/perfuncted/window/wayland.go:107.2,108.32 2 0
github.com/nskaggs/perfuncted/window/wayland.go:108.32,110.3 1 0
github.com/nskaggs/perfuncted/window/wayland.go:111.2,111.17 1 0
github.com/nskaggs/perfuncted/window/wayland.go:116.62,118.2 1 0
github.com/nskaggs/perfuncted/window/wayland.go:123.57,125.2 1 0
github.com/nskaggs/perfuncted/window/wayland.go:128.63,128.89 1 0
github.com/nskaggs/perfuncted/window/wayland.go:131.65,131.91 1 0
github.com/nskaggs/perfuncted/window/wayland.go:134.60,134.86 1 0
github.com/nskaggs/perfuncted/window/wayland.go:137.57,137.83 1 0
github.com/nskaggs/perfuncted/window/wayland.go:140.57,140.83 1 0
github.com/nskaggs/perfuncted/window/wayland.go:142.46,142.84 1 0
github.com/nskaggs/perfuncted/window/window.go:54.30,55.29 1 0
github.com/nskaggs/perfuncted/window/window.go:56.22,58.17 2 0
github.com/nskaggs/perfuncted/window/window.go:58.17,60.4 1 0
github.com/nskaggs/perfuncted/window/window.go:61.3,61.16 1 0
github.com/nskaggs/perfuncted/window/window.go:63.26,64.45 1 0
github.com/nskaggs/perfuncted/window/window.go:64.45,66.4 1 0
github.com/nskaggs/perfuncted/window/window.go:67.3,68.17 2 0
github.com/nskaggs/perfuncted/window/window.go:68.17,70.4 1 0
github.com/nskaggs/perfuncted/window/window.go:71.3,71.16 1 0
github.com/nskaggs/perfuncted/window/window.go:73.24,75.17 2 0
github.com/nskaggs/perfuncted/window/window.go:75.17,77.4 1 0
github.com/nskaggs/perfuncted/window/window.go:78.3,78.16 1 0
github.com/nskaggs/perfuncted/window/window.go:80.26,81.54 1 0
github.com/nskaggs/perfuncted/window/window.go:81.54,83.4 1 0
github.com/nskaggs/perfuncted/window/window.go:84.3,84.67 1 0
github.com/nskaggs/perfuncted/window/window.go:86.10,88.14 2 0
github.com/nskaggs/perfuncted/window/window.go:88.14,90.4 1 0
github.com/nskaggs/perfuncted/window/window.go:91.3,91.26 1 0
github.com/nskaggs/perfuncted/window/window.go:96.29,104.2 3 0
github.com/nskaggs/perfuncted/window/window.go:106.60,108.28 2 0
github.com/nskaggs/perfuncted/window/window.go:108.28,111.3 2 0
github.com/nskaggs/perfuncted/window/window.go:112.2,113.16 2 0
github.com/nskaggs/perfuncted/window/window.go:113.16,116.3 2 0
github.com/nskaggs/perfuncted/window/window.go:117.2,120.100 4 0
github.com/nskaggs/perfuncted/window/window.go:120.100,123.3 2 0
github.com/nskaggs/perfuncted/window/window.go:124.2,124.55 1 0
github.com/nskaggs/perfuncted/window/window.go:124.55,127.3 2 0
github.com/nskaggs/perfuncted/window/window.go:127.8,129.3 1 0
github.com/nskaggs/perfuncted/window/window.go:130.2,130.10 1 0
github.com/nskaggs/perfuncted/window/window.go:133.65,135.20 2 0
github.com/nskaggs/perfuncted/window/window.go:135.20,138.3 2 0
github.com/nskaggs/perfuncted/window/window.go:139.2,139.49 1 0
github.com/nskaggs/perfuncted/window/window.go:139.49,143.3 3 0
github.com/nskaggs/perfuncted/window/window.go:144.2,144.45 1 0
github.com/nskaggs/perfuncted/window/window.go:144.45,148.3 3 0
github.com/nskaggs/perfuncted/window/window.go:149.2,150.10 2 0
github.com/nskaggs/perfuncted/window/x11.go:24.61,26.16 2 0
github.com/nskaggs/perfuncted/window/x11.go:26.16,28.3 1 0
github.com/nskaggs/perfuncted/window/x11.go:29.2,39.31 4 0
github.com/nskaggs/perfuncted/window/x11.go:39.31,41.17 2 0
github.com/nskaggs/perfuncted/window/x11.go:41.17,44.4 2 0
github.com/nskaggs/perfuncted/window/x11.go:45.3,45.20 1 0
github.com/nskaggs/perfuncted/window/x11.go:47.2,47.15 1 0
github.com/nskaggs/perfuncted/window/x11.go:51.60,55.38 2 0
github.com/nskaggs/perfuncted/window/x11.go:55.38,57.3 1 0
github.com/nskaggs/perfuncted/window/x11.go:59.2,61.38 2 0
github.com/nskaggs/perfuncted/window/x11.go:61.38,63.3 1 0
github.com/nskaggs/perfuncted/window/x11.go:64.2,64.11 1 0
github.com/nskaggs/perfuncted/window/x11.go:68.57,71.38 2 0
github.com/nskaggs/perfuncted/window/x11.go:71.38,73.3 1 0
github.com/nskaggs/perfuncted/window/x11.go:74.2,75.55 1 0
github.com/nskaggs/perfuncted/window/x11.go:79.45,82.16 2 0
github.com/nskaggs/perfuncted/window/x11.go:82.16,84.3 1 0
github.com/nskaggs/perfuncted/window/x11.go:85.2,85.22 1 0
github.com/nskaggs/perfuncted/window/x11.go:85.22,87.3 1 0
github.com/nskaggs/perfuncted/window/x11.go:88.2,89.21 2 0
github.com/nskaggs/perfuncted/window/x11.go:89.21,93.3 1 0
github.com/nskaggs/perfuncted/window/x11.go:94.2,95.25 2 0
github.com/nskaggs/perfuncted/window/x11.go:95.25,101.3 1 0
github.com/nskaggs/perfuncted/window/x11.go:102.2,102.19 1 0
github.com/nskaggs/perfuncted/window/x11.go:106.71,108.16 2 0
github.com/nskaggs/perfuncted/window/x11.go:108.16,110.3 1 0
github.com/nskaggs/perfuncted/window/x11.go:111.2,112.29 2 0
github.com/nskaggs/perfuncted/window/x11.go:112.29,113.59 1 0
github.com/nskaggs/perfuncted/window/x11.go:113.59,115.4 1 0
github.com/nskaggs/perfuncted/window/x11.go:117.2,117.64 1 0
github.com/nskaggs/perfuncted/window/x11.go:121.51,123.16 2 0
github.com/nskaggs/perfuncted/window/x11.go:123.16,125.3 1 0
github.com/nskaggs/perfuncted/window/x11.go:126.2,134.22 2 0
github.com/nskaggs/perfuncted/window/x11.go:138.57,140.16 2 0
github.com/nskaggs/perfuncted/window/x11.go:140.16,142.3 1 0
github.com/nskaggs/perfuncted/window/x11.go:143.2,145.42 1 0
github.com/nskaggs/perfuncted/window/x11.go:149.59,151.16 2 0
github.com/nskaggs/perfuncted/window/x11.go:151.16,153.3 1 0
github.com/nskaggs/perfuncted/window/x11.go:154.2,156.42 1 0
github.com/nskaggs/perfuncted/window/x11.go:160.52,163.16 2 0
github.com/nskaggs/perfuncted/window/x11.go:163.16,165.3 1 0
github.com/nskaggs/perfuncted/window/x11.go:166.2,166.24 1 0
github.com/nskaggs/perfuncted/window/x11.go:166.24,168.3 1 0
github.com/nskaggs/perfuncted/window/x11.go:169.2,171.31 2 0
github.com/nskaggs/perfuncted/window/x11.go:175.36,178.2 2 0
github.com/nskaggs/perfuncted/window/x11.go:181.54,183.16 2 0
github.com/nskaggs/perfuncted/window/x11.go:183.16,185.3 1 0
github.com/nskaggs/perfuncted/window/x11.go:187.2,188.16 2 0
github.com/nskaggs/perfuncted/window/x11.go:188.16,190.3 1 0
github.com/nskaggs/perfuncted/window/x11.go:191.2,192.16 2 0
github.com/nskaggs/perfuncted/window/x11.go:192.16,194.3 1 0
github.com/nskaggs/perfuncted/window/x11.go:195.2,202.22 2 0
github.com/nskaggs/perfuncted/window/x11.go:206.51,208.16 2 0
github.com/nskaggs/perfuncted/window/x11.go:208.16,210.3 1 0
github.com/nskaggs/perfuncted/window/x11.go:212.2,213.16 2 0
github.com/nskaggs/perfuncted/window/x11.go:213.16,215.3 1 0
github.com/nskaggs/perfuncted/window/x11.go:216.2,224.22 2 0
github.com/nskaggs/perfuncted/window/x11.go:228.51,230.16 2 0
github.com/nskaggs/perfuncted/window/x11.go:230.16,232.3 1 0
github.com/nskaggs/perfuncted/window/x11.go:233.2,234.16 2 0
github.com/nskaggs/perfuncted/window/x11.go:234.16,236.3 1 0
github.com/nskaggs/perfuncted/window/x11.go:237.2,238.16 2 0
github.com/nskaggs/perfuncted/window/x11.go:238.16,240.3 1 0
github.com/nskaggs/perfuncted/window/x11.go:241.2,242.16 2 0
github.com/nskaggs/perfuncted/window/x11.go:242.16,244.3 1 0
github.com/nskaggs/perfuncted/window/x11.go:245.2,253.22 2 0
github.com/nskaggs/perfuncted/session/session.go:78.55,79.28 1 4
github.com/nskaggs/perfuncted/session/session.go:79.28,81.3 1 3
github.com/nskaggs/perfuncted/session/session.go:83.2,84.18 2 1
github.com/nskaggs/perfuncted/session/session.go:84.18,87.3 2 0
github.com/nskaggs/perfuncted/session/session.go:88.2,88.40 1 1
github.com/nskaggs/perfuncted/session/session.go:88.40,90.3 1 1
github.com/nskaggs/perfuncted/session/session.go:92.2,93.40 2 0
github.com/nskaggs/perfuncted/session/session.go:99.42,100.39 1 0
github.com/nskaggs/perfuncted/session/session.go:100.39,102.3 1 0
github.com/nskaggs/perfuncted/session/session.go:103.2,103.22 1 0
github.com/nskaggs/perfuncted/session/session.go:103.22,105.3 1 0
github.com/nskaggs/perfuncted/session/session.go:106.2,106.54 1 0
github.com/nskaggs/perfuncted/session/session.go:106.54,108.3 1 0
github.com/nskaggs/perfuncted/session/session.go:110.2,111.16 2 0
github.com/nskaggs/perfuncted/session/session.go:111.16,113.3 1 0
github.com/nskaggs/perfuncted/session/session.go:114.2,114.47 1 0
github.com/nskaggs/perfuncted/session/session.go:114.47,117.3 2 0
github.com/nskaggs/perfuncted/session/session.go:119.2,127.39 2 0
github.com/nskaggs/perfuncted/session/session.go:127.39,130.3 2 0
github.com/nskaggs/perfuncted/session/session.go:133.2,134.20 2 0
github.com/nskaggs/perfuncted/session/session.go:134.20,136.17 2 0
github.com/nskaggs/perfuncted/session/session.go:136.17,139.4 2 0
github.com/nskaggs/perfuncted/session/session.go:143.2,143.47 1 0
github.com/nskaggs/perfuncted/session/session.go:143.47,146.3 2 0
github.com/nskaggs/perfuncted/session/session.go:149.2,151.15 2 0
github.com/nskaggs/perfuncted/session/session.go:156.87,161.2 4 0
github.com/nskaggs/perfuncted/session/session.go:165.74,167.16 2 0
github.com/nskaggs/perfuncted/session/session.go:167.16,169.3 1 0
github.com/nskaggs/perfuncted/session/session.go:170.2,173.36 4 0
github.com/nskaggs/perfuncted/session/session.go:173.36,175.3 1 0
github.com/nskaggs/perfuncted/session/session.go:176.2,176.17 1 0
github.com/nskaggs/perfuncted/session/session.go:181.34,183.2 1 0
github.com/nskaggs/perfuncted/session/session.go:186.42,186.61 1 0
github.com/nskaggs/perfuncted/session/session.go:189.43,189.65 1 0
github.com/nskaggs/perfuncted/session/session.go:192.40,192.61 1 0
github.com/nskaggs/perfuncted/session/session.go:200.63,201.16 1 1
github.com/nskaggs/perfuncted/session/session.go:201.16,203.3 1 0
github.com/nskaggs/perfuncted/session/session.go:204.2,207.12 4 1
github.com/nskaggs/perfuncted/session/session.go:207.12,209.10 2 1
github.com/nskaggs/perfuncted/session/session.go:210.21,211.12 1 1
github.com/nskaggs/perfuncted/session/session.go:212.15,213.12 1 0
github.com/nskaggs/perfuncted/session/session.go:214.17,214.17 0 0
github.com/nskaggs/perfuncted/session/session.go:217.2,218.16 2 1
github.com/nskaggs/perfuncted/session/session.go:218.16,219.18 1 1
github.com/nskaggs/perfuncted/session/session.go:219.18,221.4 1 1
github.com/nskaggs/perfuncted/session/session.go:227.26,229.15 2 1
github.com/nskaggs/perfuncted/session/session.go:229.15,232.3 2 0
github.com/nskaggs/perfuncted/session/session.go:233.2,239.20 6 1
github.com/nskaggs/perfuncted/session/session.go:239.20,241.3 1 1
github.com/nskaggs/perfuncted/session/session.go:245.36,249.2 3 2
github.com/nskaggs/perfuncted/session/session.go:253.71,255.2 1 2
github.com/nskaggs/perfuncted/session/session.go:257.38,263.36 4 0
github.com/nskaggs/perfuncted/session/session.go:263.36,265.3 1 0
github.com/nskaggs/perfuncted/session/session.go:266.2,271.72 4 0
github.com/nskaggs/perfuncted/session/session.go:271.72,273.3 1 0
github.com/nskaggs/perfuncted/session/session.go:274.2,274.12 1 0
github.com/nskaggs/perfuncted/session/session.go:277.53,280.16 3 0
github.com/nskaggs/perfuncted/session/session.go:280.16,282.3 1 0
github.com/nskaggs/perfuncted/session/session.go:284.2,295.36 6 0
github.com/nskaggs/perfuncted/session/session.go:295.36,298.3 2 0
github.com/nskaggs/perfuncted/session/session.go:299.2,305.75 5 0
github.com/nskaggs/perfuncted/session/session.go:305.75,307.3 1 0
github.com/nskaggs/perfuncted/session/session.go:311.2,311.107 1 0
github.com/nskaggs/perfuncted/session/session.go:311.107,313.3 1 0
github.com/nskaggs/perfuncted/session/session.go:314.2,314.12 1 0
github.com/nskaggs/perfuncted/session/session.go:317.35,325.36 4 0
github.com/nskaggs/perfuncted/session/session.go:325.36,328.3 2 0
github.com/nskaggs/perfuncted/session/session.go:331.89,333.2 1 4
github.com/nskaggs/perfuncted/session/session.go:335.58,337.6 2 1
github.com/nskaggs/perfuncted/session/session.go:337.6,340.10 3 2
github.com/nskaggs/perfuncted/session/session.go:341.36,342.15 1 1
github.com/nskaggs/perfuncted/session/session.go:343.30,344.15 1 0
github.com/nskaggs/perfuncted/session/session.go:345.29,346.12 1 0
github.com/nskaggs/perfuncted/session/session.go:348.3,348.33 1 1
github.com/nskaggs/perfuncted/session/session.go:348.33,350.4 1 0
github.com/nskaggs/perfuncted/session/session.go:351.3,351.36 1 1
github.com/nskaggs/perfuncted/session/session.go:357.75,358.32 1 0
github.com/nskaggs/perfuncted/session/session.go:358.32,359.42 1 0
github.com/nskaggs/perfuncted/session/session.go:359.42,361.4 1 0
github.com/nskaggs/perfuncted/session/session.go:362.3,362.22 1 0
github.com/nskaggs/perfuncted/session/session.go:362.22,363.9 1 0
github.com/nskaggs/perfuncted/session/session.go:365.3,365.23 1 0
github.com/nskaggs/perfuncted/session/session.go:367.2,367.90 1 0
github.com/nskaggs/perfuncted/session/session.go:372.78,373.32 1 0
github.com/nskaggs/perfuncted/session/session.go:373.32,374.77 1 0
github.com/nskaggs/perfuncted/session/session.go:374.77,376.4 1 0
github.com/nskaggs/perfuncted/session/session.go:377.3,377.22 1 0
github.com/nskaggs/perfuncted/session/session.go:377.22,378.9 1 0
github.com/nskaggs/perfuncted/session/session.go:380.3,380.23 1 0
github.com/nskaggs/perfuncted/session/session.go:382.2,382.100 1 0
github.com/nskaggs/perfuncted/session/session.go:387.72,389.16 2 0
github.com/nskaggs/perfuncted/session/session.go:389.16,391.3 1 0
github.com/nskaggs/perfuncted/session/session.go:394.2,395.28 2 0
github.com/nskaggs/perfuncted/session/session.go:395.28,398.3 2 0
github.com/nskaggs/perfuncted/session/session.go:400.2,401.67 2 0
github.com/nskaggs/perfuncted/session/session.go:401.67,403.3 1 0
github.com/nskaggs/perfuncted/session/session.go:404.2,404.22 1 0
